2020-May-29 01:27:36,546 [main] com.ajio.keyword.Keyword 
  INFO  chrome is opened!! 
2020-May-29 01:27:40,700 [main] com.ajio.keyword.Keyword 
  INFO  Maximized Browser Window!!
2020-May-29 01:27:46,550 [main] com.ajio.keyword.Keyword 
  INFO  https://www.ajio.com is launched!!
2020-May-29 01:27:49,420 [main] com.ajio.keyword.Keyword 
  INFO  Deleted All Cookies!!
2020-May-29 01:27:49,432 [main] com.ajio.keyword.Keyword 
  INFO  20SECONDS Page load timeout  is applied!!
2020-May-29 01:27:49,444 [main] com.ajio.keyword.Keyword 
  INFO  20SECONDS Implicit Wait is applied!!
2020-May-29 01:27:49,462 [main] com.ajio.keyword.Keyword 
  INFO  Splitting locatorName: signIn/JoinAjio
2020-May-29 01:27:49,470 [main] com.ajio.keyword.Keyword 
  INFO  Locator Type: xpath
2020-May-29 01:27:49,470 [main] com.ajio.keyword.Keyword 
  INFO  Locator Value: //span[@class="login-form login-modal"]
2020-May-29 01:27:49,814 [main] com.ajio.keyword.Keyword 
  INFO  Clicked on signIn/JoinAjio
2020-May-29 01:27:49,818 [main] com.ajio.keyword.Keyword 
  INFO  Splitting locatorName: facebookSignIn
2020-May-29 01:27:49,818 [main] com.ajio.keyword.Keyword 
  INFO  Locator Type: xpath
2020-May-29 01:27:49,818 [main] com.ajio.keyword.Keyword 
  INFO  Locator Value: //div[@class="fb-login"]
2020-May-29 01:27:49,966 [main] com.ajio.keyword.Keyword 
  INFO  Clicked on facebookSignIn
2020-May-29 01:27:49,998 [main] com.ajio.keyword.Keyword 
  INFO  5SECONDS Explicit wait is applied!!
