2020-May-29 00:25:03,629 [main] com.ajio.keyword.Keyword 
  INFO  chrome is opened!! 
2020-May-29 00:25:07,896 [main] com.ajio.keyword.Keyword 
  INFO  Maximized Browser Window!!
2020-May-29 00:25:17,958 [main] com.ajio.keyword.Keyword 
  INFO  https://www.ajio.com is launched!!
2020-May-29 00:25:20,571 [main] com.ajio.keyword.Keyword 
  INFO  Deleted All Cookies!!
2020-May-29 00:25:20,587 [main] com.ajio.keyword.Keyword 
  INFO  20SECONDS Page load timeout  is applied!!
2020-May-29 00:25:20,599 [main] com.ajio.keyword.Keyword 
  INFO  20SECONDS Implicit Wait is applied!!
2020-May-29 00:25:20,621 [main] com.ajio.keyword.Keyword 
  INFO  Splitting locatorName: signIn/JoinAjio
2020-May-29 00:25:20,813 [main] com.ajio.keyword.Keyword 
  INFO  Locator Type: xpath
2020-May-29 00:25:20,813 [main] com.ajio.keyword.Keyword 
  INFO  Locator Value: //span[@class="login-form login-modal"]
2020-May-29 00:25:21,013 [main] com.ajio.keyword.Keyword 
  INFO  Clicked on signIn/JoinAjio
2020-May-29 00:25:21,013 [main] com.ajio.keyword.Keyword 
  INFO  Splitting locatorName: continue
2020-May-29 00:25:21,017 [main] com.ajio.keyword.Keyword 
  INFO  Locator Type: xpath
2020-May-29 00:25:21,017 [main] com.ajio.keyword.Keyword 
  INFO  Locator Value: //input[@value="Continue"]
2020-May-29 00:25:21,189 [main] com.ajio.keyword.Keyword 
  INFO  Clicked on continue
2020-May-29 00:25:21,189 [main] com.ajio.keyword.Keyword 
  INFO  Splitting locatorName: emailErrorMsg
2020-May-29 00:25:21,189 [main] com.ajio.keyword.Keyword 
  INFO  Locator Type: xpath
2020-May-29 00:25:21,189 [main] com.ajio.keyword.Keyword 
  INFO  Locator Value: //div[@id="error-msg"]
2020-May-29 00:25:21,241 [main] com.ajio.keyword.Keyword 
  INFO  Please enter valid Mobile Number / Email. returned Text !!
2020-May-29 00:25:21,839 [main] com.ajio.keyword.Keyword 
  INFO  Current browser window is Closed!!
2020-May-29 00:25:28,349 [main] com.ajio.keyword.Keyword 
  INFO  chrome is opened!! 
2020-May-29 00:25:32,602 [main] com.ajio.keyword.Keyword 
  INFO  Maximized Browser Window!!
2020-May-29 00:25:39,085 [main] com.ajio.keyword.Keyword 
  INFO  https://www.ajio.com is launched!!
2020-May-29 00:25:43,327 [main] com.ajio.keyword.Keyword 
  INFO  Deleted All Cookies!!
2020-May-29 00:25:43,339 [main] com.ajio.keyword.Keyword 
  INFO  20SECONDS Page load timeout  is applied!!
2020-May-29 00:25:43,367 [main] com.ajio.keyword.Keyword 
  INFO  20SECONDS Implicit Wait is applied!!
2020-May-29 00:25:43,378 [main] com.ajio.keyword.Keyword 
  INFO  Splitting locatorName: signIn/JoinAjio
2020-May-29 00:25:43,394 [main] com.ajio.keyword.Keyword 
  INFO  Locator Type: xpath
2020-May-29 00:25:43,398 [main] com.ajio.keyword.Keyword 
  INFO  Locator Value: //span[@class="login-form login-modal"]
2020-May-29 00:25:43,887 [main] com.ajio.keyword.Keyword 
  INFO  Clicked on signIn/JoinAjio
2020-May-29 00:25:43,887 [main] com.ajio.keyword.Keyword 
  INFO  Splitting locatorName: email
2020-May-29 00:25:43,887 [main] com.ajio.keyword.Keyword 
  INFO  Locator Type: xpath
2020-May-29 00:25:43,887 [main] com.ajio.keyword.Keyword 
  INFO  Locator Value: //input[@name="username"]
2020-May-29 00:25:44,215 [main] com.ajio.keyword.Keyword 
  INFO  Splitting locatorName: continue
2020-May-29 00:25:44,215 [main] com.ajio.keyword.Keyword 
  INFO  Locator Type: xpath
2020-May-29 00:25:44,215 [main] com.ajio.keyword.Keyword 
  INFO  Locator Value: //input[@value="Continue"]
2020-May-29 00:25:44,329 [main] com.ajio.keyword.Keyword 
  INFO  Clicked on continue
2020-May-29 00:25:44,329 [main] com.ajio.keyword.Keyword 
  INFO  Splitting locatorName: startShopping
2020-May-29 00:25:44,329 [main] com.ajio.keyword.Keyword 
  INFO  Locator Type: xpath
2020-May-29 00:25:44,329 [main] com.ajio.keyword.Keyword 
  INFO  Locator Value: //input[@value="START SHOPPING"]
2020-May-29 00:25:45,519 [main] com.ajio.keyword.Keyword 
  INFO  Clicked on startShopping
2020-May-29 00:25:45,519 [main] com.ajio.keyword.Keyword 
  INFO  Splitting locatorName: passErrorMsg1
2020-May-29 00:25:45,519 [main] com.ajio.keyword.Keyword 
  INFO  Locator Type: xpath
2020-May-29 00:25:45,519 [main] com.ajio.keyword.Keyword 
  INFO  Locator Value: //div[text()='Please enter a valid password']
2020-May-29 00:25:45,566 [main] com.ajio.keyword.Keyword 
  INFO  Please enter a valid password returned Text !!
2020-May-29 00:25:45,766 [main] com.ajio.keyword.Keyword 
  INFO  Current browser window is Closed!!
2020-May-29 00:25:51,763 [main] com.ajio.keyword.Keyword 
  INFO  chrome is opened!! 
2020-May-29 00:25:55,922 [main] com.ajio.keyword.Keyword 
  INFO  Maximized Browser Window!!
