2020-May-28 17:04:01,111 [main] com.ajio.keyword.Keyword 
  INFO  Current browser window is Closed!!
2020-May-28 17:04:07,298 [main] com.ajio.keyword.Keyword 
  INFO  chrome is opened!! 
2020-May-28 17:04:11,434 [main] com.ajio.keyword.Keyword 
  INFO  Maximized Browser Window!!
2020-May-28 17:04:16,927 [main] com.ajio.keyword.Keyword 
  INFO  https://www.ajio.com is launched!!
2020-May-28 17:04:20,060 [main] com.ajio.keyword.Keyword 
  INFO  Deleted All Cookies!!
2020-May-28 17:04:20,071 [main] com.ajio.keyword.Keyword 
  INFO  20SECONDS Page load timeout  is applied!!
2020-May-28 17:04:20,079 [main] com.ajio.keyword.Keyword 
  INFO  20SECONDS Implicit Wait is applied!!
2020-May-28 17:04:20,084 [main] com.ajio.keyword.Keyword 
  INFO  Splitting locatorName: signIn/JoinAjio
2020-May-28 17:04:20,084 [main] com.ajio.keyword.Keyword 
  INFO  Locator Type: xpath
2020-May-28 17:04:20,088 [main] com.ajio.keyword.Keyword 
  INFO  Locator Value: //span[@class="login-form login-modal"]
2020-May-28 17:04:20,312 [main] com.ajio.keyword.Keyword 
  INFO  Clicked on signIn/JoinAjio
2020-May-28 17:04:20,312 [main] com.ajio.keyword.Keyword 
  INFO  Splitting locatorName: email
2020-May-28 17:04:20,312 [main] com.ajio.keyword.Keyword 
  INFO  Locator Type: xpath
2020-May-28 17:04:20,312 [main] com.ajio.keyword.Keyword 
  INFO  Locator Value: //input[@name="username"]
2020-May-28 17:04:20,568 [main] com.ajio.keyword.Keyword 
  INFO  Splitting locatorName: continue
2020-May-28 17:04:20,572 [main] com.ajio.keyword.Keyword 
  INFO  Locator Type: xpath
2020-May-28 17:04:20,572 [main] com.ajio.keyword.Keyword 
  INFO  Locator Value: //input[@value="Continue"]
2020-May-28 17:04:20,692 [main] com.ajio.keyword.Keyword 
  INFO  Clicked on continue
2020-May-28 17:04:20,692 [main] com.ajio.keyword.Keyword 
  INFO  Splitting locatorName: name
2020-May-28 17:04:20,692 [main] com.ajio.keyword.Keyword 
  INFO  Locator Type: xpath
2020-May-28 17:04:20,692 [main] com.ajio.keyword.Keyword 
  INFO  Locator Value: //input[@name="user-name"]
2020-May-28 17:04:22,044 [main] com.ajio.keyword.Keyword 
  INFO  Splitting locatorName: sendOTP
2020-May-28 17:04:22,048 [main] com.ajio.keyword.Keyword 
  INFO  Locator Type: xpath
2020-May-28 17:04:22,048 [main] com.ajio.keyword.Keyword 
  INFO  Locator Value: //input[@value="SEND OTP"]
2020-May-28 17:04:22,140 [main] com.ajio.keyword.Keyword 
  INFO  Clicked on sendOTP
2020-May-28 17:04:22,140 [main] com.ajio.keyword.Keyword 
  INFO  Splitting locatorName: nameErrorMsg
2020-May-28 17:04:22,140 [main] com.ajio.keyword.Keyword 
  INFO  Locator Type: xpath
2020-May-28 17:04:22,144 [main] com.ajio.keyword.Keyword 
  INFO  Locator Value: //div[text()='Use only alphabets and an optional single space between words.']
2020-May-28 17:04:22,180 [main] com.ajio.keyword.Keyword 
  INFO  Use only alphabets and an optional single space between words. returned Text !!
2020-May-28 17:04:26,344 [main] com.ajio.keyword.Keyword 
  INFO  Current browser window is Closed!!
2020-May-28 17:04:32,211 [main] com.ajio.keyword.Keyword 
  INFO  chrome is opened!! 
2020-May-28 17:04:36,349 [main] com.ajio.keyword.Keyword 
  INFO  Maximized Browser Window!!
2020-May-28 17:04:43,678 [main] com.ajio.keyword.Keyword 
  INFO  https://www.ajio.com is launched!!
2020-May-28 17:04:45,766 [main] com.ajio.keyword.Keyword 
  INFO  Deleted All Cookies!!
2020-May-28 17:04:45,774 [main] com.ajio.keyword.Keyword 
  INFO  20SECONDS Page load timeout  is applied!!
2020-May-28 17:04:45,778 [main] com.ajio.keyword.Keyword 
  INFO  20SECONDS Implicit Wait is applied!!
2020-May-28 17:04:45,781 [main] com.ajio.keyword.Keyword 
  INFO  Splitting locatorName: signIn/JoinAjio
2020-May-28 17:04:45,782 [main] com.ajio.keyword.Keyword 
  INFO  Locator Type: xpath
2020-May-28 17:04:45,782 [main] com.ajio.keyword.Keyword 
  INFO  Locator Value: //span[@class="login-form login-modal"]
2020-May-28 17:04:45,927 [main] com.ajio.keyword.Keyword 
  INFO  Clicked on signIn/JoinAjio
2020-May-28 17:04:45,927 [main] com.ajio.keyword.Keyword 
  INFO  Splitting locatorName: email
2020-May-28 17:04:45,927 [main] com.ajio.keyword.Keyword 
  INFO  Locator Type: xpath
2020-May-28 17:04:45,927 [main] com.ajio.keyword.Keyword 
  INFO  Locator Value: //input[@name="username"]
2020-May-28 17:04:46,183 [main] com.ajio.keyword.Keyword 
  INFO  Splitting locatorName: continue
2020-May-28 17:04:46,187 [main] com.ajio.keyword.Keyword 
  INFO  Locator Type: xpath
2020-May-28 17:04:46,187 [main] com.ajio.keyword.Keyword 
  INFO  Locator Value: //input[@value="Continue"]
2020-May-28 17:04:46,295 [main] com.ajio.keyword.Keyword 
  INFO  Clicked on continue
2020-May-28 17:04:46,295 [main] com.ajio.keyword.Keyword 
  INFO  Splitting locatorName: name
2020-May-28 17:04:46,295 [main] com.ajio.keyword.Keyword 
  INFO  Locator Type: xpath
2020-May-28 17:04:46,299 [main] com.ajio.keyword.Keyword 
  INFO  Locator Value: //input[@name="user-name"]
2020-May-28 17:04:47,519 [main] com.ajio.keyword.Keyword 
  INFO  Splitting locatorName: sendOTP
2020-May-28 17:04:47,523 [main] com.ajio.keyword.Keyword 
  INFO  Locator Type: xpath
2020-May-28 17:04:47,523 [main] com.ajio.keyword.Keyword 
  INFO  Locator Value: //input[@value="SEND OTP"]
2020-May-28 17:04:47,715 [main] com.ajio.keyword.Keyword 
  INFO  Clicked on sendOTP
2020-May-28 17:04:47,715 [main] com.ajio.keyword.Keyword 
  INFO  Splitting locatorName: nameErrorMsg
2020-May-28 17:04:47,715 [main] com.ajio.keyword.Keyword 
  INFO  Locator Type: xpath
2020-May-28 17:04:47,715 [main] com.ajio.keyword.Keyword 
  INFO  Locator Value: //div[text()='Use only alphabets and an optional single space between words.']
2020-May-28 17:04:47,791 [main] com.ajio.keyword.Keyword 
  INFO  Use only alphabets and an optional single space between words. returned Text !!
2020-May-28 17:04:48,353 [main] com.ajio.keyword.Keyword 
  INFO  Current browser window is Closed!!
2020-May-28 17:04:54,221 [main] com.ajio.keyword.Keyword 
  INFO  chrome is opened!! 
2020-May-28 17:04:58,357 [main] com.ajio.keyword.Keyword 
  INFO  Maximized Browser Window!!
