2020-May-28 16:36:00,318 [main] com.ajio.keyword.Keyword 
  INFO  Splitting locatorName: sendOTP
2020-May-28 16:36:00,322 [main] com.ajio.keyword.Keyword 
  INFO  Locator Type: xpath
2020-May-28 16:36:00,322 [main] com.ajio.keyword.Keyword 
  INFO  Locator Value: //input[@value="SEND OTP"]
2020-May-28 16:36:00,493 [main] com.ajio.keyword.Keyword 
  INFO  Clicked on sendOTP
2020-May-28 16:36:00,497 [main] com.ajio.keyword.Keyword 
  INFO  Splitting locatorName: nameErrorMsg
2020-May-28 16:36:00,497 [main] com.ajio.keyword.Keyword 
  INFO  Locator Type: xpath
2020-May-28 16:36:00,497 [main] com.ajio.keyword.Keyword 
  INFO  Locator Value: //div[text()='Use only alphabets and an optional single space between words.']
2020-May-28 16:36:00,549 [main] com.ajio.keyword.Keyword 
  INFO  Use only alphabets and an optional single space between words. returned Text !!
2020-May-28 16:36:04,685 [main] com.ajio.keyword.Keyword 
  INFO  Current browser window is Closed!!
2020-May-28 16:36:10,566 [main] com.ajio.keyword.Keyword 
  INFO  chrome is opened!! 
2020-May-28 16:36:14,723 [main] com.ajio.keyword.Keyword 
  INFO  Maximized Browser Window!!
2020-May-28 16:36:21,772 [main] com.ajio.keyword.Keyword 
  INFO  https://www.ajio.com is launched!!
2020-May-28 16:36:24,735 [main] com.ajio.keyword.Keyword 
  INFO  Deleted All Cookies!!
2020-May-28 16:36:24,747 [main] com.ajio.keyword.Keyword 
  INFO  20SECONDS Page load timeout  is applied!!
2020-May-28 16:36:24,755 [main] com.ajio.keyword.Keyword 
  INFO  20SECONDS Implicit Wait is applied!!
2020-May-28 16:36:24,758 [main] com.ajio.keyword.Keyword 
  INFO  Splitting locatorName: signIn/JoinAjio
2020-May-28 16:36:24,758 [main] com.ajio.keyword.Keyword 
  INFO  Locator Type: xpath
2020-May-28 16:36:24,758 [main] com.ajio.keyword.Keyword 
  INFO  Locator Value: //span[@class="login-form login-modal"]
2020-May-28 16:36:24,998 [main] com.ajio.keyword.Keyword 
  INFO  Clicked on signIn/JoinAjio
2020-May-28 16:36:24,998 [main] com.ajio.keyword.Keyword 
  INFO  Splitting locatorName: email
2020-May-28 16:36:25,002 [main] com.ajio.keyword.Keyword 
  INFO  Locator Type: xpath
2020-May-28 16:36:25,002 [main] com.ajio.keyword.Keyword 
  INFO  Locator Value: //input[@name="username"]
2020-May-28 16:36:25,265 [main] com.ajio.keyword.Keyword 
  INFO  Splitting locatorName: continue
2020-May-28 16:36:25,265 [main] com.ajio.keyword.Keyword 
  INFO  Locator Type: xpath
2020-May-28 16:36:25,265 [main] com.ajio.keyword.Keyword 
  INFO  Locator Value: //input[@value="Continue"]
2020-May-28 16:36:25,389 [main] com.ajio.keyword.Keyword 
  INFO  Clicked on continue
2020-May-28 16:36:25,389 [main] com.ajio.keyword.Keyword 
  INFO  Splitting locatorName: name
2020-May-28 16:36:25,389 [main] com.ajio.keyword.Keyword 
  INFO  Locator Type: xpath
2020-May-28 16:36:25,389 [main] com.ajio.keyword.Keyword 
  INFO  Locator Value: //input[@name="user-name"]
2020-May-28 16:36:26,637 [main] com.ajio.keyword.Keyword 
  INFO  Splitting locatorName: sendOTP
2020-May-28 16:36:26,637 [main] com.ajio.keyword.Keyword 
  INFO  Locator Type: xpath
2020-May-28 16:36:26,641 [main] com.ajio.keyword.Keyword 
  INFO  Locator Value: //input[@value="SEND OTP"]
2020-May-28 16:36:26,737 [main] com.ajio.keyword.Keyword 
  INFO  Clicked on sendOTP
2020-May-28 16:36:26,737 [main] com.ajio.keyword.Keyword 
  INFO  Splitting locatorName: nameErrorMsg
2020-May-28 16:36:26,737 [main] com.ajio.keyword.Keyword 
  INFO  Locator Type: xpath
2020-May-28 16:36:26,737 [main] com.ajio.keyword.Keyword 
  INFO  Locator Value: //div[text()='Use only alphabets and an optional single space between words.']
2020-May-28 16:36:26,773 [main] com.ajio.keyword.Keyword 
  INFO  Use only alphabets and an optional single space between words. returned Text !!
2020-May-28 16:36:30,891 [main] com.ajio.keyword.Keyword 
  INFO  Current browser window is Closed!!
2020-May-28 16:36:36,872 [main] com.ajio.keyword.Keyword 
  INFO  chrome is opened!! 
2020-May-28 16:36:41,021 [main] com.ajio.keyword.Keyword 
  INFO  Maximized Browser Window!!
2020-May-28 16:36:46,905 [main] com.ajio.keyword.Keyword 
  INFO  https://www.ajio.com is launched!!
2020-May-28 16:36:50,043 [main] com.ajio.keyword.Keyword 
  INFO  Deleted All Cookies!!
2020-May-28 16:36:50,047 [main] com.ajio.keyword.Keyword 
  INFO  20SECONDS Page load timeout  is applied!!
2020-May-28 16:36:50,055 [main] com.ajio.keyword.Keyword 
  INFO  20SECONDS Implicit Wait is applied!!
2020-May-28 16:36:50,062 [main] com.ajio.keyword.Keyword 
  INFO  Splitting locatorName: signIn/JoinAjio
2020-May-28 16:36:50,062 [main] com.ajio.keyword.Keyword 
  INFO  Locator Type: xpath
2020-May-28 16:36:50,066 [main] com.ajio.keyword.Keyword 
  INFO  Locator Value: //span[@class="login-form login-modal"]
2020-May-28 16:36:50,286 [main] com.ajio.keyword.Keyword 
  INFO  Clicked on signIn/JoinAjio
2020-May-28 16:36:50,286 [main] com.ajio.keyword.Keyword 
  INFO  Splitting locatorName: email
2020-May-28 16:36:50,286 [main] com.ajio.keyword.Keyword 
  INFO  Locator Type: xpath
2020-May-28 16:36:50,286 [main] com.ajio.keyword.Keyword 
  INFO  Locator Value: //input[@name="username"]
2020-May-28 16:36:50,570 [main] com.ajio.keyword.Keyword 
  INFO  Splitting locatorName: continue
2020-May-28 16:36:50,570 [main] com.ajio.keyword.Keyword 
  INFO  Locator Type: xpath
2020-May-28 16:36:50,570 [main] com.ajio.keyword.Keyword 
  INFO  Locator Value: //input[@value="Continue"]
2020-May-28 16:36:50,678 [main] com.ajio.keyword.Keyword 
  INFO  Clicked on continue
2020-May-28 16:36:50,678 [main] com.ajio.keyword.Keyword 
  INFO  Splitting locatorName: mobile
2020-May-28 16:36:50,678 [main] com.ajio.keyword.Keyword 
  INFO  Locator Type: xpath
2020-May-28 16:36:50,678 [main] com.ajio.keyword.Keyword 
  INFO  Locator Value: //input[@placeholder="Mobile"]
2020-May-28 16:36:51,858 [main] com.ajio.keyword.Keyword 
  INFO  Splitting locatorName: sendOTP
2020-May-28 16:36:51,858 [main] com.ajio.keyword.Keyword 
  INFO  Locator Type: xpath
2020-May-28 16:36:51,858 [main] com.ajio.keyword.Keyword 
  INFO  Locator Value: //input[@value="SEND OTP"]
2020-May-28 16:36:51,987 [main] com.ajio.keyword.Keyword 
  INFO  Clicked on sendOTP
2020-May-28 16:36:51,987 [main] com.ajio.keyword.Keyword 
  INFO  Splitting locatorName: mobileErrorMsg
2020-May-28 16:36:51,987 [main] com.ajio.keyword.Keyword 
  INFO  Locator Type: xpath
2020-May-28 16:36:51,987 [main] com.ajio.keyword.Keyword 
  INFO  Locator Value: //div[text()="Please enter a valid Mobile number."]
2020-May-28 16:36:52,023 [main] com.ajio.keyword.Keyword 
  INFO  Please enter a valid Mobile number. returned Text !!
2020-May-28 16:36:56,206 [main] com.ajio.keyword.Keyword 
  INFO  Current browser window is Closed!!
