2020-May-29 00:18:00,195 [main] com.ajio.keyword.Keyword 
  INFO  Splitting locatorName: startShopping
2020-May-29 00:18:00,199 [main] com.ajio.keyword.Keyword 
  INFO  Locator Type: xpath
2020-May-29 00:18:00,199 [main] com.ajio.keyword.Keyword 
  INFO  Locator Value: //input[@value="START SHOPPING"]
2020-May-29 00:18:00,281 [main] com.ajio.keyword.Keyword 
  INFO  Clicked on startShopping
2020-May-29 00:18:00,281 [main] com.ajio.keyword.Keyword 
  INFO  Splitting locatorName: passErrorMsg1
2020-May-29 00:18:00,282 [main] com.ajio.keyword.Keyword 
  INFO  Locator Type: xpath
2020-May-29 00:18:00,283 [main] com.ajio.keyword.Keyword 
  INFO  Locator Value: //div[text()='Wrong Password Entered']
2020-May-29 00:18:00,738 [main] com.ajio.keyword.Keyword 
  INFO  Wrong Password Entered returned Text !!
2020-May-29 00:18:04,913 [main] com.ajio.keyword.Keyword 
  INFO  Current browser window is Closed!!
2020-May-29 00:18:10,773 [main] com.ajio.keyword.Keyword 
  INFO  chrome is opened!! 
2020-May-29 00:18:14,941 [main] com.ajio.keyword.Keyword 
  INFO  Maximized Browser Window!!
2020-May-29 00:18:21,326 [main] com.ajio.keyword.Keyword 
  INFO  https://www.ajio.com is launched!!
2020-May-29 00:18:23,493 [main] com.ajio.keyword.Keyword 
  INFO  Deleted All Cookies!!
2020-May-29 00:18:23,498 [main] com.ajio.keyword.Keyword 
  INFO  20SECONDS Page load timeout  is applied!!
2020-May-29 00:18:23,502 [main] com.ajio.keyword.Keyword 
  INFO  20SECONDS Implicit Wait is applied!!
2020-May-29 00:18:23,504 [main] com.ajio.keyword.Keyword 
  INFO  Splitting locatorName: signIn/JoinAjio
2020-May-29 00:18:23,504 [main] com.ajio.keyword.Keyword 
  INFO  Locator Type: xpath
2020-May-29 00:18:23,506 [main] com.ajio.keyword.Keyword 
  INFO  Locator Value: //span[@class="login-form login-modal"]
2020-May-29 00:18:23,665 [main] com.ajio.keyword.Keyword 
  INFO  Clicked on signIn/JoinAjio
2020-May-29 00:18:23,665 [main] com.ajio.keyword.Keyword 
  INFO  Splitting locatorName: email
2020-May-29 00:18:23,666 [main] com.ajio.keyword.Keyword 
  INFO  Locator Type: xpath
2020-May-29 00:18:23,666 [main] com.ajio.keyword.Keyword 
  INFO  Locator Value: //input[@name="username"]
2020-May-29 00:18:23,964 [main] com.ajio.keyword.Keyword 
  INFO  Splitting locatorName: continue
2020-May-29 00:18:23,965 [main] com.ajio.keyword.Keyword 
  INFO  Locator Type: xpath
2020-May-29 00:18:23,965 [main] com.ajio.keyword.Keyword 
  INFO  Locator Value: //input[@value="Continue"]
2020-May-29 00:18:24,081 [main] com.ajio.keyword.Keyword 
  INFO  Clicked on continue
2020-May-29 00:18:24,082 [main] com.ajio.keyword.Keyword 
  INFO  Splitting locatorName: password1
2020-May-29 00:18:24,083 [main] com.ajio.keyword.Keyword 
  INFO  Locator Type: xpath
2020-May-29 00:18:24,083 [main] com.ajio.keyword.Keyword 
  INFO  Locator Value: //input[@name="password"]
2020-May-29 00:18:25,223 [main] com.ajio.keyword.Keyword 
  INFO  Splitting locatorName: startShopping
2020-May-29 00:18:25,224 [main] com.ajio.keyword.Keyword 
  INFO  Locator Type: xpath
2020-May-29 00:18:25,224 [main] com.ajio.keyword.Keyword 
  INFO  Locator Value: //input[@value="START SHOPPING"]
2020-May-29 00:18:25,331 [main] com.ajio.keyword.Keyword 
  INFO  Clicked on startShopping
2020-May-29 00:18:25,351 [main] com.ajio.keyword.Keyword 
  INFO  8SECONDS Explicit wait is applied!!
2020-May-29 00:18:25,351 [main] com.ajio.keyword.Keyword 
  INFO  Splitting locatorName: signOut
2020-May-29 00:18:25,351 [main] com.ajio.keyword.Keyword 
  INFO  Locator Type: xpath
2020-May-29 00:18:25,352 [main] com.ajio.keyword.Keyword 
  INFO  Locator Value: //a[text()='Sign Out']
2020-May-29 00:18:46,080 [main] com.ajio.keyword.Keyword 
  INFO  Screenshot taken Successfully!!
2020-May-29 00:18:50,273 [main] com.ajio.keyword.Keyword 
  INFO  Current browser window is Closed!!
