2020-May-29 02:15:20,502 [main] com.ajio.keyword.Keyword 
  INFO  chrome is opened!! 
2020-May-29 02:15:24,732 [main] com.ajio.keyword.Keyword 
  INFO  Maximized Browser Window!!
2020-May-29 02:15:33,503 [main] com.ajio.keyword.Keyword 
  INFO  https://www.ajio.com is launched!!
2020-May-29 02:15:37,788 [main] com.ajio.keyword.Keyword 
  INFO  Deleted All Cookies!!
2020-May-29 02:15:37,804 [main] com.ajio.keyword.Keyword 
  INFO  20SECONDS Page load timeout  is applied!!
2020-May-29 02:15:37,816 [main] com.ajio.keyword.Keyword 
  INFO  20SECONDS Implicit Wait is applied!!
2020-May-29 02:15:37,844 [main] com.ajio.keyword.Keyword 
  INFO  Splitting locatorName: signIn/JoinAjio
2020-May-29 02:15:37,864 [main] com.ajio.keyword.Keyword 
  INFO  Locator Type: xpath
2020-May-29 02:15:37,864 [main] com.ajio.keyword.Keyword 
  INFO  Locator Value: //span[@class="login-form login-modal"]
2020-May-29 02:15:38,148 [main] com.ajio.keyword.Keyword 
  INFO  Clicked on signIn/JoinAjio
2020-May-29 02:15:38,152 [main] com.ajio.keyword.Keyword 
  INFO  Splitting locatorName: facebookSignIn
2020-May-29 02:15:38,156 [main] com.ajio.keyword.Keyword 
  INFO  Locator Type: xpath
2020-May-29 02:15:38,156 [main] com.ajio.keyword.Keyword 
  INFO  Locator Value: //div[@class="fb-login"]
2020-May-29 02:15:38,314 [main] com.ajio.keyword.Keyword 
  INFO  Clicked on facebookSignIn
2020-May-29 02:15:38,334 [main] com.ajio.keyword.Keyword 
  INFO  8SECONDS Explicit wait is applied!!
2020-May-29 02:15:43,364 [main] com.ajio.keyword.Keyword 
  INFO  8SECONDS Explicit wait is applied!!
