2020-May-28 16:37:02,237 [main] com.ajio.keyword.Keyword 
  INFO  chrome is opened!! 
2020-May-28 16:37:06,455 [main] com.ajio.keyword.Keyword 
  INFO  Maximized Browser Window!!
2020-May-28 16:37:11,663 [main] com.ajio.keyword.Keyword 
  INFO  https://www.ajio.com is launched!!
2020-May-28 16:37:15,103 [main] com.ajio.keyword.Keyword 
  INFO  Deleted All Cookies!!
2020-May-28 16:37:15,111 [main] com.ajio.keyword.Keyword 
  INFO  20SECONDS Page load timeout  is applied!!
2020-May-28 16:37:15,131 [main] com.ajio.keyword.Keyword 
  INFO  20SECONDS Implicit Wait is applied!!
2020-May-28 16:37:15,131 [main] com.ajio.keyword.Keyword 
  INFO  Splitting locatorName: signIn/JoinAjio
2020-May-28 16:37:15,131 [main] com.ajio.keyword.Keyword 
  INFO  Locator Type: xpath
2020-May-28 16:37:15,131 [main] com.ajio.keyword.Keyword 
  INFO  Locator Value: //span[@class="login-form login-modal"]
2020-May-28 16:37:15,383 [main] com.ajio.keyword.Keyword 
  INFO  Clicked on signIn/JoinAjio
2020-May-28 16:37:15,387 [main] com.ajio.keyword.Keyword 
  INFO  Splitting locatorName: email
2020-May-28 16:37:15,387 [main] com.ajio.keyword.Keyword 
  INFO  Locator Type: xpath
2020-May-28 16:37:15,387 [main] com.ajio.keyword.Keyword 
  INFO  Locator Value: //input[@name="username"]
2020-May-28 16:37:15,801 [main] com.ajio.keyword.Keyword 
  INFO  Splitting locatorName: continue
2020-May-28 16:37:15,801 [main] com.ajio.keyword.Keyword 
  INFO  Locator Type: xpath
2020-May-28 16:37:15,801 [main] com.ajio.keyword.Keyword 
  INFO  Locator Value: //input[@value="Continue"]
2020-May-28 16:37:15,929 [main] com.ajio.keyword.Keyword 
  INFO  Clicked on continue
2020-May-28 16:37:15,929 [main] com.ajio.keyword.Keyword 
  INFO  Splitting locatorName: mobile
2020-May-28 16:37:15,929 [main] com.ajio.keyword.Keyword 
  INFO  Locator Type: xpath
2020-May-28 16:37:15,933 [main] com.ajio.keyword.Keyword 
  INFO  Locator Value: //input[@placeholder="Mobile"]
2020-May-28 16:37:17,328 [main] com.ajio.keyword.Keyword 
  INFO  Splitting locatorName: sendOTP
2020-May-28 16:37:17,328 [main] com.ajio.keyword.Keyword 
  INFO  Locator Type: xpath
2020-May-28 16:37:17,328 [main] com.ajio.keyword.Keyword 
  INFO  Locator Value: //input[@value="SEND OTP"]
2020-May-28 16:37:17,440 [main] com.ajio.keyword.Keyword 
  INFO  Clicked on sendOTP
2020-May-28 16:37:17,440 [main] com.ajio.keyword.Keyword 
  INFO  Splitting locatorName: mobileErrorMsg
2020-May-28 16:37:17,440 [main] com.ajio.keyword.Keyword 
  INFO  Locator Type: xpath
2020-May-28 16:37:17,440 [main] com.ajio.keyword.Keyword 
  INFO  Locator Value: //div[text()="Please enter a valid Mobile number."]
2020-May-28 16:37:17,496 [main] com.ajio.keyword.Keyword 
  INFO  Please enter a valid Mobile number. returned Text !!
2020-May-28 16:37:17,741 [main] com.ajio.keyword.Keyword 
  INFO  Current browser window is Closed!!
2020-May-28 16:37:23,718 [main] com.ajio.keyword.Keyword 
  INFO  chrome is opened!! 
2020-May-28 16:37:27,870 [main] com.ajio.keyword.Keyword 
  INFO  Maximized Browser Window!!
2020-May-28 16:37:35,982 [main] com.ajio.keyword.Keyword 
  INFO  https://www.ajio.com is launched!!
2020-May-28 16:37:38,464 [main] com.ajio.keyword.Keyword 
  INFO  Deleted All Cookies!!
2020-May-28 16:37:38,474 [main] com.ajio.keyword.Keyword 
  INFO  20SECONDS Page load timeout  is applied!!
2020-May-28 16:37:38,484 [main] com.ajio.keyword.Keyword 
  INFO  20SECONDS Implicit Wait is applied!!
2020-May-28 16:37:38,490 [main] com.ajio.keyword.Keyword 
  INFO  Splitting locatorName: signIn/JoinAjio
2020-May-28 16:37:38,491 [main] com.ajio.keyword.Keyword 
  INFO  Locator Type: xpath
2020-May-28 16:37:38,491 [main] com.ajio.keyword.Keyword 
  INFO  Locator Value: //span[@class="login-form login-modal"]
2020-May-28 16:37:38,758 [main] com.ajio.keyword.Keyword 
  INFO  Clicked on signIn/JoinAjio
2020-May-28 16:37:38,758 [main] com.ajio.keyword.Keyword 
  INFO  Splitting locatorName: email
2020-May-28 16:37:38,762 [main] com.ajio.keyword.Keyword 
  INFO  Locator Type: xpath
2020-May-28 16:37:38,762 [main] com.ajio.keyword.Keyword 
  INFO  Locator Value: //input[@name="username"]
2020-May-28 16:37:38,991 [main] com.ajio.keyword.Keyword 
  INFO  Splitting locatorName: continue
2020-May-28 16:37:38,991 [main] com.ajio.keyword.Keyword 
  INFO  Locator Type: xpath
2020-May-28 16:37:38,995 [main] com.ajio.keyword.Keyword 
  INFO  Locator Value: //input[@value="Continue"]
2020-May-28 16:37:39,085 [main] com.ajio.keyword.Keyword 
  INFO  Clicked on continue
2020-May-28 16:37:39,085 [main] com.ajio.keyword.Keyword 
  INFO  Splitting locatorName: mobile
2020-May-28 16:37:39,085 [main] com.ajio.keyword.Keyword 
  INFO  Locator Type: xpath
2020-May-28 16:37:39,085 [main] com.ajio.keyword.Keyword 
  INFO  Locator Value: //input[@placeholder="Mobile"]
2020-May-28 16:37:40,344 [main] com.ajio.keyword.Keyword 
  INFO  Splitting locatorName: sendOTP
2020-May-28 16:37:40,348 [main] com.ajio.keyword.Keyword 
  INFO  Locator Type: xpath
2020-May-28 16:37:40,348 [main] com.ajio.keyword.Keyword 
  INFO  Locator Value: //input[@value="SEND OTP"]
2020-May-28 16:37:40,434 [main] com.ajio.keyword.Keyword 
  INFO  Clicked on sendOTP
2020-May-28 16:37:40,434 [main] com.ajio.keyword.Keyword 
  INFO  Splitting locatorName: mobileErrorMsg
2020-May-28 16:37:40,434 [main] com.ajio.keyword.Keyword 
  INFO  Locator Type: xpath
2020-May-28 16:37:40,434 [main] com.ajio.keyword.Keyword 
  INFO  Locator Value: //div[text()="Please enter a valid Mobile number."]
2020-May-28 16:37:40,466 [main] com.ajio.keyword.Keyword 
  INFO  Please enter a valid Mobile number. returned Text !!
2020-May-28 16:37:44,661 [main] com.ajio.keyword.Keyword 
  INFO  Current browser window is Closed!!
