2020-May-30 03:11:38,194 [main] com.ajio.keyword.Keyword 
  INFO  chrome is opened!! 
2020-May-30 03:11:42,513 [main] com.ajio.keyword.Keyword 
  INFO  Maximized Browser Window!!
2020-May-30 03:11:50,541 [main] com.ajio.keyword.Keyword 
  INFO  https://www.ajio.com is launched!!
2020-May-30 03:11:54,689 [main] com.ajio.keyword.Keyword 
  INFO  Deleted All Cookies!!
2020-May-30 03:11:54,702 [main] com.ajio.keyword.Keyword 
  INFO  20SECONDS Page load timeout  is applied!!
2020-May-30 03:11:54,711 [main] com.ajio.keyword.Keyword 
  INFO  20SECONDS Implicit Wait is applied!!
2020-May-30 03:11:54,732 [main] com.ajio.keyword.Keyword 
  INFO  Splitting locatorName: collection
2020-May-30 03:11:54,736 [main] com.ajio.keyword.Keyword 
  INFO  Locator Type: xpath
2020-May-30 03:11:54,739 [main] com.ajio.keyword.Keyword 
  INFO  Locator Value: //a[text()='Collections']
2020-May-30 03:11:59,391 [main] com.ajio.keyword.Keyword 
  INFO  Clicked on collection
2020-May-30 03:11:59,392 [main] com.ajio.keyword.Keyword 
  INFO  Splitting locatorName: searchBox
2020-May-30 03:11:59,393 [main] com.ajio.keyword.Keyword 
  INFO  Locator Type: xpath
2020-May-30 03:11:59,395 [main] com.ajio.keyword.Keyword 
  INFO  Locator Value: //input[@placeholder="Search AJIO"]
2020-May-30 03:11:59,726 [main] com.ajio.keyword.Keyword 
  INFO  Splitting locatorName: submit
2020-May-30 03:11:59,727 [main] com.ajio.keyword.Keyword 
  INFO  Locator Type: xpath
2020-May-30 03:11:59,727 [main] com.ajio.keyword.Keyword 
  INFO  Locator Value: //button[@type="submit"]
