2020-May-31 01:11:17,091 [main] com.ajio.keyword.Keyword 
  INFO  chrome is opened!! 
2020-May-31 01:11:21,275 [main] com.ajio.keyword.Keyword 
  INFO  Maximized Browser Window!!
2020-May-31 01:11:28,993 [main] com.ajio.keyword.Keyword 
  INFO  https://www.ajio.com is launched!!
2020-May-31 01:11:34,303 [main] com.ajio.keyword.Keyword 
  INFO  Deleted All Cookies!!
2020-May-31 01:11:34,311 [main] com.ajio.keyword.Keyword 
  INFO  20SECONDS Page load timeout  is applied!!
2020-May-31 01:11:34,315 [main] com.ajio.keyword.Keyword 
  INFO  20SECONDS Implicit Wait is applied!!
2020-May-31 01:11:34,345 [main] com.ajio.keyword.Keyword 
  INFO  Online Shopping for Women, Men, Kids – Clothing, Footwear, Fashion | AJIO  :Returned Current Webpage Title!!
2020-May-31 01:11:45,760 [main] com.ajio.keyword.Keyword 
  INFO  chrome is opened!! 
2020-May-31 01:11:49,889 [main] com.ajio.keyword.Keyword 
  INFO  Maximized Browser Window!!
2020-May-31 01:11:59,033 [main] com.ajio.keyword.Keyword 
  INFO  https://www.ajio.com is launched!!
