2020-May-29 02:21:06,671 [main] com.ajio.keyword.Keyword 
  INFO  chrome is opened!! 
2020-May-29 02:21:10,912 [main] com.ajio.keyword.Keyword 
  INFO  Maximized Browser Window!!
2020-May-29 02:21:17,949 [main] com.ajio.keyword.Keyword 
  INFO  https://www.ajio.com is launched!!
2020-May-29 02:21:21,514 [main] com.ajio.keyword.Keyword 
  INFO  Deleted All Cookies!!
2020-May-29 02:21:21,522 [main] com.ajio.keyword.Keyword 
  INFO  20SECONDS Page load timeout  is applied!!
2020-May-29 02:21:21,530 [main] com.ajio.keyword.Keyword 
  INFO  20SECONDS Implicit Wait is applied!!
2020-May-29 02:21:21,539 [main] com.ajio.keyword.Keyword 
  INFO  Splitting locatorName: signIn/JoinAjio
2020-May-29 02:21:21,539 [main] com.ajio.keyword.Keyword 
  INFO  Locator Type: xpath
2020-May-29 02:21:21,539 [main] com.ajio.keyword.Keyword 
  INFO  Locator Value: //span[@class="login-form login-modal"]
2020-May-29 02:21:21,703 [main] com.ajio.keyword.Keyword 
  INFO  Clicked on signIn/JoinAjio
2020-May-29 02:21:21,711 [main] com.ajio.keyword.Keyword 
  INFO  Splitting locatorName: facebookSignIn
2020-May-29 02:21:21,711 [main] com.ajio.keyword.Keyword 
  INFO  Locator Type: xpath
2020-May-29 02:21:21,711 [main] com.ajio.keyword.Keyword 
  INFO  Locator Value: //div[@class="fb-login"]
2020-May-29 02:21:21,851 [main] com.ajio.keyword.Keyword 
  INFO  Clicked on facebookSignIn
2020-May-29 02:21:22,671 [main] com.ajio.keyword.Keyword 
  INFO  Screenshot taken Successfully!!
