2020-May-28 23:58:01,985 [main] com.ajio.keyword.Keyword 
  INFO  Deleted All Cookies!!
2020-May-28 23:58:02,007 [main] com.ajio.keyword.Keyword 
  INFO  20SECONDS Page load timeout  is applied!!
2020-May-28 23:58:02,019 [main] com.ajio.keyword.Keyword 
  INFO  20SECONDS Implicit Wait is applied!!
2020-May-28 23:58:02,047 [main] com.ajio.keyword.Keyword 
  INFO  Splitting locatorName: signIn/JoinAjio
2020-May-28 23:58:02,053 [main] com.ajio.keyword.Keyword 
  INFO  Locator Type: xpath
2020-May-28 23:58:02,054 [main] com.ajio.keyword.Keyword 
  INFO  Locator Value: //span[@class="login-form login-modal"]
2020-May-28 23:58:02,307 [main] com.ajio.keyword.Keyword 
  INFO  Clicked on signIn/JoinAjio
2020-May-28 23:58:02,307 [main] com.ajio.keyword.Keyword 
  INFO  Splitting locatorName: continue
2020-May-28 23:58:02,309 [main] com.ajio.keyword.Keyword 
  INFO  Locator Type: xpath
2020-May-28 23:58:02,310 [main] com.ajio.keyword.Keyword 
  INFO  Locator Value: //input[@value="Continue"]
2020-May-28 23:58:02,460 [main] com.ajio.keyword.Keyword 
  INFO  Clicked on continue
2020-May-28 23:58:02,460 [main] com.ajio.keyword.Keyword 
  INFO  Splitting locatorName: emailErrorMsg
2020-May-28 23:58:02,461 [main] com.ajio.keyword.Keyword 
  INFO  Locator Type: xpath
2020-May-28 23:58:02,462 [main] com.ajio.keyword.Keyword 
  INFO  Locator Value: //div[@id="error-msg"]
2020-May-28 23:58:02,502 [main] com.ajio.keyword.Keyword 
  INFO  Please enter valid Mobile Number / Email. returned Text !!
2020-May-28 23:58:06,632 [main] com.ajio.keyword.Keyword 
  INFO  Current browser window is Closed!!
2020-May-28 23:58:12,461 [main] com.ajio.keyword.Keyword 
  INFO  chrome is opened!! 
2020-May-28 23:58:16,591 [main] com.ajio.keyword.Keyword 
  INFO  Maximized Browser Window!!
2020-May-28 23:58:23,129 [main] com.ajio.keyword.Keyword 
  INFO  https://www.ajio.com is launched!!
2020-May-28 23:58:26,488 [main] com.ajio.keyword.Keyword 
  INFO  Deleted All Cookies!!
2020-May-28 23:58:26,499 [main] com.ajio.keyword.Keyword 
  INFO  20SECONDS Page load timeout  is applied!!
2020-May-28 23:58:26,509 [main] com.ajio.keyword.Keyword 
  INFO  20SECONDS Implicit Wait is applied!!
2020-May-28 23:58:26,513 [main] com.ajio.keyword.Keyword 
  INFO  Splitting locatorName: signIn/JoinAjio
2020-May-28 23:58:26,515 [main] com.ajio.keyword.Keyword 
  INFO  Locator Type: xpath
2020-May-28 23:58:26,517 [main] com.ajio.keyword.Keyword 
  INFO  Locator Value: //span[@class="login-form login-modal"]
2020-May-28 23:58:26,687 [main] com.ajio.keyword.Keyword 
  INFO  Clicked on signIn/JoinAjio
2020-May-28 23:58:26,687 [main] com.ajio.keyword.Keyword 
  INFO  Splitting locatorName: email
2020-May-28 23:58:26,688 [main] com.ajio.keyword.Keyword 
  INFO  Locator Type: xpath
2020-May-28 23:58:26,688 [main] com.ajio.keyword.Keyword 
  INFO  Locator Value: //input[@name="username"]
2020-May-28 23:58:26,955 [main] com.ajio.keyword.Keyword 
  INFO  Splitting locatorName: continue
2020-May-28 23:58:26,955 [main] com.ajio.keyword.Keyword 
  INFO  Locator Type: xpath
2020-May-28 23:58:26,956 [main] com.ajio.keyword.Keyword 
  INFO  Locator Value: //input[@value="Continue"]
2020-May-28 23:58:27,050 [main] com.ajio.keyword.Keyword 
  INFO  Clicked on continue
2020-May-28 23:58:27,050 [main] com.ajio.keyword.Keyword 
  INFO  Splitting locatorName: startShopping
2020-May-28 23:58:27,052 [main] com.ajio.keyword.Keyword 
  INFO  Locator Type: xpath
2020-May-28 23:58:27,052 [main] com.ajio.keyword.Keyword 
  INFO  Locator Value: //input[@value="START SHOPPING"]
2020-May-28 23:58:28,211 [main] com.ajio.keyword.Keyword 
  INFO  Clicked on startShopping
2020-May-28 23:58:28,212 [main] com.ajio.keyword.Keyword 
  INFO  Splitting locatorName: passErrorMsg
2020-May-28 23:58:28,213 [main] com.ajio.keyword.Keyword 
  INFO  Locator Type: xpath
2020-May-28 23:58:28,213 [main] com.ajio.keyword.Keyword 
  INFO  Locator Value: //div[contains(text(),"Password should have")]
2020-May-28 23:58:48,959 [main] com.ajio.keyword.Keyword 
  INFO  Screenshot taken Successfully!!
2020-May-28 23:58:53,110 [main] com.ajio.keyword.Keyword 
  INFO  Current browser window is Closed!!
2020-May-28 23:58:58,845 [main] com.ajio.keyword.Keyword 
  INFO  chrome is opened!! 
