2020-May-29 03:15:10,504 [main] com.ajio.keyword.Keyword 
  INFO  chrome is opened!! 
2020-May-29 03:15:14,718 [main] com.ajio.keyword.Keyword 
  INFO  Maximized Browser Window!!
2020-May-29 03:15:20,465 [main] com.ajio.keyword.Keyword 
  INFO  https://www.ajio.com is launched!!
2020-May-29 03:15:23,997 [main] com.ajio.keyword.Keyword 
  INFO  Deleted All Cookies!!
2020-May-29 03:15:24,013 [main] com.ajio.keyword.Keyword 
  INFO  20SECONDS Page load timeout  is applied!!
2020-May-29 03:15:24,025 [main] com.ajio.keyword.Keyword 
  INFO  20SECONDS Implicit Wait is applied!!
2020-May-29 03:15:24,046 [main] com.ajio.keyword.Keyword 
  INFO  Splitting locatorName: signIn/JoinAjio
2020-May-29 03:15:24,050 [main] com.ajio.keyword.Keyword 
  INFO  Locator Type: xpath
2020-May-29 03:15:24,054 [main] com.ajio.keyword.Keyword 
  INFO  Locator Value: //span[@class="login-form login-modal"]
2020-May-29 03:15:24,294 [main] com.ajio.keyword.Keyword 
  INFO  Clicked on signIn/JoinAjio
2020-May-29 03:15:24,294 [main] com.ajio.keyword.Keyword 
  INFO  Splitting locatorName: continue
2020-May-29 03:15:24,298 [main] com.ajio.keyword.Keyword 
  INFO  Locator Type: xpath
2020-May-29 03:15:24,298 [main] com.ajio.keyword.Keyword 
  INFO  Locator Value: //input[@value="Continue"]
2020-May-29 03:15:24,458 [main] com.ajio.keyword.Keyword 
  INFO  Clicked on continue
2020-May-29 03:15:24,458 [main] com.ajio.keyword.Keyword 
  INFO  Splitting locatorName: emailErrorMsg
2020-May-29 03:15:24,458 [main] com.ajio.keyword.Keyword 
  INFO  Locator Type: xpath
2020-May-29 03:15:24,458 [main] com.ajio.keyword.Keyword 
  INFO  Locator Value: //div[@id="error-msg"]
2020-May-29 03:15:24,498 [main] com.ajio.keyword.Keyword 
  INFO  Please enter valid Mobile Number / Email. returned Text !!
2020-May-29 03:15:25,121 [main] com.ajio.keyword.Keyword 
  INFO  Current browser window is Closed!!
2020-May-29 03:15:31,091 [main] com.ajio.keyword.Keyword 
  INFO  chrome is opened!! 
2020-May-29 03:15:35,253 [main] com.ajio.keyword.Keyword 
  INFO  Maximized Browser Window!!
2020-May-29 03:15:42,365 [main] com.ajio.keyword.Keyword 
  INFO  https://www.ajio.com is launched!!
2020-May-29 03:15:45,421 [main] com.ajio.keyword.Keyword 
  INFO  Deleted All Cookies!!
2020-May-29 03:15:45,429 [main] com.ajio.keyword.Keyword 
  INFO  20SECONDS Page load timeout  is applied!!
2020-May-29 03:15:45,441 [main] com.ajio.keyword.Keyword 
  INFO  20SECONDS Implicit Wait is applied!!
2020-May-29 03:15:45,448 [main] com.ajio.keyword.Keyword 
  INFO  Splitting locatorName: signIn/JoinAjio
2020-May-29 03:15:45,452 [main] com.ajio.keyword.Keyword 
  INFO  Locator Type: xpath
2020-May-29 03:15:45,456 [main] com.ajio.keyword.Keyword 
  INFO  Locator Value: //span[@class="login-form login-modal"]
2020-May-29 03:15:45,608 [main] com.ajio.keyword.Keyword 
  INFO  Clicked on signIn/JoinAjio
2020-May-29 03:15:45,608 [main] com.ajio.keyword.Keyword 
  INFO  Splitting locatorName: email
2020-May-29 03:15:45,608 [main] com.ajio.keyword.Keyword 
  INFO  Locator Type: xpath
2020-May-29 03:15:45,608 [main] com.ajio.keyword.Keyword 
  INFO  Locator Value: //input[@name="username"]
2020-May-29 03:15:45,876 [main] com.ajio.keyword.Keyword 
  INFO  Splitting locatorName: continue
2020-May-29 03:15:45,876 [main] com.ajio.keyword.Keyword 
  INFO  Locator Type: xpath
2020-May-29 03:15:45,876 [main] com.ajio.keyword.Keyword 
  INFO  Locator Value: //input[@value="Continue"]
2020-May-29 03:15:45,980 [main] com.ajio.keyword.Keyword 
  INFO  Clicked on continue
2020-May-29 03:15:45,980 [main] com.ajio.keyword.Keyword 
  INFO  Splitting locatorName: startShopping
2020-May-29 03:15:45,980 [main] com.ajio.keyword.Keyword 
  INFO  Locator Type: xpath
2020-May-29 03:15:45,980 [main] com.ajio.keyword.Keyword 
  INFO  Locator Value: //input[@value="START SHOPPING"]
2020-May-29 03:15:46,891 [main] com.ajio.keyword.Keyword 
  INFO  Clicked on startShopping
2020-May-29 03:15:46,891 [main] com.ajio.keyword.Keyword 
  INFO  Splitting locatorName: passErrorMsg1
2020-May-29 03:15:46,891 [main] com.ajio.keyword.Keyword 
  INFO  Locator Type: xpath
2020-May-29 03:15:46,895 [main] com.ajio.keyword.Keyword 
  INFO  Locator Value: //div[text()='Please enter a valid password']
2020-May-29 03:15:46,947 [main] com.ajio.keyword.Keyword 
  INFO  Please enter a valid password returned Text !!
2020-May-29 03:15:51,145 [main] com.ajio.keyword.Keyword 
  INFO  Current browser window is Closed!!
2020-May-29 03:15:57,105 [main] com.ajio.keyword.Keyword 
  INFO  chrome is opened!! 
