2020-May-29 02:59:00,653 [main] com.ajio.keyword.Keyword 
  INFO  Deleted All Cookies!!
2020-May-29 02:59:00,677 [main] com.ajio.keyword.Keyword 
  INFO  20SECONDS Page load timeout  is applied!!
2020-May-29 02:59:00,689 [main] com.ajio.keyword.Keyword 
  INFO  20SECONDS Implicit Wait is applied!!
2020-May-29 02:59:00,703 [main] com.ajio.keyword.Keyword 
  INFO  Splitting locatorName: signIn/JoinAjio
2020-May-29 02:59:00,707 [main] com.ajio.keyword.Keyword 
  INFO  Locator Type: xpath
2020-May-29 02:59:00,711 [main] com.ajio.keyword.Keyword 
  INFO  Locator Value: //span[@class="login-form login-modal"]
2020-May-29 02:59:00,867 [main] com.ajio.keyword.Keyword 
  INFO  Clicked on signIn/JoinAjio
2020-May-29 02:59:00,895 [main] com.ajio.keyword.Keyword 
  INFO  Splitting locatorName: googleSignIn
2020-May-29 02:59:00,899 [main] com.ajio.keyword.Keyword 
  INFO  Locator Type: xpath
2020-May-29 02:59:00,899 [main] com.ajio.keyword.Keyword 
  INFO  Locator Value: //button[@class="google-login"]
2020-May-29 02:59:01,039 [main] com.ajio.keyword.Keyword 
  INFO  Clicked on googleSignIn
2020-May-29 02:59:01,063 [main] com.ajio.keyword.Keyword 
  INFO  5SECONDS Explicit wait is applied!!
2020-May-29 02:59:06,863 [main] com.ajio.keyword.Keyword 
  INFO  Screenshot taken Successfully!!
