2020-May-29 02:53:03,683 [main] com.ajio.keyword.Keyword 
  INFO  chrome is opened!! 
2020-May-29 02:53:07,834 [main] com.ajio.keyword.Keyword 
  INFO  Maximized Browser Window!!
2020-May-29 02:53:13,762 [main] com.ajio.keyword.Keyword 
  INFO  https://www.ajio.com is launched!!
2020-May-29 02:53:17,286 [main] com.ajio.keyword.Keyword 
  INFO  Deleted All Cookies!!
2020-May-29 02:53:17,294 [main] com.ajio.keyword.Keyword 
  INFO  20SECONDS Page load timeout  is applied!!
2020-May-29 02:53:17,302 [main] com.ajio.keyword.Keyword 
  INFO  20SECONDS Implicit Wait is applied!!
2020-May-29 02:53:17,314 [main] com.ajio.keyword.Keyword 
  INFO  Splitting locatorName: signIn/JoinAjio
2020-May-29 02:53:17,318 [main] com.ajio.keyword.Keyword 
  INFO  Locator Type: xpath
2020-May-29 02:53:17,318 [main] com.ajio.keyword.Keyword 
  INFO  Locator Value: //span[@class="login-form login-modal"]
2020-May-29 02:53:17,644 [main] com.ajio.keyword.Keyword 
  INFO  Clicked on signIn/JoinAjio
2020-May-29 02:53:17,656 [main] com.ajio.keyword.Keyword 
  INFO  Splitting locatorName: googleSignIn
2020-May-29 02:53:17,656 [main] com.ajio.keyword.Keyword 
  INFO  Locator Type: xpath
2020-May-29 02:53:17,660 [main] com.ajio.keyword.Keyword 
  INFO  Locator Value: //button[@class="google-login"]
2020-May-29 02:53:17,786 [main] com.ajio.keyword.Keyword 
  INFO  Clicked on googleSignIn
2020-May-29 02:53:17,818 [main] com.ajio.keyword.Keyword 
  INFO  5SECONDS Explicit wait is applied!!
2020-May-29 02:53:23,534 [main] com.ajio.keyword.Keyword 
  INFO  Screenshot taken Successfully!!
2020-May-29 02:53:23,810 [main] com.ajio.keyword.Keyword 
  INFO  Current browser window is Closed!!
