2020-May-28 17:21:10,955 [main] com.ajio.keyword.Keyword 
  INFO  chrome is opened!! 
2020-May-28 17:21:15,158 [main] com.ajio.keyword.Keyword 
  INFO  Maximized Browser Window!!
2020-May-28 17:21:22,877 [main] com.ajio.keyword.Keyword 
  INFO  https://www.ajio.com is launched!!
2020-May-28 17:21:26,838 [main] com.ajio.keyword.Keyword 
  INFO  Deleted All Cookies!!
2020-May-28 17:21:26,850 [main] com.ajio.keyword.Keyword 
  INFO  20SECONDS Page load timeout  is applied!!
2020-May-28 17:21:26,858 [main] com.ajio.keyword.Keyword 
  INFO  20SECONDS Implicit Wait is applied!!
2020-May-28 17:21:26,869 [main] com.ajio.keyword.Keyword 
  INFO  Splitting locatorName: signIn/JoinAjio
2020-May-28 17:21:26,873 [main] com.ajio.keyword.Keyword 
  INFO  Locator Type: xpath
2020-May-28 17:21:26,873 [main] com.ajio.keyword.Keyword 
  INFO  Locator Value: //span[@class="login-form login-modal"]
2020-May-28 17:21:27,025 [main] com.ajio.keyword.Keyword 
  INFO  Clicked on signIn/JoinAjio
2020-May-28 17:21:27,025 [main] com.ajio.keyword.Keyword 
  INFO  Splitting locatorName: continue
2020-May-28 17:21:27,025 [main] com.ajio.keyword.Keyword 
  INFO  Locator Type: xpath
2020-May-28 17:21:27,025 [main] com.ajio.keyword.Keyword 
  INFO  Locator Value: //input[@value="Continue"]
2020-May-28 17:21:27,160 [main] com.ajio.keyword.Keyword 
  INFO  Clicked on continue
2020-May-28 17:21:27,160 [main] com.ajio.keyword.Keyword 
  INFO  Splitting locatorName: emailErrorMsg
2020-May-28 17:21:27,160 [main] com.ajio.keyword.Keyword 
  INFO  Locator Type: xpath
2020-May-28 17:21:27,160 [main] com.ajio.keyword.Keyword 
  INFO  Locator Value: //div[@id="error-msg"]
2020-May-28 17:21:27,212 [main] com.ajio.keyword.Keyword 
  INFO  Please enter valid Mobile Number / Email. returned Text !!
2020-May-28 17:21:27,392 [main] com.ajio.keyword.Keyword 
  INFO  Current browser window is Closed!!
2020-May-28 17:21:33,178 [main] com.ajio.keyword.Keyword 
  INFO  chrome is opened!! 
2020-May-28 17:21:37,336 [main] com.ajio.keyword.Keyword 
  INFO  Maximized Browser Window!!
2020-May-28 17:21:44,263 [main] com.ajio.keyword.Keyword 
  INFO  https://www.ajio.com is launched!!
2020-May-28 17:21:46,879 [main] com.ajio.keyword.Keyword 
  INFO  Deleted All Cookies!!
2020-May-28 17:21:46,887 [main] com.ajio.keyword.Keyword 
  INFO  20SECONDS Page load timeout  is applied!!
2020-May-28 17:21:46,895 [main] com.ajio.keyword.Keyword 
  INFO  20SECONDS Implicit Wait is applied!!
2020-May-28 17:21:46,899 [main] com.ajio.keyword.Keyword 
  INFO  Splitting locatorName: signIn/JoinAjio
2020-May-28 17:21:46,899 [main] com.ajio.keyword.Keyword 
  INFO  Locator Type: xpath
2020-May-28 17:21:46,899 [main] com.ajio.keyword.Keyword 
  INFO  Locator Value: //span[@class="login-form login-modal"]
2020-May-28 17:21:47,027 [main] com.ajio.keyword.Keyword 
  INFO  Clicked on signIn/JoinAjio
2020-May-28 17:21:47,031 [main] com.ajio.keyword.Keyword 
  INFO  Splitting locatorName: email
2020-May-28 17:21:47,031 [main] com.ajio.keyword.Keyword 
  INFO  Locator Type: xpath
2020-May-28 17:21:47,031 [main] com.ajio.keyword.Keyword 
  INFO  Locator Value: //input[@name="username"]
2020-May-28 17:21:47,311 [main] com.ajio.keyword.Keyword 
  INFO  Splitting locatorName: continue
2020-May-28 17:21:47,311 [main] com.ajio.keyword.Keyword 
  INFO  Locator Type: xpath
2020-May-28 17:21:47,311 [main] com.ajio.keyword.Keyword 
  INFO  Locator Value: //input[@value="Continue"]
2020-May-28 17:21:47,405 [main] com.ajio.keyword.Keyword 
  INFO  Clicked on continue
2020-May-28 17:21:47,405 [main] com.ajio.keyword.Keyword 
  INFO  Splitting locatorName: loginForm
2020-May-28 17:21:47,405 [main] com.ajio.keyword.Keyword 
  INFO  Locator Type: xpath
2020-May-28 17:21:47,405 [main] com.ajio.keyword.Keyword 
  INFO  Locator Value: //div[@class="modal-login-container"]/descendant::form[@class="login-form"]
2020-May-28 17:21:48,457 [main] com.ajio.keyword.Keyword 
  INFO  Current browser window is Closed!!
2020-May-28 17:21:54,325 [main] com.ajio.keyword.Keyword 
  INFO  chrome is opened!! 
2020-May-28 17:21:58,457 [main] com.ajio.keyword.Keyword 
  INFO  Maximized Browser Window!!
