2020-May-29 16:29:16,587 [main] com.ajio.keyword.Keyword 
  INFO  chrome is opened!! 
2020-May-29 16:29:20,778 [main] com.ajio.keyword.Keyword 
  INFO  Maximized Browser Window!!
2020-May-29 16:29:29,995 [main] com.ajio.keyword.Keyword 
  INFO  https://www.ajio.com is launched!!
2020-May-29 16:29:32,418 [main] com.ajio.keyword.Keyword 
  INFO  Deleted All Cookies!!
2020-May-29 16:29:32,426 [main] com.ajio.keyword.Keyword 
  INFO  20SECONDS Page load timeout  is applied!!
2020-May-29 16:29:32,434 [main] com.ajio.keyword.Keyword 
  INFO  20SECONDS Implicit Wait is applied!!
2020-May-29 16:29:32,452 [main] com.ajio.keyword.Keyword 
  INFO  Splitting locatorName: signIn/JoinAjio
2020-May-29 16:29:32,456 [main] com.ajio.keyword.Keyword 
  INFO  Locator Type: xpath
2020-May-29 16:29:32,456 [main] com.ajio.keyword.Keyword 
  INFO  Locator Value: //span[@class="login-form login-modal"]
2020-May-29 16:29:32,715 [main] com.ajio.keyword.Keyword 
  INFO  Clicked on signIn/JoinAjio
2020-May-29 16:29:32,715 [main] com.ajio.keyword.Keyword 
  INFO  Splitting locatorName: email
2020-May-29 16:29:32,715 [main] com.ajio.keyword.Keyword 
  INFO  Locator Type: xpath
2020-May-29 16:29:32,715 [main] com.ajio.keyword.Keyword 
  INFO  Locator Value: //input[@name="username"]
2020-May-29 16:29:33,749 [main] com.ajio.keyword.Keyword 
  INFO  Splitting locatorName: continue
2020-May-29 16:29:33,749 [main] com.ajio.keyword.Keyword 
  INFO  Locator Type: xpath
2020-May-29 16:29:33,749 [main] com.ajio.keyword.Keyword 
  INFO  Locator Value: //input[@value="Continue"]
2020-May-29 16:29:33,949 [main] com.ajio.keyword.Keyword 
  INFO  Clicked on continue
2020-May-29 16:29:33,949 [main] com.ajio.keyword.Keyword 
  INFO  Splitting locatorName: loginpassword
2020-May-29 16:29:33,953 [main] com.ajio.keyword.Keyword 
  INFO  Locator Type: xpath
2020-May-29 16:29:33,953 [main] com.ajio.keyword.Keyword 
  INFO  Locator Value: //input[@name="password"]
2020-May-29 16:29:34,952 [main] com.ajio.keyword.Keyword 
  INFO  Splitting locatorName: startShopping
2020-May-29 16:29:34,952 [main] com.ajio.keyword.Keyword 
  INFO  Locator Type: xpath
2020-May-29 16:29:34,952 [main] com.ajio.keyword.Keyword 
  INFO  Locator Value: //input[@value="START SHOPPING"]
2020-May-29 16:29:35,062 [main] com.ajio.keyword.Keyword 
  INFO  Clicked on startShopping
2020-May-29 16:29:35,090 [main] com.ajio.keyword.Keyword 
  INFO  8SECONDS Explicit wait is applied!!
2020-May-29 16:29:35,090 [main] com.ajio.keyword.Keyword 
  INFO  Splitting locatorName: signOut
2020-May-29 16:29:35,094 [main] com.ajio.keyword.Keyword 
  INFO  Locator Type: xpath
2020-May-29 16:29:35,094 [main] com.ajio.keyword.Keyword 
  INFO  Locator Value: //a[text()='Sign Out']
2020-May-29 16:29:40,761 [main] com.ajio.keyword.Keyword 
  INFO  Screenshot taken Successfully!!
2020-May-29 16:29:40,941 [main] com.ajio.keyword.Keyword 
  INFO  Current browser window is Closed!!
2020-May-29 16:29:47,220 [main] com.ajio.keyword.Keyword 
  INFO  chrome is opened!! 
2020-May-29 16:29:51,398 [main] com.ajio.keyword.Keyword 
  INFO  Maximized Browser Window!!
