2020-May-29 01:16:32,480 [main] com.ajio.keyword.Keyword 
  INFO  chrome is opened!! 
2020-May-29 01:16:36,666 [main] com.ajio.keyword.Keyword 
  INFO  Maximized Browser Window!!
2020-May-29 01:16:43,335 [main] com.ajio.keyword.Keyword 
  INFO  https://www.ajio.com is launched!!
2020-May-29 01:16:44,393 [main] com.ajio.keyword.Keyword 
  INFO  Deleted All Cookies!!
2020-May-29 01:16:44,401 [main] com.ajio.keyword.Keyword 
  INFO  20SECONDS Page load timeout  is applied!!
2020-May-29 01:16:44,405 [main] com.ajio.keyword.Keyword 
  INFO  20SECONDS Implicit Wait is applied!!
2020-May-29 01:16:44,413 [main] com.ajio.keyword.Keyword 
  INFO  Splitting locatorName: signIn/JoinAjio
2020-May-29 01:16:44,413 [main] com.ajio.keyword.Keyword 
  INFO  Locator Type: xpath
2020-May-29 01:16:44,413 [main] com.ajio.keyword.Keyword 
  INFO  Locator Value: //span[@class="login-form login-modal"]
2020-May-29 01:16:44,557 [main] com.ajio.keyword.Keyword 
  INFO  Clicked on signIn/JoinAjio
2020-May-29 01:16:44,561 [main] com.ajio.keyword.Keyword 
  INFO  Splitting locatorName: facebookSignIn
2020-May-29 01:16:44,565 [main] com.ajio.keyword.Keyword 
  INFO  Locator Type: xpath
2020-May-29 01:16:44,565 [main] com.ajio.keyword.Keyword 
  INFO  Locator Value: //div[@class="fb-login"]
2020-May-29 01:16:44,714 [main] com.ajio.keyword.Keyword 
  INFO  Clicked on facebookSignIn
2020-May-29 01:16:44,942 [main] com.ajio.keyword.Keyword 
  INFO  Current browser window is Closed!!
