2020-May-28 16:31:00,378 [main] com.ajio.keyword.Keyword 
  INFO  Maximized Browser Window!!
2020-May-28 16:31:07,307 [main] com.ajio.keyword.Keyword 
  INFO  https://www.ajio.com is launched!!
2020-May-28 16:31:09,238 [main] com.ajio.keyword.Keyword 
  INFO  Deleted All Cookies!!
2020-May-28 16:31:09,258 [main] com.ajio.keyword.Keyword 
  INFO  20SECONDS Page load timeout  is applied!!
2020-May-28 16:31:09,266 [main] com.ajio.keyword.Keyword 
  INFO  20SECONDS Implicit Wait is applied!!
2020-May-28 16:31:09,286 [main] com.ajio.keyword.Keyword 
  INFO  Splitting locatorName: signIn/JoinAjio
2020-May-28 16:31:09,293 [main] com.ajio.keyword.Keyword 
  INFO  Locator Type: xpath
2020-May-28 16:31:09,293 [main] com.ajio.keyword.Keyword 
  INFO  Locator Value: //span[@class="login-form login-modal"]
2020-May-28 16:31:09,565 [main] com.ajio.keyword.Keyword 
  INFO  Clicked on signIn/JoinAjio
2020-May-28 16:31:09,565 [main] com.ajio.keyword.Keyword 
  INFO  Splitting locatorName: email
2020-May-28 16:31:09,569 [main] com.ajio.keyword.Keyword 
  INFO  Locator Type: xpath
2020-May-28 16:31:09,569 [main] com.ajio.keyword.Keyword 
  INFO  Locator Value: //input[@name="username"]
2020-May-28 16:31:10,049 [main] com.ajio.keyword.Keyword 
  INFO  Splitting locatorName: continue
2020-May-28 16:31:10,049 [main] com.ajio.keyword.Keyword 
  INFO  Locator Type: xpath
2020-May-28 16:31:10,049 [main] com.ajio.keyword.Keyword 
  INFO  Locator Value: //input[@value="Continue"]
2020-May-28 16:31:10,177 [main] com.ajio.keyword.Keyword 
  INFO  Clicked on continue
2020-May-28 16:31:10,177 [main] com.ajio.keyword.Keyword 
  INFO  Splitting locatorName: name
2020-May-28 16:31:10,177 [main] com.ajio.keyword.Keyword 
  INFO  Locator Type: xpath
2020-May-28 16:31:10,177 [main] com.ajio.keyword.Keyword 
  INFO  Locator Value: //input[@name="user-name"]
2020-May-28 16:31:11,461 [main] com.ajio.keyword.Keyword 
  INFO  Splitting locatorName: sendOTP
2020-May-28 16:31:11,461 [main] com.ajio.keyword.Keyword 
  INFO  Locator Type: xpath
2020-May-28 16:31:11,461 [main] com.ajio.keyword.Keyword 
  INFO  Locator Value: //input[@value="SEND OTP"]
2020-May-28 16:31:11,565 [main] com.ajio.keyword.Keyword 
  INFO  Clicked on sendOTP
2020-May-28 16:31:11,565 [main] com.ajio.keyword.Keyword 
  INFO  Splitting locatorName: nameErrorMsg
2020-May-28 16:31:11,569 [main] com.ajio.keyword.Keyword 
  INFO  Locator Type: xpath
2020-May-28 16:31:11,569 [main] com.ajio.keyword.Keyword 
  INFO  Locator Value: //div[text()='Use only alphabets and an optional single space between words.']
2020-May-28 16:31:11,609 [main] com.ajio.keyword.Keyword 
  INFO  Use only alphabets and an optional single space between words. returned Text !!
2020-May-28 16:31:11,826 [main] com.ajio.keyword.Keyword 
  INFO  Current browser window is Closed!!
2020-May-28 16:31:17,734 [main] com.ajio.keyword.Keyword 
  INFO  chrome is opened!! 
2020-May-28 16:31:21,882 [main] com.ajio.keyword.Keyword 
  INFO  Maximized Browser Window!!
2020-May-28 16:31:27,389 [main] com.ajio.keyword.Keyword 
  INFO  https://www.ajio.com is launched!!
2020-May-28 16:31:30,429 [main] com.ajio.keyword.Keyword 
  INFO  Deleted All Cookies!!
2020-May-28 16:31:30,437 [main] com.ajio.keyword.Keyword 
  INFO  20SECONDS Page load timeout  is applied!!
2020-May-28 16:31:30,445 [main] com.ajio.keyword.Keyword 
  INFO  20SECONDS Implicit Wait is applied!!
2020-May-28 16:31:30,451 [main] com.ajio.keyword.Keyword 
  INFO  Splitting locatorName: signIn/JoinAjio
2020-May-28 16:31:30,459 [main] com.ajio.keyword.Keyword 
  INFO  Locator Type: xpath
2020-May-28 16:31:30,463 [main] com.ajio.keyword.Keyword 
  INFO  Locator Value: //span[@class="login-form login-modal"]
2020-May-28 16:31:30,692 [main] com.ajio.keyword.Keyword 
  INFO  Clicked on signIn/JoinAjio
2020-May-28 16:31:30,696 [main] com.ajio.keyword.Keyword 
  INFO  Splitting locatorName: email
2020-May-28 16:31:30,696 [main] com.ajio.keyword.Keyword 
  INFO  Locator Type: xpath
2020-May-28 16:31:30,696 [main] com.ajio.keyword.Keyword 
  INFO  Locator Value: //input[@name="username"]
2020-May-28 16:31:30,968 [main] com.ajio.keyword.Keyword 
  INFO  Splitting locatorName: continue
2020-May-28 16:31:30,968 [main] com.ajio.keyword.Keyword 
  INFO  Locator Type: xpath
2020-May-28 16:31:30,968 [main] com.ajio.keyword.Keyword 
  INFO  Locator Value: //input[@value="Continue"]
2020-May-28 16:31:31,072 [main] com.ajio.keyword.Keyword 
  INFO  Clicked on continue
2020-May-28 16:31:31,072 [main] com.ajio.keyword.Keyword 
  INFO  Splitting locatorName: mobile
2020-May-28 16:31:31,072 [main] com.ajio.keyword.Keyword 
  INFO  Locator Type: xpath
2020-May-28 16:31:31,072 [main] com.ajio.keyword.Keyword 
  INFO  Locator Value: //input[@placeholder="Mobile"]
2020-May-28 16:31:32,304 [main] com.ajio.keyword.Keyword 
  INFO  Splitting locatorName: sendOTP
2020-May-28 16:31:32,304 [main] com.ajio.keyword.Keyword 
  INFO  Locator Type: xpath
2020-May-28 16:31:32,304 [main] com.ajio.keyword.Keyword 
  INFO  Locator Value: //input[@value="SEND OTP"]
2020-May-28 16:31:32,425 [main] com.ajio.keyword.Keyword 
  INFO  Clicked on sendOTP
2020-May-28 16:31:32,425 [main] com.ajio.keyword.Keyword 
  INFO  Splitting locatorName: mobileErrorMsg
2020-May-28 16:31:32,425 [main] com.ajio.keyword.Keyword 
  INFO  Locator Type: xpath
2020-May-28 16:31:32,429 [main] com.ajio.keyword.Keyword 
  INFO  Locator Value: //div[text()="Please enter a valid Mobile number."]
2020-May-28 16:31:32,461 [main] com.ajio.keyword.Keyword 
  INFO  Please enter a valid Mobile number. returned Text !!
2020-May-28 16:31:36,604 [main] com.ajio.keyword.Keyword 
  INFO  Current browser window is Closed!!
