2020-May-29 16:26:05,669 [main] com.ajio.keyword.Keyword 
  INFO  https://www.ajio.com is launched!!
2020-May-29 16:26:07,939 [main] com.ajio.keyword.Keyword 
  INFO  Deleted All Cookies!!
2020-May-29 16:26:07,943 [main] com.ajio.keyword.Keyword 
  INFO  20SECONDS Page load timeout  is applied!!
2020-May-29 16:26:07,947 [main] com.ajio.keyword.Keyword 
  INFO  20SECONDS Implicit Wait is applied!!
2020-May-29 16:26:07,950 [main] com.ajio.keyword.Keyword 
  INFO  Splitting locatorName: signIn/JoinAjio
2020-May-29 16:26:07,950 [main] com.ajio.keyword.Keyword 
  INFO  Locator Type: xpath
2020-May-29 16:26:07,951 [main] com.ajio.keyword.Keyword 
  INFO  Locator Value: //span[@class="login-form login-modal"]
2020-May-29 16:26:08,239 [main] com.ajio.keyword.Keyword 
  INFO  Clicked on signIn/JoinAjio
2020-May-29 16:26:08,303 [main] com.ajio.keyword.Keyword 
  INFO  Splitting locatorName: email
2020-May-29 16:26:08,303 [main] com.ajio.keyword.Keyword 
  INFO  Locator Type: xpath
2020-May-29 16:26:08,303 [main] com.ajio.keyword.Keyword 
  INFO  Locator Value: //input[@name="username"]
2020-May-29 16:26:08,619 [main] com.ajio.keyword.Keyword 
  INFO  Splitting locatorName: continue
2020-May-29 16:26:08,623 [main] com.ajio.keyword.Keyword 
  INFO  Locator Type: xpath
2020-May-29 16:26:08,623 [main] com.ajio.keyword.Keyword 
  INFO  Locator Value: //input[@value="Continue"]
2020-May-29 16:26:08,779 [main] com.ajio.keyword.Keyword 
  INFO  Clicked on continue
2020-May-29 16:26:08,779 [main] com.ajio.keyword.Keyword 
  INFO  Splitting locatorName: loginpassword
2020-May-29 16:26:08,779 [main] com.ajio.keyword.Keyword 
  INFO  Locator Type: xpath
2020-May-29 16:26:08,779 [main] com.ajio.keyword.Keyword 
  INFO  Locator Value: //input[@name="password"]
2020-May-29 16:26:10,176 [main] com.ajio.keyword.Keyword 
  INFO  Splitting locatorName: startShopping
2020-May-29 16:26:10,176 [main] com.ajio.keyword.Keyword 
  INFO  Locator Type: xpath
2020-May-29 16:26:10,176 [main] com.ajio.keyword.Keyword 
  INFO  Locator Value: //input[@value="START SHOPPING"]
2020-May-29 16:26:10,352 [main] com.ajio.keyword.Keyword 
  INFO  Clicked on startShopping
2020-May-29 16:26:10,384 [main] com.ajio.keyword.Keyword 
  INFO  3SECONDS Explicit wait is applied!!
2020-May-29 16:26:10,384 [main] com.ajio.keyword.Keyword 
  INFO  Splitting locatorName: passErrorMsg2
2020-May-29 16:26:10,384 [main] com.ajio.keyword.Keyword 
  INFO  Locator Type: xpath
2020-May-29 16:26:10,384 [main] com.ajio.keyword.Keyword 
  INFO  Locator Value: //div[text()='Wrong Password Entered'] 
2020-May-29 16:26:10,864 [main] com.ajio.keyword.Keyword 
  INFO  Wrong Password Entered returned Text !!
2020-May-29 16:26:11,264 [main] com.ajio.keyword.Keyword 
  INFO  Current browser window is Closed!!
2020-May-29 16:26:17,475 [main] com.ajio.keyword.Keyword 
  INFO  chrome is opened!! 
2020-May-29 16:26:21,656 [main] com.ajio.keyword.Keyword 
  INFO  Maximized Browser Window!!
2020-May-29 16:26:27,141 [main] com.ajio.keyword.Keyword 
  INFO  https://www.ajio.com is launched!!
2020-May-29 16:26:30,598 [main] com.ajio.keyword.Keyword 
  INFO  Deleted All Cookies!!
2020-May-29 16:26:30,602 [main] com.ajio.keyword.Keyword 
  INFO  20SECONDS Page load timeout  is applied!!
2020-May-29 16:26:30,614 [main] com.ajio.keyword.Keyword 
  INFO  20SECONDS Implicit Wait is applied!!
2020-May-29 16:26:30,618 [main] com.ajio.keyword.Keyword 
  INFO  Splitting locatorName: signIn/JoinAjio
2020-May-29 16:26:30,619 [main] com.ajio.keyword.Keyword 
  INFO  Locator Type: xpath
2020-May-29 16:26:30,619 [main] com.ajio.keyword.Keyword 
  INFO  Locator Value: //span[@class="login-form login-modal"]
2020-May-29 16:26:31,027 [main] com.ajio.keyword.Keyword 
  INFO  Clicked on signIn/JoinAjio
2020-May-29 16:26:31,027 [main] com.ajio.keyword.Keyword 
  INFO  Splitting locatorName: email
2020-May-29 16:26:31,027 [main] com.ajio.keyword.Keyword 
  INFO  Locator Type: xpath
2020-May-29 16:26:31,031 [main] com.ajio.keyword.Keyword 
  INFO  Locator Value: //input[@name="username"]
2020-May-29 16:26:31,456 [main] com.ajio.keyword.Keyword 
  INFO  Splitting locatorName: continue
2020-May-29 16:26:31,456 [main] com.ajio.keyword.Keyword 
  INFO  Locator Type: xpath
2020-May-29 16:26:31,456 [main] com.ajio.keyword.Keyword 
  INFO  Locator Value: //input[@value="Continue"]
2020-May-29 16:26:31,906 [main] com.ajio.keyword.Keyword 
  INFO  Clicked on continue
2020-May-29 16:26:31,906 [main] com.ajio.keyword.Keyword 
  INFO  Splitting locatorName: loginpassword
2020-May-29 16:26:31,906 [main] com.ajio.keyword.Keyword 
  INFO  Locator Type: xpath
2020-May-29 16:26:31,906 [main] com.ajio.keyword.Keyword 
  INFO  Locator Value: //input[@name="password"]
2020-May-29 16:26:32,804 [main] com.ajio.keyword.Keyword 
  INFO  Splitting locatorName: startShopping
2020-May-29 16:26:32,804 [main] com.ajio.keyword.Keyword 
  INFO  Locator Type: xpath
2020-May-29 16:26:32,804 [main] com.ajio.keyword.Keyword 
  INFO  Locator Value: //input[@value="START SHOPPING"]
2020-May-29 16:26:32,908 [main] com.ajio.keyword.Keyword 
  INFO  Clicked on startShopping
2020-May-29 16:26:32,908 [main] com.ajio.keyword.Keyword 
  INFO  8SECONDS Explicit wait is applied!!
2020-May-29 16:26:32,908 [main] com.ajio.keyword.Keyword 
  INFO  Splitting locatorName: signOut
2020-May-29 16:26:32,908 [main] com.ajio.keyword.Keyword 
  INFO  Locator Type: xpath
2020-May-29 16:26:33,775 [main] com.ajio.keyword.Keyword 
  INFO  Screenshot taken Successfully!!
2020-May-29 16:26:38,160 [main] com.ajio.keyword.Keyword 
  INFO  Current browser window is Closed!!
2020-May-29 16:26:44,621 [main] com.ajio.keyword.Keyword 
  INFO  chrome is opened!! 
2020-May-29 16:26:48,774 [main] com.ajio.keyword.Keyword 
  INFO  Maximized Browser Window!!
2020-May-29 16:26:58,149 [main] com.ajio.keyword.Keyword 
  INFO  https://www.ajio.com is launched!!
