2020-May-29 02:07:30,537 [main] com.ajio.keyword.Keyword 
  INFO  chrome is opened!! 
2020-May-29 02:07:34,745 [main] com.ajio.keyword.Keyword 
  INFO  Maximized Browser Window!!
2020-May-29 02:07:42,896 [main] com.ajio.keyword.Keyword 
  INFO  https://www.ajio.com is launched!!
2020-May-29 02:07:45,599 [main] com.ajio.keyword.Keyword 
  INFO  Deleted All Cookies!!
2020-May-29 02:07:45,607 [main] com.ajio.keyword.Keyword 
  INFO  20SECONDS Page load timeout  is applied!!
2020-May-29 02:07:45,611 [main] com.ajio.keyword.Keyword 
  INFO  20SECONDS Implicit Wait is applied!!
2020-May-29 02:07:45,620 [main] com.ajio.keyword.Keyword 
  INFO  Splitting locatorName: signIn/JoinAjio
2020-May-29 02:07:45,620 [main] com.ajio.keyword.Keyword 
  INFO  Locator Type: xpath
2020-May-29 02:07:45,620 [main] com.ajio.keyword.Keyword 
  INFO  Locator Value: //span[@class="login-form login-modal"]
2020-May-29 02:07:45,791 [main] com.ajio.keyword.Keyword 
  INFO  Clicked on signIn/JoinAjio
2020-May-29 02:07:45,799 [main] com.ajio.keyword.Keyword 
  INFO  Splitting locatorName: facebookSignIn
2020-May-29 02:07:45,799 [main] com.ajio.keyword.Keyword 
  INFO  Locator Type: xpath
2020-May-29 02:07:45,799 [main] com.ajio.keyword.Keyword 
  INFO  Locator Value: //div[@class="fb-login"]
2020-May-29 02:07:45,968 [main] com.ajio.keyword.Keyword 
  INFO  Clicked on facebookSignIn
2020-May-29 02:07:45,996 [main] com.ajio.keyword.Keyword 
  INFO  8SECONDS Explicit wait is applied!!
2020-May-29 02:07:46,064 [main] com.ajio.keyword.Keyword 
  INFO  8SECONDS Explicit wait is applied!!
2020-May-29 02:07:46,064 [main] com.ajio.keyword.Keyword 
  INFO  Splitting locatorName: facebookEmail
2020-May-29 02:07:46,068 [main] com.ajio.keyword.Keyword 
  INFO  Locator Type: xpath
2020-May-29 02:07:46,068 [main] com.ajio.keyword.Keyword 
  INFO  Locator Value: //input[@id="email"]
