2020-May-31 01:41:00,974 [main] com.ajio.keyword.Keyword 
  INFO  Online Shopping for Men – Clothing, Footwear, Fashion & Accessories | AJIO  :Returned Current Webpage Title!!
2020-May-31 01:41:11,837 [main] com.ajio.keyword.Keyword 
  INFO  chrome is opened!! 
2020-May-31 01:41:16,169 [main] com.ajio.keyword.Keyword 
  INFO  Maximized Browser Window!!
2020-May-31 01:41:26,922 [main] com.ajio.keyword.Keyword 
  INFO  https://www.ajio.com is launched!!
2020-May-31 01:41:30,979 [main] com.ajio.keyword.Keyword 
  INFO  Deleted All Cookies!!
2020-May-31 01:41:30,984 [main] com.ajio.keyword.Keyword 
  INFO  20SECONDS Page load timeout  is applied!!
2020-May-31 01:41:30,989 [main] com.ajio.keyword.Keyword 
  INFO  20SECONDS Implicit Wait is applied!!
2020-May-31 01:41:36,299 [main] com.ajio.keyword.Keyword 
  INFO  Online Kids fashion shopping site in India - AJIO  :Returned Current Webpage Title!!
2020-May-31 01:41:47,253 [main] com.ajio.keyword.Keyword 
  INFO  chrome is opened!! 
2020-May-31 01:41:51,663 [main] com.ajio.keyword.Keyword 
  INFO  Maximized Browser Window!!
2020-May-31 01:41:59,620 [main] com.ajio.keyword.Keyword 
  INFO  https://www.ajio.com is launched!!
