2020-May-28 16:50:02,658 [main] com.ajio.keyword.Keyword 
  INFO  Maximized Browser Window!!
2020-May-28 16:50:11,953 [main] com.ajio.keyword.Keyword 
  INFO  https://www.ajio.com is launched!!
2020-May-28 16:50:14,437 [main] com.ajio.keyword.Keyword 
  INFO  Deleted All Cookies!!
2020-May-28 16:50:14,445 [main] com.ajio.keyword.Keyword 
  INFO  20SECONDS Page load timeout  is applied!!
2020-May-28 16:50:14,449 [main] com.ajio.keyword.Keyword 
  INFO  20SECONDS Implicit Wait is applied!!
2020-May-28 16:50:14,458 [main] com.ajio.keyword.Keyword 
  INFO  Splitting locatorName: signIn/JoinAjio
2020-May-28 16:50:14,462 [main] com.ajio.keyword.Keyword 
  INFO  Locator Type: xpath
2020-May-28 16:50:14,462 [main] com.ajio.keyword.Keyword 
  INFO  Locator Value: //span[@class="login-form login-modal"]
2020-May-28 16:50:14,626 [main] com.ajio.keyword.Keyword 
  INFO  Clicked on signIn/JoinAjio
2020-May-28 16:50:14,626 [main] com.ajio.keyword.Keyword 
  INFO  Splitting locatorName: email
2020-May-28 16:50:14,626 [main] com.ajio.keyword.Keyword 
  INFO  Locator Type: xpath
2020-May-28 16:50:14,626 [main] com.ajio.keyword.Keyword 
  INFO  Locator Value: //input[@name="username"]
2020-May-28 16:50:14,934 [main] com.ajio.keyword.Keyword 
  INFO  Splitting locatorName: continue
2020-May-28 16:50:14,934 [main] com.ajio.keyword.Keyword 
  INFO  Locator Type: xpath
2020-May-28 16:50:14,934 [main] com.ajio.keyword.Keyword 
  INFO  Locator Value: //input[@value="Continue"]
2020-May-28 16:50:15,042 [main] com.ajio.keyword.Keyword 
  INFO  Clicked on continue
2020-May-28 16:50:15,042 [main] com.ajio.keyword.Keyword 
  INFO  Splitting locatorName: password
2020-May-28 16:50:15,042 [main] com.ajio.keyword.Keyword 
  INFO  Locator Type: xpath
2020-May-28 16:50:15,046 [main] com.ajio.keyword.Keyword 
  INFO  Locator Value: //input[@name="pwd"]
2020-May-28 16:50:16,342 [main] com.ajio.keyword.Keyword 
  INFO  Splitting locatorName: sendOTP
2020-May-28 16:50:16,346 [main] com.ajio.keyword.Keyword 
  INFO  Locator Type: xpath
2020-May-28 16:50:16,346 [main] com.ajio.keyword.Keyword 
  INFO  Locator Value: //input[@value="SEND OTP"]
2020-May-28 16:50:16,438 [main] com.ajio.keyword.Keyword 
  INFO  Clicked on sendOTP
2020-May-28 16:50:16,438 [main] com.ajio.keyword.Keyword 
  INFO  Splitting locatorName: passErrorMsg
2020-May-28 16:50:16,442 [main] com.ajio.keyword.Keyword 
  INFO  Locator Type: xpath
2020-May-28 16:50:16,442 [main] com.ajio.keyword.Keyword 
  INFO  Locator Value: //div[contains(text(),"Password should have")]
2020-May-28 16:50:37,219 [main] com.ajio.keyword.Keyword 
  INFO  Screenshot taken Successfully!!
2020-May-28 16:50:41,375 [main] com.ajio.keyword.Keyword 
  INFO  Current browser window is Closed!!
2020-May-28 16:50:47,152 [main] com.ajio.keyword.Keyword 
  INFO  chrome is opened!! 
2020-May-28 16:50:51,342 [main] com.ajio.keyword.Keyword 
  INFO  Maximized Browser Window!!
2020-May-28 16:50:57,298 [main] com.ajio.keyword.Keyword 
  INFO  https://www.ajio.com is launched!!
2020-May-28 16:50:59,242 [main] com.ajio.keyword.Keyword 
  INFO  Deleted All Cookies!!
2020-May-28 16:50:59,246 [main] com.ajio.keyword.Keyword 
  INFO  20SECONDS Page load timeout  is applied!!
2020-May-28 16:50:59,254 [main] com.ajio.keyword.Keyword 
  INFO  20SECONDS Implicit Wait is applied!!
2020-May-28 16:50:59,257 [main] com.ajio.keyword.Keyword 
  INFO  Splitting locatorName: signIn/JoinAjio
2020-May-28 16:50:59,258 [main] com.ajio.keyword.Keyword 
  INFO  Locator Type: xpath
2020-May-28 16:50:59,259 [main] com.ajio.keyword.Keyword 
  INFO  Locator Value: //span[@class="login-form login-modal"]
2020-May-28 16:50:59,475 [main] com.ajio.keyword.Keyword 
  INFO  Clicked on signIn/JoinAjio
2020-May-28 16:50:59,475 [main] com.ajio.keyword.Keyword 
  INFO  Splitting locatorName: email
2020-May-28 16:50:59,475 [main] com.ajio.keyword.Keyword 
  INFO  Locator Type: xpath
2020-May-28 16:50:59,475 [main] com.ajio.keyword.Keyword 
  INFO  Locator Value: //input[@name="username"]
2020-May-28 16:50:59,763 [main] com.ajio.keyword.Keyword 
  INFO  Splitting locatorName: continue
2020-May-28 16:50:59,763 [main] com.ajio.keyword.Keyword 
  INFO  Locator Type: xpath
2020-May-28 16:50:59,763 [main] com.ajio.keyword.Keyword 
  INFO  Locator Value: //input[@value="Continue"]
2020-May-28 16:50:59,871 [main] com.ajio.keyword.Keyword 
  INFO  Clicked on continue
2020-May-28 16:50:59,871 [main] com.ajio.keyword.Keyword 
  INFO  Splitting locatorName: password
2020-May-28 16:50:59,871 [main] com.ajio.keyword.Keyword 
  INFO  Locator Type: xpath
2020-May-28 16:50:59,871 [main] com.ajio.keyword.Keyword 
  INFO  Locator Value: //input[@name="pwd"]
