2020-May-29 16:44:22,942 [main] com.ajio.keyword.Keyword 
  INFO  chrome is opened!! 
2020-May-29 16:44:27,197 [main] com.ajio.keyword.Keyword 
  INFO  Maximized Browser Window!!
2020-May-29 16:44:32,875 [main] com.ajio.keyword.Keyword 
  INFO  https://www.ajio.com is launched!!
2020-May-29 16:44:37,358 [main] com.ajio.keyword.Keyword 
  INFO  Deleted All Cookies!!
2020-May-29 16:44:37,378 [main] com.ajio.keyword.Keyword 
  INFO  20SECONDS Page load timeout  is applied!!
2020-May-29 16:44:37,390 [main] com.ajio.keyword.Keyword 
  INFO  20SECONDS Implicit Wait is applied!!
2020-May-29 16:44:37,434 [main] com.ajio.keyword.Keyword 
  INFO  Splitting locatorName: signIn/JoinAjio
2020-May-29 16:44:37,438 [main] com.ajio.keyword.Keyword 
  INFO  Locator Type: xpath
2020-May-29 16:44:37,438 [main] com.ajio.keyword.Keyword 
  INFO  Locator Value: //span[@class="login-form login-modal"]
2020-May-29 16:44:37,618 [main] com.ajio.keyword.Keyword 
  INFO  Clicked on signIn/JoinAjio
2020-May-29 16:44:37,618 [main] com.ajio.keyword.Keyword 
  INFO  Splitting locatorName: email
2020-May-29 16:44:37,618 [main] com.ajio.keyword.Keyword 
  INFO  Locator Type: xpath
2020-May-29 16:44:37,618 [main] com.ajio.keyword.Keyword 
  INFO  Locator Value: //input[@name="username"]
2020-May-29 16:44:37,981 [main] com.ajio.keyword.Keyword 
  INFO  Splitting locatorName: continue
2020-May-29 16:44:37,981 [main] com.ajio.keyword.Keyword 
  INFO  Locator Type: xpath
2020-May-29 16:44:37,981 [main] com.ajio.keyword.Keyword 
  INFO  Locator Value: //input[@value="Continue"]
2020-May-29 16:44:38,109 [main] com.ajio.keyword.Keyword 
  INFO  Clicked on continue
2020-May-29 16:44:38,109 [main] com.ajio.keyword.Keyword 
  INFO  Splitting locatorName: loginpassword
2020-May-29 16:44:38,109 [main] com.ajio.keyword.Keyword 
  INFO  Locator Type: xpath
2020-May-29 16:44:38,109 [main] com.ajio.keyword.Keyword 
  INFO  Locator Value: //input[@name="password"]
2020-May-29 16:44:39,249 [main] com.ajio.keyword.Keyword 
  INFO  Splitting locatorName: startShopping
2020-May-29 16:44:39,249 [main] com.ajio.keyword.Keyword 
  INFO  Locator Type: xpath
2020-May-29 16:44:39,249 [main] com.ajio.keyword.Keyword 
  INFO  Locator Value: //input[@value="START SHOPPING"]
2020-May-29 16:44:39,377 [main] com.ajio.keyword.Keyword 
  INFO  Clicked on startShopping
2020-May-29 16:44:39,401 [main] com.ajio.keyword.Keyword 
  INFO  10SECONDS Explicit wait is applied!!
2020-May-29 16:44:39,401 [main] com.ajio.keyword.Keyword 
  INFO  Splitting locatorName: signOut
2020-May-29 16:44:39,401 [main] com.ajio.keyword.Keyword 
  INFO  Locator Type: xpath
2020-May-29 16:44:39,401 [main] com.ajio.keyword.Keyword 
  INFO  Locator Value: //a[text()='Sign Out']
2020-May-29 16:44:44,204 [main] com.ajio.keyword.Keyword 
  INFO  Splitting locatorName: signOut
2020-May-29 16:44:44,204 [main] com.ajio.keyword.Keyword 
  INFO  Locator Type: xpath
2020-May-29 16:44:44,204 [main] com.ajio.keyword.Keyword 
  INFO  Locator Value: //a[text()='Sign Out']
2020-May-29 16:44:44,726 [main] com.ajio.keyword.Keyword 
  INFO  Clicked on signOut
2020-May-29 16:44:44,726 [main] com.ajio.keyword.Keyword 
  INFO  6SECONDS Explicit wait is applied!!
2020-May-29 16:44:44,726 [main] com.ajio.keyword.Keyword 
  INFO  Splitting locatorName: signIn/JoinAjio
2020-May-29 16:44:44,730 [main] com.ajio.keyword.Keyword 
  INFO  Locator Type: xpath
2020-May-29 16:44:44,730 [main] com.ajio.keyword.Keyword 
  INFO  Locator Value: //span[@class="login-form login-modal"]
