2020-May-28 16:11:21,982 [main] com.ajio.keyword.Keyword 
  INFO  chrome is opened!! 
2020-May-28 16:11:26,192 [main] com.ajio.keyword.Keyword 
  INFO  Maximized Browser Window!!
2020-May-28 16:11:33,433 [main] com.ajio.keyword.Keyword 
  INFO  https://www.ajio.com is launched!!
2020-May-28 16:11:37,261 [main] com.ajio.keyword.Keyword 
  INFO  Deleted All Cookies!!
2020-May-28 16:11:37,277 [main] com.ajio.keyword.Keyword 
  INFO  20SECONDS Page load timeout  is applied!!
2020-May-28 16:11:37,289 [main] com.ajio.keyword.Keyword 
  INFO  20SECONDS Implicit Wait is applied!!
2020-May-28 16:11:37,313 [main] com.ajio.keyword.Keyword 
  INFO  Splitting locatorName: signIn/JoinAjio
2020-May-28 16:11:37,321 [main] com.ajio.keyword.Keyword 
  INFO  Locator Type: xpath
2020-May-28 16:11:37,325 [main] com.ajio.keyword.Keyword 
  INFO  Locator Value: //span[@class="login-form login-modal"]
2020-May-28 16:11:37,561 [main] com.ajio.keyword.Keyword 
  INFO  Clicked on signIn/JoinAjio
2020-May-28 16:11:37,561 [main] com.ajio.keyword.Keyword 
  INFO  Splitting locatorName: email
2020-May-28 16:11:37,561 [main] com.ajio.keyword.Keyword 
  INFO  Locator Type: xpath
2020-May-28 16:11:37,561 [main] com.ajio.keyword.Keyword 
  INFO  Locator Value: //input[@name="username"]
2020-May-28 16:11:37,920 [main] com.ajio.keyword.Keyword 
  INFO  Splitting locatorName: continue
2020-May-28 16:11:37,920 [main] com.ajio.keyword.Keyword 
  INFO  Locator Type: xpath
2020-May-28 16:11:37,920 [main] com.ajio.keyword.Keyword 
  INFO  Locator Value: //input[@value="Continue"]
2020-May-28 16:11:38,032 [main] com.ajio.keyword.Keyword 
  INFO  Clicked on continue
2020-May-28 16:11:38,036 [main] com.ajio.keyword.Keyword 
  INFO  Splitting locatorName: mobile
2020-May-28 16:11:38,036 [main] com.ajio.keyword.Keyword 
  INFO  Locator Type: xpath
2020-May-28 16:11:38,036 [main] com.ajio.keyword.Keyword 
  INFO  Locator Value: //input[@placeholder="Mobile"]
2020-May-28 16:11:39,321 [main] com.ajio.keyword.Keyword 
  INFO  Splitting locatorName: sendOTP
2020-May-28 16:11:39,325 [main] com.ajio.keyword.Keyword 
  INFO  Locator Type: xpath
2020-May-28 16:11:39,325 [main] com.ajio.keyword.Keyword 
  INFO  Locator Value: //input[@value="SEND OTP"]
2020-May-28 16:11:39,418 [main] com.ajio.keyword.Keyword 
  INFO  Clicked on sendOTP
2020-May-28 16:11:39,418 [main] com.ajio.keyword.Keyword 
  INFO  Splitting locatorName: mobileErrorMsg
2020-May-28 16:11:39,418 [main] com.ajio.keyword.Keyword 
  INFO  Locator Type: xpath
2020-May-28 16:11:39,418 [main] com.ajio.keyword.Keyword 
  INFO  Locator Value: //div[text()="Please enter a valid Mobile number."]
2020-May-28 16:11:39,454 [main] com.ajio.keyword.Keyword 
  INFO  Please enter a valid Mobile number. returned Text !!
2020-May-28 16:11:39,602 [main] com.ajio.keyword.Keyword 
  INFO  Current browser window is Closed!!
2020-May-28 16:11:45,503 [main] com.ajio.keyword.Keyword 
  INFO  chrome is opened!! 
2020-May-28 16:11:49,676 [main] com.ajio.keyword.Keyword 
  INFO  Maximized Browser Window!!
2020-May-28 16:11:56,088 [main] com.ajio.keyword.Keyword 
  INFO  https://www.ajio.com is launched!!
2020-May-28 16:11:59,668 [main] com.ajio.keyword.Keyword 
  INFO  Deleted All Cookies!!
2020-May-28 16:11:59,684 [main] com.ajio.keyword.Keyword 
  INFO  20SECONDS Page load timeout  is applied!!
2020-May-28 16:11:59,712 [main] com.ajio.keyword.Keyword 
  INFO  20SECONDS Implicit Wait is applied!!
2020-May-28 16:11:59,720 [main] com.ajio.keyword.Keyword 
  INFO  Splitting locatorName: signIn/JoinAjio
2020-May-28 16:11:59,720 [main] com.ajio.keyword.Keyword 
  INFO  Locator Type: xpath
2020-May-28 16:11:59,720 [main] com.ajio.keyword.Keyword 
  INFO  Locator Value: //span[@class="login-form login-modal"]
2020-May-28 16:11:59,914 [main] com.ajio.keyword.Keyword 
  INFO  Clicked on signIn/JoinAjio
2020-May-28 16:11:59,914 [main] com.ajio.keyword.Keyword 
  INFO  Splitting locatorName: email
2020-May-28 16:11:59,914 [main] com.ajio.keyword.Keyword 
  INFO  Locator Type: xpath
2020-May-28 16:11:59,914 [main] com.ajio.keyword.Keyword 
  INFO  Locator Value: //input[@name="username"]
