2020-May-29 02:25:24,557 [main] com.ajio.keyword.Keyword 
  INFO  chrome is opened!! 
2020-May-29 02:25:28,761 [main] com.ajio.keyword.Keyword 
  INFO  Maximized Browser Window!!
2020-May-29 02:25:35,353 [main] com.ajio.keyword.Keyword 
  INFO  https://www.ajio.com is launched!!
2020-May-29 02:25:38,271 [main] com.ajio.keyword.Keyword 
  INFO  Deleted All Cookies!!
2020-May-29 02:25:38,282 [main] com.ajio.keyword.Keyword 
  INFO  20SECONDS Page load timeout  is applied!!
2020-May-29 02:25:38,291 [main] com.ajio.keyword.Keyword 
  INFO  20SECONDS Implicit Wait is applied!!
2020-May-29 02:25:38,314 [main] com.ajio.keyword.Keyword 
  INFO  Splitting locatorName: signIn/JoinAjio
2020-May-29 02:25:38,318 [main] com.ajio.keyword.Keyword 
  INFO  Locator Type: xpath
2020-May-29 02:25:38,322 [main] com.ajio.keyword.Keyword 
  INFO  Locator Value: //span[@class="login-form login-modal"]
2020-May-29 02:25:38,574 [main] com.ajio.keyword.Keyword 
  INFO  Clicked on signIn/JoinAjio
2020-May-29 02:25:38,582 [main] com.ajio.keyword.Keyword 
  INFO  Splitting locatorName: facebookSignIn
2020-May-29 02:25:38,586 [main] com.ajio.keyword.Keyword 
  INFO  Locator Type: xpath
2020-May-29 02:25:38,586 [main] com.ajio.keyword.Keyword 
  INFO  Locator Value: //div[@class="fb-login"]
2020-May-29 02:25:38,838 [main] com.ajio.keyword.Keyword 
  INFO  Clicked on facebookSignIn
2020-May-29 02:25:38,870 [main] com.ajio.keyword.Keyword 
  INFO  8SECONDS Explicit wait is applied!!
2020-May-29 02:25:44,261 [main] com.ajio.keyword.Keyword 
  INFO  Screenshot taken Successfully!!
