2020-May-30 03:01:40,443 [main] com.ajio.keyword.Keyword 
  INFO  chrome is opened!! 
2020-May-30 03:01:44,594 [main] com.ajio.keyword.Keyword 
  INFO  Maximized Browser Window!!
2020-May-30 03:01:49,553 [main] com.ajio.keyword.Keyword 
  INFO  https://www.ajio.com is launched!!
2020-May-30 03:01:53,366 [main] com.ajio.keyword.Keyword 
  INFO  Deleted All Cookies!!
2020-May-30 03:01:53,371 [main] com.ajio.keyword.Keyword 
  INFO  20SECONDS Page load timeout  is applied!!
2020-May-30 03:01:53,375 [main] com.ajio.keyword.Keyword 
  INFO  20SECONDS Implicit Wait is applied!!
2020-May-30 03:01:53,385 [main] com.ajio.keyword.Keyword 
  INFO  Splitting locatorName: collection
2020-May-30 03:01:53,387 [main] com.ajio.keyword.Keyword 
  INFO  Locator Type: xpath
2020-May-30 03:01:53,388 [main] com.ajio.keyword.Keyword 
  INFO  Locator Value: //a[text()='Collections']
2020-May-30 03:01:56,342 [main] com.ajio.keyword.Keyword 
  INFO  Clicked on collection
2020-May-30 03:01:56,342 [main] com.ajio.keyword.Keyword 
  INFO  Splitting locatorName: searchBox
2020-May-30 03:01:56,345 [main] com.ajio.keyword.Keyword 
  INFO  Locator Type: xpath
2020-May-30 03:01:56,346 [main] com.ajio.keyword.Keyword 
  INFO  Locator Value: //input[@placeholder="Search AJIO"]
2020-May-30 03:01:56,755 [main] com.ajio.keyword.Keyword 
  INFO  Splitting locatorName: submit
2020-May-30 03:01:56,755 [main] com.ajio.keyword.Keyword 
  INFO  Locator Type: xpath
2020-May-30 03:01:56,756 [main] com.ajio.keyword.Keyword 
  INFO  Locator Value: //button[@type="submit"]
