2020-May-29 16:07:10,310 [main] com.ajio.keyword.Keyword 
  INFO  https://www.ajio.com is launched!!
2020-May-29 16:07:16,009 [main] com.ajio.keyword.Keyword 
  INFO  Deleted All Cookies!!
2020-May-29 16:07:16,014 [main] com.ajio.keyword.Keyword 
  INFO  20SECONDS Page load timeout  is applied!!
2020-May-29 16:07:16,018 [main] com.ajio.keyword.Keyword 
  INFO  20SECONDS Implicit Wait is applied!!
2020-May-29 16:07:16,020 [main] com.ajio.keyword.Keyword 
  INFO  Splitting locatorName: signIn/JoinAjio
2020-May-29 16:07:16,020 [main] com.ajio.keyword.Keyword 
  INFO  Locator Type: xpath
2020-May-29 16:07:16,021 [main] com.ajio.keyword.Keyword 
  INFO  Locator Value: //span[@class="login-form login-modal"]
2020-May-29 16:07:16,153 [main] com.ajio.keyword.Keyword 
  INFO  Clicked on signIn/JoinAjio
2020-May-29 16:07:16,248 [main] com.ajio.keyword.Keyword 
  INFO  Splitting locatorName: email
2020-May-29 16:07:16,249 [main] com.ajio.keyword.Keyword 
  INFO  Locator Type: xpath
2020-May-29 16:07:16,250 [main] com.ajio.keyword.Keyword 
  INFO  Locator Value: //input[@name="username"]
2020-May-29 16:07:16,368 [main] com.ajio.keyword.Keyword 
  INFO  Splitting locatorName: continue
2020-May-29 16:07:16,369 [main] com.ajio.keyword.Keyword 
  INFO  Locator Type: xpath
2020-May-29 16:07:16,369 [main] com.ajio.keyword.Keyword 
  INFO  Locator Value: //input[@value="Continue"]
2020-May-29 16:07:16,485 [main] com.ajio.keyword.Keyword 
  INFO  Clicked on continue
2020-May-29 16:07:16,486 [main] com.ajio.keyword.Keyword 
  INFO  Splitting locatorName: emailErrorMsg
2020-May-29 16:07:16,486 [main] com.ajio.keyword.Keyword 
  INFO  Locator Type: xpath
2020-May-29 16:07:16,487 [main] com.ajio.keyword.Keyword 
  INFO  Locator Value: //div[@id="error-msg"]
2020-May-29 16:07:16,527 [main] com.ajio.keyword.Keyword 
  INFO  Please enter a valid Mobile Number/Email. returned Text !!
2020-May-29 16:07:21,828 [main] com.ajio.keyword.Keyword 
  INFO  Current browser window is Closed!!
2020-May-29 16:07:29,079 [main] com.ajio.keyword.Keyword 
  INFO  chrome is opened!! 
2020-May-29 16:07:33,221 [main] com.ajio.keyword.Keyword 
  INFO  Maximized Browser Window!!
2020-May-29 16:07:55,174 [main] com.ajio.keyword.Keyword 
  INFO  https://www.ajio.com is launched!!
2020-May-29 16:07:58,010 [main] com.ajio.keyword.Keyword 
  INFO  Deleted All Cookies!!
2020-May-29 16:07:58,020 [main] com.ajio.keyword.Keyword 
  INFO  20SECONDS Page load timeout  is applied!!
2020-May-29 16:07:58,029 [main] com.ajio.keyword.Keyword 
  INFO  20SECONDS Implicit Wait is applied!!
2020-May-29 16:07:58,032 [main] com.ajio.keyword.Keyword 
  INFO  Splitting locatorName: signIn/JoinAjio
2020-May-29 16:07:58,033 [main] com.ajio.keyword.Keyword 
  INFO  Locator Type: xpath
2020-May-29 16:07:58,034 [main] com.ajio.keyword.Keyword 
  INFO  Locator Value: //span[@class="login-form login-modal"]
2020-May-29 16:07:58,161 [main] com.ajio.keyword.Keyword 
  INFO  Clicked on signIn/JoinAjio
2020-May-29 16:07:58,161 [main] com.ajio.keyword.Keyword 
  INFO  Splitting locatorName: email
2020-May-29 16:07:58,162 [main] com.ajio.keyword.Keyword 
  INFO  Locator Type: xpath
2020-May-29 16:07:58,163 [main] com.ajio.keyword.Keyword 
  INFO  Locator Value: //input[@name="username"]
2020-May-29 16:07:58,457 [main] com.ajio.keyword.Keyword 
  INFO  Splitting locatorName: continue
2020-May-29 16:07:58,458 [main] com.ajio.keyword.Keyword 
  INFO  Locator Type: xpath
2020-May-29 16:07:58,458 [main] com.ajio.keyword.Keyword 
  INFO  Locator Value: //input[@value="Continue"]
2020-May-29 16:07:58,570 [main] com.ajio.keyword.Keyword 
  INFO  Clicked on continue
2020-May-29 16:07:58,570 [main] com.ajio.keyword.Keyword 
  INFO  Splitting locatorName: loginpassword
2020-May-29 16:07:58,572 [main] com.ajio.keyword.Keyword 
  INFO  Locator Type: xpath
2020-May-29 16:07:58,573 [main] com.ajio.keyword.Keyword 
  INFO  Locator Value: //input[@name="password"]
2020-May-29 16:07:59,640 [main] com.ajio.keyword.Keyword 
  INFO  Splitting locatorName: startShopping
2020-May-29 16:07:59,641 [main] com.ajio.keyword.Keyword 
  INFO  Locator Type: xpath
2020-May-29 16:07:59,641 [main] com.ajio.keyword.Keyword 
  INFO  Locator Value: //input[@value="START SHOPPING"]
2020-May-29 16:07:59,749 [main] com.ajio.keyword.Keyword 
  INFO  Clicked on startShopping
