2020-May-28 16:40:13,098 [main] com.ajio.keyword.Keyword 
  INFO  chrome is opened!! 
2020-May-28 16:40:17,291 [main] com.ajio.keyword.Keyword 
  INFO  Maximized Browser Window!!
2020-May-28 16:40:24,685 [main] com.ajio.keyword.Keyword 
  INFO  https://www.ajio.com is launched!!
2020-May-28 16:40:27,653 [main] com.ajio.keyword.Keyword 
  INFO  Deleted All Cookies!!
2020-May-28 16:40:27,669 [main] com.ajio.keyword.Keyword 
  INFO  20SECONDS Page load timeout  is applied!!
2020-May-28 16:40:27,681 [main] com.ajio.keyword.Keyword 
  INFO  20SECONDS Implicit Wait is applied!!
2020-May-28 16:40:27,707 [main] com.ajio.keyword.Keyword 
  INFO  Splitting locatorName: signIn/JoinAjio
2020-May-28 16:40:27,711 [main] com.ajio.keyword.Keyword 
  INFO  Locator Type: xpath
2020-May-28 16:40:27,711 [main] com.ajio.keyword.Keyword 
  INFO  Locator Value: //span[@class="login-form login-modal"]
2020-May-28 16:40:27,982 [main] com.ajio.keyword.Keyword 
  INFO  Clicked on signIn/JoinAjio
2020-May-28 16:40:27,982 [main] com.ajio.keyword.Keyword 
  INFO  Splitting locatorName: email
2020-May-28 16:40:27,982 [main] com.ajio.keyword.Keyword 
  INFO  Locator Type: xpath
2020-May-28 16:40:27,982 [main] com.ajio.keyword.Keyword 
  INFO  Locator Value: //input[@name="username"]
2020-May-28 16:40:28,301 [main] com.ajio.keyword.Keyword 
  INFO  Splitting locatorName: continue
2020-May-28 16:40:28,301 [main] com.ajio.keyword.Keyword 
  INFO  Locator Type: xpath
2020-May-28 16:40:28,301 [main] com.ajio.keyword.Keyword 
  INFO  Locator Value: //input[@value="Continue"]
2020-May-28 16:40:28,413 [main] com.ajio.keyword.Keyword 
  INFO  Clicked on continue
2020-May-28 16:40:28,413 [main] com.ajio.keyword.Keyword 
  INFO  Splitting locatorName: password
2020-May-28 16:40:28,413 [main] com.ajio.keyword.Keyword 
  INFO  Locator Type: xpath
2020-May-28 16:40:28,413 [main] com.ajio.keyword.Keyword 
  INFO  Locator Value: //input[@name="pwd"]
2020-May-28 16:40:29,679 [main] com.ajio.keyword.Keyword 
  INFO  Splitting locatorName: sendOTP
2020-May-28 16:40:29,679 [main] com.ajio.keyword.Keyword 
  INFO  Locator Type: xpath
2020-May-28 16:40:29,683 [main] com.ajio.keyword.Keyword 
  INFO  Locator Value: //input[@value="SEND OTP"]
2020-May-28 16:40:29,818 [main] com.ajio.keyword.Keyword 
  INFO  Clicked on sendOTP
2020-May-28 16:40:29,822 [main] com.ajio.keyword.Keyword 
  INFO  Splitting locatorName: passErrorMsg
2020-May-28 16:40:29,822 [main] com.ajio.keyword.Keyword 
  INFO  Locator Type: xpath
2020-May-28 16:40:29,822 [main] com.ajio.keyword.Keyword 
  INFO  Locator Value: //div[contains(text(),"Password should have")]
2020-May-28 16:40:29,870 [main] com.ajio.keyword.Keyword 
  INFO  Password should have a minimum of 8 characters with atleast one number, one alphabet and one special character. returned Text !!
2020-May-28 16:40:30,013 [main] com.ajio.keyword.Keyword 
  INFO  Current browser window is Closed!!
