2020-May-29 02:12:13,827 [main] com.ajio.keyword.Keyword 
  INFO  chrome is opened!! 
2020-May-29 02:12:18,006 [main] com.ajio.keyword.Keyword 
  INFO  Maximized Browser Window!!
2020-May-29 02:12:25,679 [main] com.ajio.keyword.Keyword 
  INFO  https://www.ajio.com is launched!!
2020-May-29 02:12:28,621 [main] com.ajio.keyword.Keyword 
  INFO  Deleted All Cookies!!
2020-May-29 02:12:28,637 [main] com.ajio.keyword.Keyword 
  INFO  20SECONDS Page load timeout  is applied!!
2020-May-29 02:12:28,645 [main] com.ajio.keyword.Keyword 
  INFO  20SECONDS Implicit Wait is applied!!
2020-May-29 02:12:28,668 [main] com.ajio.keyword.Keyword 
  INFO  Splitting locatorName: signIn/JoinAjio
2020-May-29 02:12:28,672 [main] com.ajio.keyword.Keyword 
  INFO  Locator Type: xpath
2020-May-29 02:12:28,696 [main] com.ajio.keyword.Keyword 
  INFO  Locator Value: //span[@class="login-form login-modal"]
2020-May-29 02:12:28,924 [main] com.ajio.keyword.Keyword 
  INFO  Clicked on signIn/JoinAjio
2020-May-29 02:12:28,936 [main] com.ajio.keyword.Keyword 
  INFO  Splitting locatorName: facebookSignIn
2020-May-29 02:12:28,936 [main] com.ajio.keyword.Keyword 
  INFO  Locator Type: xpath
2020-May-29 02:12:28,936 [main] com.ajio.keyword.Keyword 
  INFO  Locator Value: //div[@class="fb-login"]
2020-May-29 02:12:29,088 [main] com.ajio.keyword.Keyword 
  INFO  Clicked on facebookSignIn
2020-May-29 02:12:29,108 [main] com.ajio.keyword.Keyword 
  INFO  8SECONDS Explicit wait is applied!!
2020-May-29 02:12:29,136 [main] com.ajio.keyword.Keyword 
  INFO  8SECONDS Explicit wait is applied!!
