2020-May-29 00:12:00,823 [main] com.ajio.keyword.Keyword 
  INFO  chrome is opened!! 
2020-May-29 00:12:04,965 [main] com.ajio.keyword.Keyword 
  INFO  Maximized Browser Window!!
2020-May-29 00:12:12,063 [main] com.ajio.keyword.Keyword 
  INFO  https://www.ajio.com is launched!!
2020-May-29 00:12:14,846 [main] com.ajio.keyword.Keyword 
  INFO  Deleted All Cookies!!
2020-May-29 00:12:14,856 [main] com.ajio.keyword.Keyword 
  INFO  20SECONDS Page load timeout  is applied!!
2020-May-29 00:12:14,867 [main] com.ajio.keyword.Keyword 
  INFO  20SECONDS Implicit Wait is applied!!
2020-May-29 00:12:14,871 [main] com.ajio.keyword.Keyword 
  INFO  Splitting locatorName: signIn/JoinAjio
2020-May-29 00:12:14,874 [main] com.ajio.keyword.Keyword 
  INFO  Locator Type: xpath
2020-May-29 00:12:14,876 [main] com.ajio.keyword.Keyword 
  INFO  Locator Value: //span[@class="login-form login-modal"]
2020-May-29 00:12:15,090 [main] com.ajio.keyword.Keyword 
  INFO  Clicked on signIn/JoinAjio
2020-May-29 00:12:15,090 [main] com.ajio.keyword.Keyword 
  INFO  Splitting locatorName: email
2020-May-29 00:12:15,091 [main] com.ajio.keyword.Keyword 
  INFO  Locator Type: xpath
2020-May-29 00:12:15,092 [main] com.ajio.keyword.Keyword 
  INFO  Locator Value: //input[@name="username"]
2020-May-29 00:12:15,260 [main] com.ajio.keyword.Keyword 
  INFO  Splitting locatorName: continue
2020-May-29 00:12:15,261 [main] com.ajio.keyword.Keyword 
  INFO  Locator Type: xpath
2020-May-29 00:12:15,261 [main] com.ajio.keyword.Keyword 
  INFO  Locator Value: //input[@value="Continue"]
2020-May-29 00:12:15,346 [main] com.ajio.keyword.Keyword 
  INFO  Clicked on continue
2020-May-29 00:12:15,346 [main] com.ajio.keyword.Keyword 
  INFO  Splitting locatorName: emailErrorMsg
2020-May-29 00:12:15,347 [main] com.ajio.keyword.Keyword 
  INFO  Locator Type: xpath
2020-May-29 00:12:15,349 [main] com.ajio.keyword.Keyword 
  INFO  Locator Value: //div[@id="error-msg"]
2020-May-29 00:12:15,385 [main] com.ajio.keyword.Keyword 
  INFO  Please enter a valid Mobile Number/Email. returned Text !!
2020-May-29 00:12:19,528 [main] com.ajio.keyword.Keyword 
  INFO  Current browser window is Closed!!
2020-May-29 00:12:25,206 [main] com.ajio.keyword.Keyword 
  INFO  chrome is opened!! 
2020-May-29 00:12:29,352 [main] com.ajio.keyword.Keyword 
  INFO  Maximized Browser Window!!
2020-May-29 00:12:36,906 [main] com.ajio.keyword.Keyword 
  INFO  https://www.ajio.com is launched!!
2020-May-29 00:12:40,363 [main] com.ajio.keyword.Keyword 
  INFO  Deleted All Cookies!!
2020-May-29 00:12:40,369 [main] com.ajio.keyword.Keyword 
  INFO  20SECONDS Page load timeout  is applied!!
2020-May-29 00:12:40,376 [main] com.ajio.keyword.Keyword 
  INFO  20SECONDS Implicit Wait is applied!!
2020-May-29 00:12:40,379 [main] com.ajio.keyword.Keyword 
  INFO  Splitting locatorName: signIn/JoinAjio
2020-May-29 00:12:40,380 [main] com.ajio.keyword.Keyword 
  INFO  Locator Type: xpath
2020-May-29 00:12:40,381 [main] com.ajio.keyword.Keyword 
  INFO  Locator Value: //span[@class="login-form login-modal"]
2020-May-29 00:12:40,563 [main] com.ajio.keyword.Keyword 
  INFO  Clicked on signIn/JoinAjio
2020-May-29 00:12:40,564 [main] com.ajio.keyword.Keyword 
  INFO  Splitting locatorName: email
2020-May-29 00:12:40,564 [main] com.ajio.keyword.Keyword 
  INFO  Locator Type: xpath
2020-May-29 00:12:40,565 [main] com.ajio.keyword.Keyword 
  INFO  Locator Value: //input[@name="username"]
2020-May-29 00:12:40,854 [main] com.ajio.keyword.Keyword 
  INFO  Splitting locatorName: continue
2020-May-29 00:12:40,855 [main] com.ajio.keyword.Keyword 
  INFO  Locator Type: xpath
2020-May-29 00:12:40,856 [main] com.ajio.keyword.Keyword 
  INFO  Locator Value: //input[@value="Continue"]
2020-May-29 00:12:40,953 [main] com.ajio.keyword.Keyword 
  INFO  Clicked on continue
2020-May-29 00:12:40,954 [main] com.ajio.keyword.Keyword 
  INFO  Splitting locatorName: password1
2020-May-29 00:12:40,954 [main] com.ajio.keyword.Keyword 
  INFO  Locator Type: xpath
2020-May-29 00:12:40,954 [main] com.ajio.keyword.Keyword 
  INFO  Locator Value: //input[@name="password"]
2020-May-29 00:12:42,215 [main] com.ajio.keyword.Keyword 
  INFO  Splitting locatorName: startShopping
2020-May-29 00:12:42,215 [main] com.ajio.keyword.Keyword 
  INFO  Locator Type: xpath
2020-May-29 00:12:42,216 [main] com.ajio.keyword.Keyword 
  INFO  Locator Value: //input[@value="START SHOPPING"]
2020-May-29 00:12:42,359 [main] com.ajio.keyword.Keyword 
  INFO  Clicked on startShopping
2020-May-29 00:12:42,359 [main] com.ajio.keyword.Keyword 
  INFO  Splitting locatorName: passErrorMsg1
2020-May-29 00:12:42,359 [main] com.ajio.keyword.Keyword 
  INFO  Locator Type: xpath
2020-May-29 00:12:42,360 [main] com.ajio.keyword.Keyword 
  INFO  Locator Value: //div[text()='Please enter a valid password']
