2020-May-28 02:39:03,259 [main] com.ajio.keyword.Keyword 
  INFO  https://www.ajio.com is launched!!
2020-May-28 02:39:07,636 [main] com.ajio.keyword.Keyword 
  INFO  Deleted All Cookies!!
2020-May-28 02:39:07,661 [main] com.ajio.keyword.Keyword 
  INFO  20SECONDS Page load timeout  is applied!!
2020-May-28 02:39:07,682 [main] com.ajio.keyword.Keyword 
  INFO  20SECONDS Implicit Wait is applied!!
2020-May-28 02:39:07,707 [main] com.ajio.keyword.Keyword 
  INFO  Splitting locatorName: signIn/JoinAjio
2020-May-28 02:39:07,711 [main] com.ajio.keyword.Keyword 
  INFO  Locator Type: xpath
2020-May-28 02:39:07,713 [main] com.ajio.keyword.Keyword 
  INFO  Locator Value: //span[@class="login-form login-modal"]
2020-May-28 02:39:07,886 [main] com.ajio.keyword.Keyword 
  INFO  Clicked on signIn/JoinAjio
2020-May-28 02:39:07,886 [main] com.ajio.keyword.Keyword 
  INFO  Splitting locatorName: email
2020-May-28 02:39:07,887 [main] com.ajio.keyword.Keyword 
  INFO  Locator Type: xpath
2020-May-28 02:39:07,888 [main] com.ajio.keyword.Keyword 
  INFO  Locator Value: //input[@name="username"]
2020-May-28 02:39:08,211 [main] com.ajio.keyword.Keyword 
  INFO  Splitting locatorName: continue
2020-May-28 02:39:08,212 [main] com.ajio.keyword.Keyword 
  INFO  Locator Type: xpath
2020-May-28 02:39:08,212 [main] com.ajio.keyword.Keyword 
  INFO  Locator Value: //input[@value="Continue"]
2020-May-28 02:39:08,372 [main] com.ajio.keyword.Keyword 
  INFO  Clicked on continue
2020-May-28 02:39:08,372 [main] com.ajio.keyword.Keyword 
  INFO  Splitting locatorName: name
2020-May-28 02:39:08,374 [main] com.ajio.keyword.Keyword 
  INFO  Locator Type: xpath
2020-May-28 02:39:08,375 [main] com.ajio.keyword.Keyword 
  INFO  Locator Value: //input[@name="user-name"]
2020-May-28 02:39:09,810 [main] com.ajio.keyword.Keyword 
  INFO  Splitting locatorName: sendOTP
2020-May-28 02:39:09,810 [main] com.ajio.keyword.Keyword 
  INFO  Locator Type: xpath
2020-May-28 02:39:09,811 [main] com.ajio.keyword.Keyword 
  INFO  Locator Value: //input[@value="SEND OTP"]
2020-May-28 02:39:09,989 [main] com.ajio.keyword.Keyword 
  INFO  Clicked on sendOTP
2020-May-28 02:39:10,261 [main] com.ajio.keyword.Keyword 
  INFO  Current browser window is Closed!!
