2020-May-29 16:25:01,416 [main] com.ajio.keyword.Keyword 
  INFO  Current browser window is Closed!!
2020-May-29 16:25:07,922 [main] com.ajio.keyword.Keyword 
  INFO  chrome is opened!! 
2020-May-29 16:25:12,175 [main] com.ajio.keyword.Keyword 
  INFO  Maximized Browser Window!!
2020-May-29 16:25:19,995 [main] com.ajio.keyword.Keyword 
  INFO  https://www.ajio.com is launched!!
2020-May-29 16:25:22,392 [main] com.ajio.keyword.Keyword 
  INFO  Deleted All Cookies!!
2020-May-29 16:25:22,400 [main] com.ajio.keyword.Keyword 
  INFO  20SECONDS Page load timeout  is applied!!
2020-May-29 16:25:22,412 [main] com.ajio.keyword.Keyword 
  INFO  20SECONDS Implicit Wait is applied!!
2020-May-29 16:25:22,418 [main] com.ajio.keyword.Keyword 
  INFO  Splitting locatorName: signIn/JoinAjio
2020-May-29 16:25:22,422 [main] com.ajio.keyword.Keyword 
  INFO  Locator Type: xpath
2020-May-29 16:25:22,426 [main] com.ajio.keyword.Keyword 
  INFO  Locator Value: //span[@class="login-form login-modal"]
2020-May-29 16:25:22,714 [main] com.ajio.keyword.Keyword 
  INFO  Clicked on signIn/JoinAjio
2020-May-29 16:25:22,714 [main] com.ajio.keyword.Keyword 
  INFO  Splitting locatorName: email
2020-May-29 16:25:22,718 [main] com.ajio.keyword.Keyword 
  INFO  Locator Type: xpath
2020-May-29 16:25:22,718 [main] com.ajio.keyword.Keyword 
  INFO  Locator Value: //input[@name="username"]
2020-May-29 16:25:23,090 [main] com.ajio.keyword.Keyword 
  INFO  Splitting locatorName: continue
2020-May-29 16:25:23,090 [main] com.ajio.keyword.Keyword 
  INFO  Locator Type: xpath
2020-May-29 16:25:23,094 [main] com.ajio.keyword.Keyword 
  INFO  Locator Value: //input[@value="Continue"]
2020-May-29 16:25:23,226 [main] com.ajio.keyword.Keyword 
  INFO  Clicked on continue
2020-May-29 16:25:23,226 [main] com.ajio.keyword.Keyword 
  INFO  Splitting locatorName: startShopping
2020-May-29 16:25:23,230 [main] com.ajio.keyword.Keyword 
  INFO  Locator Type: xpath
2020-May-29 16:25:23,230 [main] com.ajio.keyword.Keyword 
  INFO  Locator Value: //input[@value="START SHOPPING"]
2020-May-29 16:25:24,437 [main] com.ajio.keyword.Keyword 
  INFO  Clicked on startShopping
2020-May-29 16:25:24,441 [main] com.ajio.keyword.Keyword 
  INFO  Splitting locatorName: passErrorMsg1
2020-May-29 16:25:24,441 [main] com.ajio.keyword.Keyword 
  INFO  Locator Type: xpath
2020-May-29 16:25:24,441 [main] com.ajio.keyword.Keyword 
  INFO  Locator Value: //div[text()='Please enter a valid password']
2020-May-29 16:25:24,525 [main] com.ajio.keyword.Keyword 
  INFO  Please enter a valid password returned Text !!
2020-May-29 16:25:28,705 [main] com.ajio.keyword.Keyword 
  INFO  Current browser window is Closed!!
2020-May-29 16:25:34,575 [main] com.ajio.keyword.Keyword 
  INFO  chrome is opened!! 
2020-May-29 16:25:38,730 [main] com.ajio.keyword.Keyword 
  INFO  Maximized Browser Window!!
2020-May-29 16:25:44,525 [main] com.ajio.keyword.Keyword 
  INFO  https://www.ajio.com is launched!!
2020-May-29 16:25:47,837 [main] com.ajio.keyword.Keyword 
  INFO  Deleted All Cookies!!
2020-May-29 16:25:47,849 [main] com.ajio.keyword.Keyword 
  INFO  20SECONDS Page load timeout  is applied!!
2020-May-29 16:25:47,853 [main] com.ajio.keyword.Keyword 
  INFO  20SECONDS Implicit Wait is applied!!
2020-May-29 16:25:47,860 [main] com.ajio.keyword.Keyword 
  INFO  Splitting locatorName: signIn/JoinAjio
2020-May-29 16:25:47,861 [main] com.ajio.keyword.Keyword 
  INFO  Locator Type: xpath
2020-May-29 16:25:47,861 [main] com.ajio.keyword.Keyword 
  INFO  Locator Value: //span[@class="login-form login-modal"]
2020-May-29 16:25:48,361 [main] com.ajio.keyword.Keyword 
  INFO  Clicked on signIn/JoinAjio
2020-May-29 16:25:48,361 [main] com.ajio.keyword.Keyword 
  INFO  Splitting locatorName: email
2020-May-29 16:25:48,361 [main] com.ajio.keyword.Keyword 
  INFO  Locator Type: xpath
2020-May-29 16:25:48,361 [main] com.ajio.keyword.Keyword 
  INFO  Locator Value: //input[@name="username"]
2020-May-29 16:25:48,524 [main] com.ajio.keyword.Keyword 
  INFO  Splitting locatorName: continue
2020-May-29 16:25:48,524 [main] com.ajio.keyword.Keyword 
  INFO  Locator Type: xpath
2020-May-29 16:25:48,524 [main] com.ajio.keyword.Keyword 
  INFO  Locator Value: //input[@value="Continue"]
2020-May-29 16:25:48,656 [main] com.ajio.keyword.Keyword 
  INFO  Clicked on continue
2020-May-29 16:25:48,656 [main] com.ajio.keyword.Keyword 
  INFO  Splitting locatorName: emailErrorMsg
2020-May-29 16:25:48,656 [main] com.ajio.keyword.Keyword 
  INFO  Locator Type: xpath
2020-May-29 16:25:48,656 [main] com.ajio.keyword.Keyword 
  INFO  Locator Value: //div[@id="error-msg"]
2020-May-29 16:25:48,708 [main] com.ajio.keyword.Keyword 
  INFO  Please enter a valid Mobile Number/Email. returned Text !!
2020-May-29 16:25:48,939 [main] com.ajio.keyword.Keyword 
  INFO  Current browser window is Closed!!
2020-May-29 16:25:54,895 [main] com.ajio.keyword.Keyword 
  INFO  chrome is opened!! 
2020-May-29 16:25:59,109 [main] com.ajio.keyword.Keyword 
  INFO  Maximized Browser Window!!
