2020-May-29 02:10:39,136 [main] com.ajio.keyword.Keyword 
  INFO  chrome is opened!! 
2020-May-29 02:10:43,389 [main] com.ajio.keyword.Keyword 
  INFO  Maximized Browser Window!!
2020-May-29 02:10:50,658 [main] com.ajio.keyword.Keyword 
  INFO  https://www.ajio.com is launched!!
2020-May-29 02:10:53,177 [main] com.ajio.keyword.Keyword 
  INFO  Deleted All Cookies!!
2020-May-29 02:10:53,185 [main] com.ajio.keyword.Keyword 
  INFO  20SECONDS Page load timeout  is applied!!
2020-May-29 02:10:53,189 [main] com.ajio.keyword.Keyword 
  INFO  20SECONDS Implicit Wait is applied!!
2020-May-29 02:10:53,197 [main] com.ajio.keyword.Keyword 
  INFO  Splitting locatorName: signIn/JoinAjio
2020-May-29 02:10:53,197 [main] com.ajio.keyword.Keyword 
  INFO  Locator Type: xpath
2020-May-29 02:10:53,197 [main] com.ajio.keyword.Keyword 
  INFO  Locator Value: //span[@class="login-form login-modal"]
2020-May-29 02:10:53,354 [main] com.ajio.keyword.Keyword 
  INFO  Clicked on signIn/JoinAjio
2020-May-29 02:10:53,358 [main] com.ajio.keyword.Keyword 
  INFO  Splitting locatorName: facebookSignIn
2020-May-29 02:10:53,362 [main] com.ajio.keyword.Keyword 
  INFO  Locator Type: xpath
2020-May-29 02:10:53,362 [main] com.ajio.keyword.Keyword 
  INFO  Locator Value: //div[@class="fb-login"]
2020-May-29 02:10:53,510 [main] com.ajio.keyword.Keyword 
  INFO  Clicked on facebookSignIn
2020-May-29 02:10:53,538 [main] com.ajio.keyword.Keyword 
  INFO  8SECONDS Explicit wait is applied!!
2020-May-29 02:10:53,574 [main] com.ajio.keyword.Keyword 
  INFO  8SECONDS Explicit wait is applied!!
