2020-May-28 16:12:00,254 [main] com.ajio.keyword.Keyword 
  INFO  Splitting locatorName: continue
2020-May-28 16:12:00,258 [main] com.ajio.keyword.Keyword 
  INFO  Locator Type: xpath
2020-May-28 16:12:00,258 [main] com.ajio.keyword.Keyword 
  INFO  Locator Value: //input[@value="Continue"]
2020-May-28 16:12:00,370 [main] com.ajio.keyword.Keyword 
  INFO  Clicked on continue
2020-May-28 16:12:00,370 [main] com.ajio.keyword.Keyword 
  INFO  Splitting locatorName: mobile
2020-May-28 16:12:00,370 [main] com.ajio.keyword.Keyword 
  INFO  Locator Type: xpath
2020-May-28 16:12:00,370 [main] com.ajio.keyword.Keyword 
  INFO  Locator Value: //input[@placeholder="Mobile"]
2020-May-28 16:12:02,043 [main] com.ajio.keyword.Keyword 
  INFO  Splitting locatorName: sendOTP
2020-May-28 16:12:02,047 [main] com.ajio.keyword.Keyword 
  INFO  Locator Type: xpath
2020-May-28 16:12:02,051 [main] com.ajio.keyword.Keyword 
  INFO  Locator Value: //input[@value="SEND OTP"]
2020-May-28 16:12:02,179 [main] com.ajio.keyword.Keyword 
  INFO  Clicked on sendOTP
2020-May-28 16:12:02,179 [main] com.ajio.keyword.Keyword 
  INFO  Splitting locatorName: mobileErrorMsg
2020-May-28 16:12:02,183 [main] com.ajio.keyword.Keyword 
  INFO  Locator Type: xpath
2020-May-28 16:12:02,183 [main] com.ajio.keyword.Keyword 
  INFO  Locator Value: //div[text()="Please enter a valid Mobile number."]
2020-May-28 16:12:02,227 [main] com.ajio.keyword.Keyword 
  INFO  Please enter a valid Mobile number. returned Text !!
2020-May-28 16:12:02,397 [main] com.ajio.keyword.Keyword 
  INFO  Current browser window is Closed!!
