2020-Jun-01 22:04:02,838 [main] com.ajio.keyword.Keyword 
  INFO  chrome is opened!! 
2020-Jun-01 22:04:06,995 [main] com.ajio.keyword.Keyword 
  INFO  Maximized Browser Window!!
2020-Jun-01 22:04:14,519 [main] com.ajio.keyword.Keyword 
  INFO  https://www.ajio.com is launched!!
2020-Jun-01 22:04:16,365 [main] com.ajio.keyword.Keyword 
  INFO  Deleted All Cookies!!
2020-Jun-01 22:04:16,373 [main] com.ajio.keyword.Keyword 
  INFO  20SECONDS Page load timeout  is applied!!
2020-Jun-01 22:04:16,381 [main] com.ajio.keyword.Keyword 
  INFO  20SECONDS Implicit Wait is applied!!
2020-Jun-01 22:04:16,394 [main] com.ajio.keyword.Keyword 
  INFO  Online Shopping for Women, Men, Kids – Clothing, Footwear, Fashion | AJIO  :Returned Current Webpage Title!!
2020-Jun-01 22:04:26,902 [main] com.ajio.keyword.Keyword 
  INFO  chrome is opened!! 
2020-Jun-01 22:04:31,085 [main] com.ajio.keyword.Keyword 
  INFO  Maximized Browser Window!!
2020-Jun-01 22:04:38,478 [main] com.ajio.keyword.Keyword 
  INFO  https://www.ajio.com is launched!!
2020-Jun-01 22:04:40,910 [main] com.ajio.keyword.Keyword 
  INFO  Deleted All Cookies!!
2020-Jun-01 22:04:40,918 [main] com.ajio.keyword.Keyword 
  INFO  20SECONDS Page load timeout  is applied!!
2020-Jun-01 22:04:40,926 [main] com.ajio.keyword.Keyword 
  INFO  20SECONDS Implicit Wait is applied!!
2020-Jun-01 22:04:44,946 [main] com.ajio.keyword.Keyword 
  INFO  Online Kids fashion shopping site in India - AJIO  :Returned Current Webpage Title!!
2020-Jun-01 22:04:54,784 [main] com.ajio.keyword.Keyword 
  INFO  chrome is opened!! 
2020-Jun-01 22:04:58,947 [main] com.ajio.keyword.Keyword 
  INFO  Maximized Browser Window!!
