2020-May-28 16:55:01,146 [main] com.ajio.keyword.Keyword 
  INFO  chrome is opened!! 
2020-May-28 16:55:05,365 [main] com.ajio.keyword.Keyword 
  INFO  Maximized Browser Window!!
2020-May-28 16:55:11,087 [main] com.ajio.keyword.Keyword 
  INFO  https://www.ajio.com is launched!!
2020-May-28 16:55:13,187 [main] com.ajio.keyword.Keyword 
  INFO  Deleted All Cookies!!
2020-May-28 16:55:13,207 [main] com.ajio.keyword.Keyword 
  INFO  20SECONDS Page load timeout  is applied!!
2020-May-28 16:55:13,217 [main] com.ajio.keyword.Keyword 
  INFO  20SECONDS Implicit Wait is applied!!
2020-May-28 16:55:13,223 [main] com.ajio.keyword.Keyword 
  INFO  Splitting locatorName: signIn/JoinAjio
2020-May-28 16:55:13,223 [main] com.ajio.keyword.Keyword 
  INFO  Locator Type: xpath
2020-May-28 16:55:13,223 [main] com.ajio.keyword.Keyword 
  INFO  Locator Value: //span[@class="login-form login-modal"]
2020-May-28 16:55:13,410 [main] com.ajio.keyword.Keyword 
  INFO  Clicked on signIn/JoinAjio
2020-May-28 16:55:13,410 [main] com.ajio.keyword.Keyword 
  INFO  Splitting locatorName: email
2020-May-28 16:55:13,410 [main] com.ajio.keyword.Keyword 
  INFO  Locator Type: xpath
2020-May-28 16:55:13,410 [main] com.ajio.keyword.Keyword 
  INFO  Locator Value: //input[@name="username"]
2020-May-28 16:55:13,652 [main] com.ajio.keyword.Keyword 
  INFO  Splitting locatorName: continue
2020-May-28 16:55:13,656 [main] com.ajio.keyword.Keyword 
  INFO  Locator Type: xpath
2020-May-28 16:55:13,656 [main] com.ajio.keyword.Keyword 
  INFO  Locator Value: //input[@value="Continue"]
2020-May-28 16:55:13,740 [main] com.ajio.keyword.Keyword 
  INFO  Clicked on continue
2020-May-28 16:55:13,744 [main] com.ajio.keyword.Keyword 
  INFO  Splitting locatorName: password
2020-May-28 16:55:13,744 [main] com.ajio.keyword.Keyword 
  INFO  Locator Type: xpath
2020-May-28 16:55:13,744 [main] com.ajio.keyword.Keyword 
  INFO  Locator Value: //input[@name="pwd"]
2020-May-28 16:55:14,761 [main] com.ajio.keyword.Keyword 
  INFO  Splitting locatorName: sendOTP
2020-May-28 16:55:14,761 [main] com.ajio.keyword.Keyword 
  INFO  Locator Type: xpath
2020-May-28 16:55:14,761 [main] com.ajio.keyword.Keyword 
  INFO  Locator Value: //input[@value="SEND OTP"]
2020-May-28 16:55:14,863 [main] com.ajio.keyword.Keyword 
  INFO  Clicked on sendOTP
2020-May-28 16:55:14,863 [main] com.ajio.keyword.Keyword 
  INFO  Splitting locatorName: passErrorMsg
2020-May-28 16:55:14,867 [main] com.ajio.keyword.Keyword 
  INFO  Locator Type: xpath
2020-May-28 16:55:14,867 [main] com.ajio.keyword.Keyword 
  INFO  Locator Value: //div[contains(text(),"Password should have")]
2020-May-28 16:55:14,903 [main] com.ajio.keyword.Keyword 
  INFO  Password should have a minimum of 8 characters with atleast one number, one alphabet and one special character. returned Text !!
2020-May-28 16:55:15,068 [main] com.ajio.keyword.Keyword 
  INFO  Current browser window is Closed!!
