2020-May-29 00:11:13,314 [main] com.ajio.keyword.Keyword 
  INFO  chrome is opened!! 
2020-May-29 00:11:17,485 [main] com.ajio.keyword.Keyword 
  INFO  Maximized Browser Window!!
2020-May-29 00:11:24,676 [main] com.ajio.keyword.Keyword 
  INFO  https://www.ajio.com is launched!!
2020-May-29 00:11:27,489 [main] com.ajio.keyword.Keyword 
  INFO  Deleted All Cookies!!
2020-May-29 00:11:27,496 [main] com.ajio.keyword.Keyword 
  INFO  20SECONDS Page load timeout  is applied!!
2020-May-29 00:11:27,500 [main] com.ajio.keyword.Keyword 
  INFO  20SECONDS Implicit Wait is applied!!
2020-May-29 00:11:27,511 [main] com.ajio.keyword.Keyword 
  INFO  Splitting locatorName: signIn/JoinAjio
2020-May-29 00:11:27,514 [main] com.ajio.keyword.Keyword 
  INFO  Locator Type: xpath
2020-May-29 00:11:27,515 [main] com.ajio.keyword.Keyword 
  INFO  Locator Value: //span[@class="login-form login-modal"]
2020-May-29 00:11:27,666 [main] com.ajio.keyword.Keyword 
  INFO  Clicked on signIn/JoinAjio
2020-May-29 00:11:27,666 [main] com.ajio.keyword.Keyword 
  INFO  Splitting locatorName: continue
2020-May-29 00:11:27,667 [main] com.ajio.keyword.Keyword 
  INFO  Locator Type: xpath
2020-May-29 00:11:27,668 [main] com.ajio.keyword.Keyword 
  INFO  Locator Value: //input[@value="Continue"]
2020-May-29 00:11:27,831 [main] com.ajio.keyword.Keyword 
  INFO  Clicked on continue
2020-May-29 00:11:27,833 [main] com.ajio.keyword.Keyword 
  INFO  Splitting locatorName: emailErrorMsg
2020-May-29 00:11:27,834 [main] com.ajio.keyword.Keyword 
  INFO  Locator Type: xpath
2020-May-29 00:11:27,835 [main] com.ajio.keyword.Keyword 
  INFO  Locator Value: //div[@id="error-msg"]
2020-May-29 00:11:27,877 [main] com.ajio.keyword.Keyword 
  INFO  Please enter valid Mobile Number / Email. returned Text !!
2020-May-29 00:11:32,026 [main] com.ajio.keyword.Keyword 
  INFO  Current browser window is Closed!!
2020-May-29 00:11:38,023 [main] com.ajio.keyword.Keyword 
  INFO  chrome is opened!! 
2020-May-29 00:11:42,150 [main] com.ajio.keyword.Keyword 
  INFO  Maximized Browser Window!!
2020-May-29 00:11:49,065 [main] com.ajio.keyword.Keyword 
  INFO  https://www.ajio.com is launched!!
2020-May-29 00:11:52,777 [main] com.ajio.keyword.Keyword 
  INFO  Deleted All Cookies!!
2020-May-29 00:11:52,786 [main] com.ajio.keyword.Keyword 
  INFO  20SECONDS Page load timeout  is applied!!
2020-May-29 00:11:52,796 [main] com.ajio.keyword.Keyword 
  INFO  20SECONDS Implicit Wait is applied!!
2020-May-29 00:11:52,801 [main] com.ajio.keyword.Keyword 
  INFO  Splitting locatorName: signIn/JoinAjio
2020-May-29 00:11:52,802 [main] com.ajio.keyword.Keyword 
  INFO  Locator Type: xpath
2020-May-29 00:11:52,804 [main] com.ajio.keyword.Keyword 
  INFO  Locator Value: //span[@class="login-form login-modal"]
2020-May-29 00:11:53,072 [main] com.ajio.keyword.Keyword 
  INFO  Clicked on signIn/JoinAjio
2020-May-29 00:11:53,073 [main] com.ajio.keyword.Keyword 
  INFO  Splitting locatorName: email
2020-May-29 00:11:53,074 [main] com.ajio.keyword.Keyword 
  INFO  Locator Type: xpath
2020-May-29 00:11:53,074 [main] com.ajio.keyword.Keyword 
  INFO  Locator Value: //input[@name="username"]
2020-May-29 00:11:53,379 [main] com.ajio.keyword.Keyword 
  INFO  Splitting locatorName: continue
2020-May-29 00:11:53,380 [main] com.ajio.keyword.Keyword 
  INFO  Locator Type: xpath
2020-May-29 00:11:53,380 [main] com.ajio.keyword.Keyword 
  INFO  Locator Value: //input[@value="Continue"]
2020-May-29 00:11:53,514 [main] com.ajio.keyword.Keyword 
  INFO  Clicked on continue
2020-May-29 00:11:53,515 [main] com.ajio.keyword.Keyword 
  INFO  Splitting locatorName: startShopping
2020-May-29 00:11:53,516 [main] com.ajio.keyword.Keyword 
  INFO  Locator Type: xpath
2020-May-29 00:11:53,516 [main] com.ajio.keyword.Keyword 
  INFO  Locator Value: //input[@value="START SHOPPING"]
2020-May-29 00:11:54,734 [main] com.ajio.keyword.Keyword 
  INFO  Clicked on startShopping
2020-May-29 00:11:54,735 [main] com.ajio.keyword.Keyword 
  INFO  Splitting locatorName: passErrorMsg1
2020-May-29 00:11:54,736 [main] com.ajio.keyword.Keyword 
  INFO  Locator Type: xpath
2020-May-29 00:11:54,736 [main] com.ajio.keyword.Keyword 
  INFO  Locator Value: //div[text()='Please enter a valid password']
2020-May-29 00:11:54,773 [main] com.ajio.keyword.Keyword 
  INFO  Please enter a valid password returned Text !!
2020-May-29 00:11:54,970 [main] com.ajio.keyword.Keyword 
  INFO  Current browser window is Closed!!
