2020-May-28 16:54:34,179 [main] com.ajio.keyword.Keyword 
  INFO  chrome is opened!! 
2020-May-28 16:54:38,405 [main] com.ajio.keyword.Keyword 
  INFO  Maximized Browser Window!!
2020-May-28 16:54:47,166 [main] com.ajio.keyword.Keyword 
  INFO  https://www.ajio.com is launched!!
2020-May-28 16:54:48,868 [main] com.ajio.keyword.Keyword 
  INFO  Deleted All Cookies!!
2020-May-28 16:54:48,880 [main] com.ajio.keyword.Keyword 
  INFO  20SECONDS Page load timeout  is applied!!
2020-May-28 16:54:48,888 [main] com.ajio.keyword.Keyword 
  INFO  20SECONDS Implicit Wait is applied!!
2020-May-28 16:54:48,896 [main] com.ajio.keyword.Keyword 
  INFO  Splitting locatorName: signIn/JoinAjio
2020-May-28 16:54:48,900 [main] com.ajio.keyword.Keyword 
  INFO  Locator Type: xpath
2020-May-28 16:54:48,900 [main] com.ajio.keyword.Keyword 
  INFO  Locator Value: //span[@class="login-form login-modal"]
2020-May-28 16:54:49,170 [main] com.ajio.keyword.Keyword 
  INFO  Clicked on signIn/JoinAjio
2020-May-28 16:54:49,170 [main] com.ajio.keyword.Keyword 
  INFO  Splitting locatorName: email
2020-May-28 16:54:49,170 [main] com.ajio.keyword.Keyword 
  INFO  Locator Type: xpath
2020-May-28 16:54:49,170 [main] com.ajio.keyword.Keyword 
  INFO  Locator Value: //input[@name="username"]
2020-May-28 16:54:49,563 [main] com.ajio.keyword.Keyword 
  INFO  Splitting locatorName: continue
2020-May-28 16:54:49,563 [main] com.ajio.keyword.Keyword 
  INFO  Locator Type: xpath
2020-May-28 16:54:49,563 [main] com.ajio.keyword.Keyword 
  INFO  Locator Value: //input[@value="Continue"]
2020-May-28 16:54:49,665 [main] com.ajio.keyword.Keyword 
  INFO  Clicked on continue
2020-May-28 16:54:49,665 [main] com.ajio.keyword.Keyword 
  INFO  Splitting locatorName: password
2020-May-28 16:54:49,665 [main] com.ajio.keyword.Keyword 
  INFO  Locator Type: xpath
2020-May-28 16:54:49,669 [main] com.ajio.keyword.Keyword 
  INFO  Locator Value: //input[@name="pwd"]
2020-May-28 16:54:50,694 [main] com.ajio.keyword.Keyword 
  INFO  Splitting locatorName: sendOTP
2020-May-28 16:54:50,694 [main] com.ajio.keyword.Keyword 
  INFO  Locator Type: xpath
2020-May-28 16:54:50,694 [main] com.ajio.keyword.Keyword 
  INFO  Locator Value: //input[@value="SEND OTP"]
2020-May-28 16:54:50,801 [main] com.ajio.keyword.Keyword 
  INFO  Clicked on sendOTP
2020-May-28 16:54:50,801 [main] com.ajio.keyword.Keyword 
  INFO  Splitting locatorName: passErrorMsg
2020-May-28 16:54:50,801 [main] com.ajio.keyword.Keyword 
  INFO  Locator Type: xpath
2020-May-28 16:54:50,801 [main] com.ajio.keyword.Keyword 
  INFO  Locator Value: //div[contains(text(),"Password should have")]
2020-May-28 16:54:50,849 [main] com.ajio.keyword.Keyword 
  INFO  Password should have a minimum of 8 characters with atleast one number, one alphabet and one special character. returned Text !!
2020-May-28 16:54:55,274 [main] com.ajio.keyword.Keyword 
  INFO  Current browser window is Closed!!
