2020-May-29 00:41:38,102 [main] com.ajio.keyword.Keyword 
  INFO  chrome is opened!! 
2020-May-29 00:41:42,340 [main] com.ajio.keyword.Keyword 
  INFO  Maximized Browser Window!!
2020-May-29 00:41:49,586 [main] com.ajio.keyword.Keyword 
  INFO  https://www.ajio.com is launched!!
2020-May-29 00:41:52,251 [main] com.ajio.keyword.Keyword 
  INFO  Deleted All Cookies!!
2020-May-29 00:41:52,255 [main] com.ajio.keyword.Keyword 
  INFO  20SECONDS Page load timeout  is applied!!
2020-May-29 00:41:52,259 [main] com.ajio.keyword.Keyword 
  INFO  20SECONDS Implicit Wait is applied!!
2020-May-29 00:41:52,272 [main] com.ajio.keyword.Keyword 
  INFO  Splitting locatorName: signIn/JoinAjio
2020-May-29 00:41:52,272 [main] com.ajio.keyword.Keyword 
  INFO  Locator Type: xpath
2020-May-29 00:41:52,276 [main] com.ajio.keyword.Keyword 
  INFO  Locator Value: //span[@class="login-form login-modal"]
2020-May-29 00:41:52,428 [main] com.ajio.keyword.Keyword 
  INFO  Clicked on signIn/JoinAjio
2020-May-29 00:41:52,428 [main] com.ajio.keyword.Keyword 
  INFO  Splitting locatorName: continue
2020-May-29 00:41:52,428 [main] com.ajio.keyword.Keyword 
  INFO  Locator Type: xpath
2020-May-29 00:41:52,428 [main] com.ajio.keyword.Keyword 
  INFO  Locator Value: //input[@value="Continue"]
2020-May-29 00:41:52,603 [main] com.ajio.keyword.Keyword 
  INFO  Clicked on continue
2020-May-29 00:41:52,603 [main] com.ajio.keyword.Keyword 
  INFO  Splitting locatorName: emailErrorMsg
2020-May-29 00:41:52,603 [main] com.ajio.keyword.Keyword 
  INFO  Locator Type: xpath
2020-May-29 00:41:52,603 [main] com.ajio.keyword.Keyword 
  INFO  Locator Value: //div[@id="error-msg"]
2020-May-29 00:41:52,651 [main] com.ajio.keyword.Keyword 
  INFO  Please enter valid Mobile Number / Email. returned Text !!
2020-May-29 00:41:52,830 [main] com.ajio.keyword.Keyword 
  INFO  Current browser window is Closed!!
2020-May-29 00:41:58,723 [main] com.ajio.keyword.Keyword 
  INFO  chrome is opened!! 
