2020-May-29 01:15:07,540 [main] com.ajio.keyword.Keyword 
  INFO  chrome is opened!! 
2020-May-29 01:15:11,757 [main] com.ajio.keyword.Keyword 
  INFO  Maximized Browser Window!!
2020-May-29 01:15:17,212 [main] com.ajio.keyword.Keyword 
  INFO  https://www.ajio.com is launched!!
2020-May-29 01:15:20,447 [main] com.ajio.keyword.Keyword 
  INFO  Deleted All Cookies!!
2020-May-29 01:15:20,463 [main] com.ajio.keyword.Keyword 
  INFO  20SECONDS Page load timeout  is applied!!
2020-May-29 01:15:20,475 [main] com.ajio.keyword.Keyword 
  INFO  20SECONDS Implicit Wait is applied!!
2020-May-29 01:15:20,496 [main] com.ajio.keyword.Keyword 
  INFO  Splitting locatorName: signIn/JoinAjio
2020-May-29 01:15:20,500 [main] com.ajio.keyword.Keyword 
  INFO  Locator Type: xpath
2020-May-29 01:15:20,500 [main] com.ajio.keyword.Keyword 
  INFO  Locator Value: //span[@class="login-form login-modal"]
2020-May-29 01:15:20,844 [main] com.ajio.keyword.Keyword 
  INFO  Clicked on signIn/JoinAjio
2020-May-29 01:15:20,864 [main] com.ajio.keyword.Keyword 
  INFO  Splitting locatorName: facebookSignIn
2020-May-29 01:15:20,864 [main] com.ajio.keyword.Keyword 
  INFO  Locator Type: xpath
2020-May-29 01:15:20,864 [main] com.ajio.keyword.Keyword 
  INFO  Locator Value: //div[@class="fb-login"]
2020-May-29 01:15:21,017 [main] com.ajio.keyword.Keyword 
  INFO  Clicked on facebookSignIn
2020-May-29 01:15:25,211 [main] com.ajio.keyword.Keyword 
  INFO  Current browser window is Closed!!
