2020-May-29 03:17:01,055 [main] com.ajio.keyword.Keyword 
  INFO  Deleted All Cookies!!
2020-May-29 03:17:01,071 [main] com.ajio.keyword.Keyword 
  INFO  20SECONDS Page load timeout  is applied!!
2020-May-29 03:17:01,075 [main] com.ajio.keyword.Keyword 
  INFO  20SECONDS Implicit Wait is applied!!
2020-May-29 03:17:01,078 [main] com.ajio.keyword.Keyword 
  INFO  Splitting locatorName: signIn/JoinAjio
2020-May-29 03:17:01,078 [main] com.ajio.keyword.Keyword 
  INFO  Locator Type: xpath
2020-May-29 03:17:01,078 [main] com.ajio.keyword.Keyword 
  INFO  Locator Value: //span[@class="login-form login-modal"]
2020-May-29 03:17:01,464 [main] com.ajio.keyword.Keyword 
  INFO  Clicked on signIn/JoinAjio
2020-May-29 03:17:01,464 [main] com.ajio.keyword.Keyword 
  INFO  Splitting locatorName: email
2020-May-29 03:17:01,464 [main] com.ajio.keyword.Keyword 
  INFO  Locator Type: xpath
2020-May-29 03:17:01,464 [main] com.ajio.keyword.Keyword 
  INFO  Locator Value: //input[@name="username"]
2020-May-29 03:17:02,029 [main] com.ajio.keyword.Keyword 
  INFO  Splitting locatorName: continue
2020-May-29 03:17:02,029 [main] com.ajio.keyword.Keyword 
  INFO  Locator Type: xpath
2020-May-29 03:17:02,029 [main] com.ajio.keyword.Keyword 
  INFO  Locator Value: //input[@value="Continue"]
2020-May-29 03:17:02,144 [main] com.ajio.keyword.Keyword 
  INFO  Clicked on continue
2020-May-29 03:17:02,148 [main] com.ajio.keyword.Keyword 
  INFO  Splitting locatorName: loginpassword
2020-May-29 03:17:02,148 [main] com.ajio.keyword.Keyword 
  INFO  Locator Type: xpath
2020-May-29 03:17:02,148 [main] com.ajio.keyword.Keyword 
  INFO  Locator Value: //input[@name="password"]
2020-May-29 03:17:03,331 [main] com.ajio.keyword.Keyword 
  INFO  Splitting locatorName: startShopping
2020-May-29 03:17:03,331 [main] com.ajio.keyword.Keyword 
  INFO  Locator Type: xpath
2020-May-29 03:17:03,335 [main] com.ajio.keyword.Keyword 
  INFO  Locator Value: //input[@value="START SHOPPING"]
2020-May-29 03:17:03,428 [main] com.ajio.keyword.Keyword 
  INFO  Clicked on startShopping
2020-May-29 03:17:03,428 [main] com.ajio.keyword.Keyword 
  INFO  8SECONDS Explicit wait is applied!!
2020-May-29 03:17:03,428 [main] com.ajio.keyword.Keyword 
  INFO  Splitting locatorName: captchaMsg
2020-May-29 03:17:03,428 [main] com.ajio.keyword.Keyword 
  INFO  Locator Type: xpath
2020-May-29 03:17:03,432 [main] com.ajio.keyword.Keyword 
  INFO  Locator Value: //div[text()='Please enter correct password and captcha']
2020-May-29 03:17:03,868 [main] com.ajio.keyword.Keyword 
  INFO  Please enter correct password and captcha returned Text !!
2020-May-29 03:17:04,141 [main] com.ajio.keyword.Keyword 
  INFO  Current browser window is Closed!!
2020-May-29 03:17:10,244 [main] com.ajio.keyword.Keyword 
  INFO  chrome is opened!! 
2020-May-29 03:17:14,448 [main] com.ajio.keyword.Keyword 
  INFO  Maximized Browser Window!!
2020-May-29 03:17:22,663 [main] com.ajio.keyword.Keyword 
  INFO  https://www.ajio.com is launched!!
2020-May-29 03:17:26,248 [main] com.ajio.keyword.Keyword 
  INFO  Deleted All Cookies!!
2020-May-29 03:17:26,252 [main] com.ajio.keyword.Keyword 
  INFO  20SECONDS Page load timeout  is applied!!
2020-May-29 03:17:26,260 [main] com.ajio.keyword.Keyword 
  INFO  20SECONDS Implicit Wait is applied!!
2020-May-29 03:17:26,262 [main] com.ajio.keyword.Keyword 
  INFO  Splitting locatorName: signIn/JoinAjio
2020-May-29 03:17:26,263 [main] com.ajio.keyword.Keyword 
  INFO  Locator Type: xpath
2020-May-29 03:17:26,263 [main] com.ajio.keyword.Keyword 
  INFO  Locator Value: //span[@class="login-form login-modal"]
2020-May-29 03:17:26,455 [main] com.ajio.keyword.Keyword 
  INFO  Clicked on signIn/JoinAjio
2020-May-29 03:17:26,527 [main] com.ajio.keyword.Keyword 
  INFO  Splitting locatorName: facebookSignIn
2020-May-29 03:17:26,527 [main] com.ajio.keyword.Keyword 
  INFO  Locator Type: xpath
2020-May-29 03:17:26,531 [main] com.ajio.keyword.Keyword 
  INFO  Locator Value: //div[@class="fb-login"]
2020-May-29 03:17:26,739 [main] com.ajio.keyword.Keyword 
  INFO  Clicked on facebookSignIn
2020-May-29 03:17:26,743 [main] com.ajio.keyword.Keyword 
  INFO  5SECONDS Explicit wait is applied!!
2020-May-29 03:17:31,877 [main] com.ajio.keyword.Keyword 
  INFO  Splitting locatorName: facebookEmail
2020-May-29 03:17:31,877 [main] com.ajio.keyword.Keyword 
  INFO  Locator Type: xpath
2020-May-29 03:17:31,877 [main] com.ajio.keyword.Keyword 
  INFO  Locator Value: //input[@id="email"]
2020-May-29 03:17:32,227 [main] com.ajio.keyword.Keyword 
  INFO  Splitting locatorName: facebookPass
2020-May-29 03:17:32,231 [main] com.ajio.keyword.Keyword 
  INFO  Locator Type: xpath
2020-May-29 03:17:32,231 [main] com.ajio.keyword.Keyword 
  INFO  Locator Value: //input[@id="pass"]
2020-May-29 03:17:32,357 [main] com.ajio.keyword.Keyword 
  INFO  Splitting locatorName: facebookLogin
2020-May-29 03:17:32,357 [main] com.ajio.keyword.Keyword 
  INFO  Locator Type: xpath
2020-May-29 03:17:32,357 [main] com.ajio.keyword.Keyword 
  INFO  Locator Value: //input[@name="login"]
2020-May-29 03:17:32,465 [main] com.ajio.keyword.Keyword 
  INFO  Clicked on facebookLogin
2020-May-29 03:17:32,465 [main] com.ajio.keyword.Keyword 
  INFO  10SECONDS Explicit wait is applied!!
2020-May-29 03:17:32,477 [main] com.ajio.keyword.Keyword 
  INFO  Splitting locatorName: signOut
2020-May-29 03:17:32,477 [main] com.ajio.keyword.Keyword 
  INFO  Locator Type: xpath
2020-May-29 03:17:32,481 [main] com.ajio.keyword.Keyword 
  INFO  Locator Value: //a[text()='Sign Out']
2020-May-29 03:17:42,503 [main] com.ajio.keyword.Keyword 
  INFO  Current browser window is Closed!!
