2020-May-29 00:38:05,672 [main] com.ajio.keyword.Keyword 
  INFO  https://www.ajio.com is launched!!
2020-May-29 00:38:08,083 [main] com.ajio.keyword.Keyword 
  INFO  Deleted All Cookies!!
2020-May-29 00:38:08,087 [main] com.ajio.keyword.Keyword 
  INFO  20SECONDS Page load timeout  is applied!!
2020-May-29 00:38:08,095 [main] com.ajio.keyword.Keyword 
  INFO  20SECONDS Implicit Wait is applied!!
2020-May-29 00:38:08,095 [main] com.ajio.keyword.Keyword 
  INFO  Splitting locatorName: signIn/JoinAjio
2020-May-29 00:38:08,099 [main] com.ajio.keyword.Keyword 
  INFO  Locator Type: xpath
2020-May-29 00:38:08,099 [main] com.ajio.keyword.Keyword 
  INFO  Locator Value: //span[@class="login-form login-modal"]
2020-May-29 00:38:08,464 [main] com.ajio.keyword.Keyword 
  INFO  Clicked on signIn/JoinAjio
2020-May-29 00:38:08,464 [main] com.ajio.keyword.Keyword 
  INFO  Splitting locatorName: email
2020-May-29 00:38:08,464 [main] com.ajio.keyword.Keyword 
  INFO  Locator Type: xpath
2020-May-29 00:38:08,464 [main] com.ajio.keyword.Keyword 
  INFO  Locator Value: //input[@name="username"]
2020-May-29 00:38:10,231 [main] com.ajio.keyword.Keyword 
  INFO  Splitting locatorName: continue
2020-May-29 00:38:10,231 [main] com.ajio.keyword.Keyword 
  INFO  Locator Type: xpath
2020-May-29 00:38:10,231 [main] com.ajio.keyword.Keyword 
  INFO  Locator Value: //input[@value="Continue"]
2020-May-29 00:38:10,367 [main] com.ajio.keyword.Keyword 
  INFO  Clicked on continue
2020-May-29 00:38:10,367 [main] com.ajio.keyword.Keyword 
  INFO  Splitting locatorName: loginpassword
2020-May-29 00:38:10,367 [main] com.ajio.keyword.Keyword 
  INFO  Locator Type: xpath
2020-May-29 00:38:10,367 [main] com.ajio.keyword.Keyword 
  INFO  Locator Value: //input[@name="password"]
2020-May-29 00:38:11,378 [main] com.ajio.keyword.Keyword 
  INFO  Splitting locatorName: startShopping
2020-May-29 00:38:11,382 [main] com.ajio.keyword.Keyword 
  INFO  Locator Type: xpath
2020-May-29 00:38:11,382 [main] com.ajio.keyword.Keyword 
  INFO  Locator Value: //input[@value="START SHOPPING"]
2020-May-29 00:38:11,474 [main] com.ajio.keyword.Keyword 
  INFO  Clicked on startShopping
2020-May-29 00:38:11,495 [main] com.ajio.keyword.Keyword 
  INFO  3SECONDS Explicit wait is applied!!
2020-May-29 00:38:11,495 [main] com.ajio.keyword.Keyword 
  INFO  Splitting locatorName: passErrorMsg2
2020-May-29 00:38:11,495 [main] com.ajio.keyword.Keyword 
  INFO  Locator Type: xpath
2020-May-29 00:38:11,495 [main] com.ajio.keyword.Keyword 
  INFO  Locator Value: //div[text()='Wrong Password Entered']
2020-May-29 00:38:32,274 [main] com.ajio.keyword.Keyword 
  INFO  Screenshot taken Successfully!!
2020-May-29 00:38:36,401 [main] com.ajio.keyword.Keyword 
  INFO  Current browser window is Closed!!
2020-May-29 00:38:42,460 [main] com.ajio.keyword.Keyword 
  INFO  chrome is opened!! 
2020-May-29 00:38:46,624 [main] com.ajio.keyword.Keyword 
  INFO  Maximized Browser Window!!
2020-May-29 00:38:52,952 [main] com.ajio.keyword.Keyword 
  INFO  https://www.ajio.com is launched!!
2020-May-29 00:38:56,204 [main] com.ajio.keyword.Keyword 
  INFO  Deleted All Cookies!!
2020-May-29 00:38:56,212 [main] com.ajio.keyword.Keyword 
  INFO  20SECONDS Page load timeout  is applied!!
2020-May-29 00:38:56,220 [main] com.ajio.keyword.Keyword 
  INFO  20SECONDS Implicit Wait is applied!!
2020-May-29 00:38:56,224 [main] com.ajio.keyword.Keyword 
  INFO  Splitting locatorName: signIn/JoinAjio
2020-May-29 00:38:56,224 [main] com.ajio.keyword.Keyword 
  INFO  Locator Type: xpath
2020-May-29 00:38:56,224 [main] com.ajio.keyword.Keyword 
  INFO  Locator Value: //span[@class="login-form login-modal"]
2020-May-29 00:38:56,421 [main] com.ajio.keyword.Keyword 
  INFO  Clicked on signIn/JoinAjio
2020-May-29 00:38:56,421 [main] com.ajio.keyword.Keyword 
  INFO  Splitting locatorName: email
2020-May-29 00:38:56,421 [main] com.ajio.keyword.Keyword 
  INFO  Locator Type: xpath
2020-May-29 00:38:56,421 [main] com.ajio.keyword.Keyword 
  INFO  Locator Value: //input[@name="username"]
2020-May-29 00:38:56,745 [main] com.ajio.keyword.Keyword 
  INFO  Splitting locatorName: continue
2020-May-29 00:38:56,745 [main] com.ajio.keyword.Keyword 
  INFO  Locator Type: xpath
2020-May-29 00:38:56,745 [main] com.ajio.keyword.Keyword 
  INFO  Locator Value: //input[@value="Continue"]
2020-May-29 00:38:56,866 [main] com.ajio.keyword.Keyword 
  INFO  Clicked on continue
2020-May-29 00:38:56,866 [main] com.ajio.keyword.Keyword 
  INFO  Splitting locatorName: loginpassword
2020-May-29 00:38:56,866 [main] com.ajio.keyword.Keyword 
  INFO  Locator Type: xpath
2020-May-29 00:38:56,866 [main] com.ajio.keyword.Keyword 
  INFO  Locator Value: //input[@name="password"]
2020-May-29 00:38:57,978 [main] com.ajio.keyword.Keyword 
  INFO  Splitting locatorName: startShopping
2020-May-29 00:38:57,982 [main] com.ajio.keyword.Keyword 
  INFO  Locator Type: xpath
2020-May-29 00:38:57,982 [main] com.ajio.keyword.Keyword 
  INFO  Locator Value: //input[@value="START SHOPPING"]
2020-May-29 00:38:58,074 [main] com.ajio.keyword.Keyword 
  INFO  Clicked on startShopping
2020-May-29 00:38:58,074 [main] com.ajio.keyword.Keyword 
  INFO  8SECONDS Explicit wait is applied!!
2020-May-29 00:38:58,074 [main] com.ajio.keyword.Keyword 
  INFO  Splitting locatorName: captchMsg
2020-May-29 00:38:58,603 [main] com.ajio.keyword.Keyword 
  INFO  Screenshot taken Successfully!!
