2020-May-29 16:49:11,433 [main] com.ajio.keyword.Keyword 
  INFO  https://www.ajio.com is launched!!
2020-May-29 16:49:13,355 [main] com.ajio.keyword.Keyword 
  INFO  Deleted All Cookies!!
2020-May-29 16:49:13,365 [main] com.ajio.keyword.Keyword 
  INFO  20SECONDS Page load timeout  is applied!!
2020-May-29 16:49:13,375 [main] com.ajio.keyword.Keyword 
  INFO  20SECONDS Implicit Wait is applied!!
2020-May-29 16:49:13,385 [main] com.ajio.keyword.Keyword 
  INFO  Splitting locatorName: signIn/JoinAjio
2020-May-29 16:49:13,515 [main] com.ajio.keyword.Keyword 
  INFO  Locator Type: xpath
2020-May-29 16:49:13,515 [main] com.ajio.keyword.Keyword 
  INFO  Locator Value: //span[@class="login-form login-modal"]
2020-May-29 16:49:13,699 [main] com.ajio.keyword.Keyword 
  INFO  Clicked on signIn/JoinAjio
2020-May-29 16:49:13,699 [main] com.ajio.keyword.Keyword 
  INFO  Splitting locatorName: email
2020-May-29 16:49:13,699 [main] com.ajio.keyword.Keyword 
  INFO  Locator Type: xpath
2020-May-29 16:49:13,703 [main] com.ajio.keyword.Keyword 
  INFO  Locator Value: //input[@name="username"]
2020-May-29 16:49:14,076 [main] com.ajio.keyword.Keyword 
  INFO  Splitting locatorName: continue
2020-May-29 16:49:14,076 [main] com.ajio.keyword.Keyword 
  INFO  Locator Type: xpath
2020-May-29 16:49:14,076 [main] com.ajio.keyword.Keyword 
  INFO  Locator Value: //input[@value="Continue"]
2020-May-29 16:49:14,196 [main] com.ajio.keyword.Keyword 
  INFO  Clicked on continue
2020-May-29 16:49:14,196 [main] com.ajio.keyword.Keyword 
  INFO  Splitting locatorName: loginpassword
2020-May-29 16:49:14,200 [main] com.ajio.keyword.Keyword 
  INFO  Locator Type: xpath
2020-May-29 16:49:14,200 [main] com.ajio.keyword.Keyword 
  INFO  Locator Value: //input[@name="password"]
2020-May-29 16:49:15,367 [main] com.ajio.keyword.Keyword 
  INFO  Splitting locatorName: startShopping
2020-May-29 16:49:15,367 [main] com.ajio.keyword.Keyword 
  INFO  Locator Type: xpath
2020-May-29 16:49:15,367 [main] com.ajio.keyword.Keyword 
  INFO  Locator Value: //input[@value="START SHOPPING"]
2020-May-29 16:49:15,468 [main] com.ajio.keyword.Keyword 
  INFO  Clicked on startShopping
2020-May-29 16:49:15,492 [main] com.ajio.keyword.Keyword 
  INFO  10SECONDS Explicit wait is applied!!
2020-May-29 16:49:15,492 [main] com.ajio.keyword.Keyword 
  INFO  Splitting locatorName: signOut
2020-May-29 16:49:15,492 [main] com.ajio.keyword.Keyword 
  INFO  Locator Type: xpath
2020-May-29 16:49:15,492 [main] com.ajio.keyword.Keyword 
  INFO  Locator Value: //a[text()='Sign Out']
2020-May-29 16:49:19,285 [main] com.ajio.keyword.Keyword 
  INFO  Splitting locatorName: signOut
2020-May-29 16:49:19,285 [main] com.ajio.keyword.Keyword 
  INFO  Locator Type: xpath
2020-May-29 16:49:19,285 [main] com.ajio.keyword.Keyword 
  INFO  Locator Value: //a[text()='Sign Out']
2020-May-29 16:49:19,357 [main] com.ajio.keyword.Keyword 
  INFO  Clicked on signOut
2020-May-29 16:49:19,357 [main] com.ajio.keyword.Keyword 
  INFO  6SECONDS Explicit wait is applied!!
2020-May-29 16:49:19,357 [main] com.ajio.keyword.Keyword 
  INFO  Splitting locatorName: signIn/JoinAjio
2020-May-29 16:49:19,357 [main] com.ajio.keyword.Keyword 
  INFO  Locator Type: xpath
2020-May-29 16:49:19,357 [main] com.ajio.keyword.Keyword 
  INFO  Locator Value: //span[@class="login-form login-modal"]
