2020-May-29 00:42:02,908 [main] com.ajio.keyword.Keyword 
  INFO  Maximized Browser Window!!
2020-May-29 00:42:09,492 [main] com.ajio.keyword.Keyword 
  INFO  https://www.ajio.com is launched!!
2020-May-29 00:42:13,562 [main] com.ajio.keyword.Keyword 
  INFO  Deleted All Cookies!!
2020-May-29 00:42:13,566 [main] com.ajio.keyword.Keyword 
  INFO  20SECONDS Page load timeout  is applied!!
2020-May-29 00:42:13,570 [main] com.ajio.keyword.Keyword 
  INFO  20SECONDS Implicit Wait is applied!!
2020-May-29 00:42:13,573 [main] com.ajio.keyword.Keyword 
  INFO  Splitting locatorName: signIn/JoinAjio
2020-May-29 00:42:13,573 [main] com.ajio.keyword.Keyword 
  INFO  Locator Type: xpath
2020-May-29 00:42:13,574 [main] com.ajio.keyword.Keyword 
  INFO  Locator Value: //span[@class="login-form login-modal"]
2020-May-29 00:42:13,714 [main] com.ajio.keyword.Keyword 
  INFO  Clicked on signIn/JoinAjio
2020-May-29 00:42:13,714 [main] com.ajio.keyword.Keyword 
  INFO  Splitting locatorName: email
2020-May-29 00:42:13,714 [main] com.ajio.keyword.Keyword 
  INFO  Locator Type: xpath
2020-May-29 00:42:13,714 [main] com.ajio.keyword.Keyword 
  INFO  Locator Value: //input[@name="username"]
2020-May-29 00:42:14,118 [main] com.ajio.keyword.Keyword 
  INFO  Splitting locatorName: continue
2020-May-29 00:42:14,122 [main] com.ajio.keyword.Keyword 
  INFO  Locator Type: xpath
2020-May-29 00:42:14,122 [main] com.ajio.keyword.Keyword 
  INFO  Locator Value: //input[@value="Continue"]
2020-May-29 00:42:14,242 [main] com.ajio.keyword.Keyword 
  INFO  Clicked on continue
2020-May-29 00:42:14,246 [main] com.ajio.keyword.Keyword 
  INFO  Splitting locatorName: startShopping
2020-May-29 00:42:14,246 [main] com.ajio.keyword.Keyword 
  INFO  Locator Type: xpath
2020-May-29 00:42:14,246 [main] com.ajio.keyword.Keyword 
  INFO  Locator Value: //input[@value="START SHOPPING"]
2020-May-29 00:42:15,277 [main] com.ajio.keyword.Keyword 
  INFO  Clicked on startShopping
2020-May-29 00:42:15,281 [main] com.ajio.keyword.Keyword 
  INFO  Splitting locatorName: passErrorMsg1
2020-May-29 00:42:15,281 [main] com.ajio.keyword.Keyword 
  INFO  Locator Type: xpath
2020-May-29 00:42:15,281 [main] com.ajio.keyword.Keyword 
  INFO  Locator Value: //div[text()='Please enter a valid password']
2020-May-29 00:42:15,385 [main] com.ajio.keyword.Keyword 
  INFO  Please enter a valid password returned Text !!
2020-May-29 00:42:15,855 [main] com.ajio.keyword.Keyword 
  INFO  Current browser window is Closed!!
2020-May-29 00:42:21,749 [main] com.ajio.keyword.Keyword 
  INFO  chrome is opened!! 
2020-May-29 00:42:25,895 [main] com.ajio.keyword.Keyword 
  INFO  Maximized Browser Window!!
2020-May-29 00:42:35,086 [main] com.ajio.keyword.Keyword 
  INFO  https://www.ajio.com is launched!!
2020-May-29 00:42:36,966 [main] com.ajio.keyword.Keyword 
  INFO  Deleted All Cookies!!
2020-May-29 00:42:36,970 [main] com.ajio.keyword.Keyword 
  INFO  20SECONDS Page load timeout  is applied!!
2020-May-29 00:42:36,974 [main] com.ajio.keyword.Keyword 
  INFO  20SECONDS Implicit Wait is applied!!
2020-May-29 00:42:36,974 [main] com.ajio.keyword.Keyword 
  INFO  Splitting locatorName: signIn/JoinAjio
2020-May-29 00:42:36,978 [main] com.ajio.keyword.Keyword 
  INFO  Locator Type: xpath
2020-May-29 00:42:36,978 [main] com.ajio.keyword.Keyword 
  INFO  Locator Value: //span[@class="login-form login-modal"]
2020-May-29 00:42:37,225 [main] com.ajio.keyword.Keyword 
  INFO  Clicked on signIn/JoinAjio
2020-May-29 00:42:37,225 [main] com.ajio.keyword.Keyword 
  INFO  Splitting locatorName: email
2020-May-29 00:42:37,225 [main] com.ajio.keyword.Keyword 
  INFO  Locator Type: xpath
2020-May-29 00:42:37,225 [main] com.ajio.keyword.Keyword 
  INFO  Locator Value: //input[@name="username"]
2020-May-29 00:42:38,500 [main] com.ajio.keyword.Keyword 
  INFO  Splitting locatorName: continue
2020-May-29 00:42:38,500 [main] com.ajio.keyword.Keyword 
  INFO  Locator Type: xpath
2020-May-29 00:42:38,500 [main] com.ajio.keyword.Keyword 
  INFO  Locator Value: //input[@value="Continue"]
2020-May-29 00:42:38,644 [main] com.ajio.keyword.Keyword 
  INFO  Clicked on continue
2020-May-29 00:42:38,644 [main] com.ajio.keyword.Keyword 
  INFO  Splitting locatorName: emailErrorMsg
2020-May-29 00:42:38,648 [main] com.ajio.keyword.Keyword 
  INFO  Locator Type: xpath
2020-May-29 00:42:38,648 [main] com.ajio.keyword.Keyword 
  INFO  Locator Value: //div[@id="error-msg"]
2020-May-29 00:42:38,708 [main] com.ajio.keyword.Keyword 
  INFO  Please enter a valid Mobile Number/Email. returned Text !!
2020-May-29 00:42:38,982 [main] com.ajio.keyword.Keyword 
  INFO  Current browser window is Closed!!
2020-May-29 00:42:45,406 [main] com.ajio.keyword.Keyword 
  INFO  chrome is opened!! 
2020-May-29 00:42:49,607 [main] com.ajio.keyword.Keyword 
  INFO  Maximized Browser Window!!
2020-May-29 00:42:57,435 [main] com.ajio.keyword.Keyword 
  INFO  https://www.ajio.com is launched!!
2020-May-29 00:42:59,773 [main] com.ajio.keyword.Keyword 
  INFO  Deleted All Cookies!!
2020-May-29 00:42:59,781 [main] com.ajio.keyword.Keyword 
  INFO  20SECONDS Page load timeout  is applied!!
2020-May-29 00:42:59,785 [main] com.ajio.keyword.Keyword 
  INFO  20SECONDS Implicit Wait is applied!!
2020-May-29 00:42:59,788 [main] com.ajio.keyword.Keyword 
  INFO  Splitting locatorName: signIn/JoinAjio
2020-May-29 00:42:59,788 [main] com.ajio.keyword.Keyword 
  INFO  Locator Type: xpath
2020-May-29 00:42:59,789 [main] com.ajio.keyword.Keyword 
  INFO  Locator Value: //span[@class="login-form login-modal"]
2020-May-29 00:42:59,921 [main] com.ajio.keyword.Keyword 
  INFO  Clicked on signIn/JoinAjio
2020-May-29 00:42:59,921 [main] com.ajio.keyword.Keyword 
  INFO  Splitting locatorName: email
2020-May-29 00:42:59,921 [main] com.ajio.keyword.Keyword 
  INFO  Locator Type: xpath
2020-May-29 00:42:59,925 [main] com.ajio.keyword.Keyword 
  INFO  Locator Value: //input[@name="username"]
