2020-May-29 01:20:44,781 [main] com.ajio.keyword.Keyword 
  INFO  chrome is opened!! 
2020-May-29 01:20:48,965 [main] com.ajio.keyword.Keyword 
  INFO  Maximized Browser Window!!
2020-May-29 01:20:55,579 [main] com.ajio.keyword.Keyword 
  INFO  https://www.ajio.com is launched!!
2020-May-29 01:20:58,598 [main] com.ajio.keyword.Keyword 
  INFO  Deleted All Cookies!!
2020-May-29 01:20:58,610 [main] com.ajio.keyword.Keyword 
  INFO  20SECONDS Page load timeout  is applied!!
2020-May-29 01:20:58,622 [main] com.ajio.keyword.Keyword 
  INFO  20SECONDS Implicit Wait is applied!!
2020-May-29 01:20:58,643 [main] com.ajio.keyword.Keyword 
  INFO  Splitting locatorName: signIn/JoinAjio
2020-May-29 01:20:58,651 [main] com.ajio.keyword.Keyword 
  INFO  Locator Type: xpath
2020-May-29 01:20:58,663 [main] com.ajio.keyword.Keyword 
  INFO  Locator Value: //span[@class="login-form login-modal"]
2020-May-29 01:20:58,938 [main] com.ajio.keyword.Keyword 
  INFO  Clicked on signIn/JoinAjio
2020-May-29 01:20:58,946 [main] com.ajio.keyword.Keyword 
  INFO  Splitting locatorName: facebookSignIn
2020-May-29 01:20:58,946 [main] com.ajio.keyword.Keyword 
  INFO  Locator Type: xpath
2020-May-29 01:20:58,946 [main] com.ajio.keyword.Keyword 
  INFO  Locator Value: //div[@class="fb-login"]
2020-May-29 01:20:59,112 [main] com.ajio.keyword.Keyword 
  INFO  Clicked on facebookSignIn
2020-May-29 01:20:59,136 [main] com.ajio.keyword.Keyword 
  INFO  5SECONDS Explicit wait is applied!!
