2020-May-28 22:44:19,506 [main] com.ajio.keyword.Keyword 
  INFO  chrome is opened!! 
2020-May-28 22:44:23,651 [main] com.ajio.keyword.Keyword 
  INFO  Maximized Browser Window!!
2020-May-28 22:44:30,618 [main] com.ajio.keyword.Keyword 
  INFO  https://www.ajio.com is launched!!
2020-May-28 22:44:33,742 [main] com.ajio.keyword.Keyword 
  INFO  Deleted All Cookies!!
2020-May-28 22:44:33,755 [main] com.ajio.keyword.Keyword 
  INFO  20SECONDS Page load timeout  is applied!!
2020-May-28 22:44:33,764 [main] com.ajio.keyword.Keyword 
  INFO  20SECONDS Implicit Wait is applied!!
2020-May-28 22:44:33,783 [main] com.ajio.keyword.Keyword 
  INFO  Splitting locatorName: signIn/JoinAjio
2020-May-28 22:44:33,791 [main] com.ajio.keyword.Keyword 
  INFO  Locator Type: xpath
2020-May-28 22:44:33,792 [main] com.ajio.keyword.Keyword 
  INFO  Locator Value: //span[@class="login-form login-modal"]
2020-May-28 22:44:34,074 [main] com.ajio.keyword.Keyword 
  INFO  Clicked on signIn/JoinAjio
2020-May-28 22:44:34,074 [main] com.ajio.keyword.Keyword 
  INFO  Splitting locatorName: continue
2020-May-28 22:44:34,075 [main] com.ajio.keyword.Keyword 
  INFO  Locator Type: xpath
2020-May-28 22:44:34,076 [main] com.ajio.keyword.Keyword 
  INFO  Locator Value: //input[@value="Continue"]
2020-May-28 22:44:34,322 [main] com.ajio.keyword.Keyword 
  INFO  Clicked on continue
2020-May-28 22:44:34,322 [main] com.ajio.keyword.Keyword 
  INFO  Splitting locatorName: emailErrorMsg
2020-May-28 22:44:34,323 [main] com.ajio.keyword.Keyword 
  INFO  Locator Type: xpath
2020-May-28 22:44:34,323 [main] com.ajio.keyword.Keyword 
  INFO  Locator Value: //div[@id="error-msg"]
2020-May-28 22:44:34,451 [main] com.ajio.keyword.Keyword 
  INFO  Please enter valid Mobile Number / Email. returned Text !!
2020-May-28 22:44:35,045 [main] com.ajio.keyword.Keyword 
  INFO  Current browser window is Closed!!
2020-May-28 22:44:40,829 [main] com.ajio.keyword.Keyword 
  INFO  chrome is opened!! 
2020-May-28 22:44:44,979 [main] com.ajio.keyword.Keyword 
  INFO  Maximized Browser Window!!
2020-May-28 22:44:51,975 [main] com.ajio.keyword.Keyword 
  INFO  https://www.ajio.com is launched!!
2020-May-28 22:44:53,750 [main] com.ajio.keyword.Keyword 
  INFO  Deleted All Cookies!!
2020-May-28 22:44:53,753 [main] com.ajio.keyword.Keyword 
  INFO  20SECONDS Page load timeout  is applied!!
2020-May-28 22:44:53,756 [main] com.ajio.keyword.Keyword 
  INFO  20SECONDS Implicit Wait is applied!!
2020-May-28 22:44:53,758 [main] com.ajio.keyword.Keyword 
  INFO  Splitting locatorName: signIn/JoinAjio
2020-May-28 22:44:53,759 [main] com.ajio.keyword.Keyword 
  INFO  Locator Type: xpath
2020-May-28 22:44:53,759 [main] com.ajio.keyword.Keyword 
  INFO  Locator Value: //span[@class="login-form login-modal"]
2020-May-28 22:44:53,909 [main] com.ajio.keyword.Keyword 
  INFO  Clicked on signIn/JoinAjio
2020-May-28 22:44:53,909 [main] com.ajio.keyword.Keyword 
  INFO  Splitting locatorName: email
2020-May-28 22:44:53,910 [main] com.ajio.keyword.Keyword 
  INFO  Locator Type: xpath
2020-May-28 22:44:53,911 [main] com.ajio.keyword.Keyword 
  INFO  Locator Value: //input[@name="username"]
2020-May-28 22:44:54,202 [main] com.ajio.keyword.Keyword 
  INFO  Splitting locatorName: continue
2020-May-28 22:44:54,203 [main] com.ajio.keyword.Keyword 
  INFO  Locator Type: xpath
2020-May-28 22:44:54,203 [main] com.ajio.keyword.Keyword 
  INFO  Locator Value: //input[@value="Continue"]
2020-May-28 22:44:54,316 [main] com.ajio.keyword.Keyword 
  INFO  Clicked on continue
2020-May-28 22:44:54,316 [main] com.ajio.keyword.Keyword 
  INFO  Splitting locatorName: startShopping
2020-May-28 22:44:54,317 [main] com.ajio.keyword.Keyword 
  INFO  Locator Type: xpath
2020-May-28 22:44:54,317 [main] com.ajio.keyword.Keyword 
  INFO  Locator Value: //input[@value="START SHOPPING"]
2020-May-28 22:44:55,412 [main] com.ajio.keyword.Keyword 
  INFO  Clicked on startShopping
2020-May-28 22:44:55,412 [main] com.ajio.keyword.Keyword 
  INFO  Splitting locatorName: passErrorMsg
2020-May-28 22:44:55,413 [main] com.ajio.keyword.Keyword 
  INFO  Locator Type: xpath
2020-May-28 22:44:55,414 [main] com.ajio.keyword.Keyword 
  INFO  Locator Value: //div[text()='Please enter a valid password']
2020-May-28 22:44:55,469 [main] com.ajio.keyword.Keyword 
  INFO  Please enter a valid password returned Text !!
2020-May-28 22:44:55,694 [main] com.ajio.keyword.Keyword 
  INFO  Current browser window is Closed!!
