2020-May-28 17:26:02,416 [main] com.ajio.keyword.Keyword 
  INFO  Maximized Browser Window!!
2020-May-28 17:26:08,071 [main] com.ajio.keyword.Keyword 
  INFO  https://www.ajio.com is launched!!
2020-May-28 17:26:10,616 [main] com.ajio.keyword.Keyword 
  INFO  Deleted All Cookies!!
2020-May-28 17:26:10,620 [main] com.ajio.keyword.Keyword 
  INFO  20SECONDS Page load timeout  is applied!!
2020-May-28 17:26:10,624 [main] com.ajio.keyword.Keyword 
  INFO  20SECONDS Implicit Wait is applied!!
2020-May-28 17:26:10,627 [main] com.ajio.keyword.Keyword 
  INFO  Splitting locatorName: signIn/JoinAjio
2020-May-28 17:26:10,628 [main] com.ajio.keyword.Keyword 
  INFO  Locator Type: xpath
2020-May-28 17:26:10,628 [main] com.ajio.keyword.Keyword 
  INFO  Locator Value: //span[@class="login-form login-modal"]
2020-May-28 17:26:10,796 [main] com.ajio.keyword.Keyword 
  INFO  Clicked on signIn/JoinAjio
2020-May-28 17:26:10,796 [main] com.ajio.keyword.Keyword 
  INFO  Splitting locatorName: email
2020-May-28 17:26:10,796 [main] com.ajio.keyword.Keyword 
  INFO  Locator Type: xpath
2020-May-28 17:26:10,800 [main] com.ajio.keyword.Keyword 
  INFO  Locator Value: //input[@name="username"]
2020-May-28 17:26:11,156 [main] com.ajio.keyword.Keyword 
  INFO  Splitting locatorName: continue
2020-May-28 17:26:11,156 [main] com.ajio.keyword.Keyword 
  INFO  Locator Type: xpath
2020-May-28 17:26:11,156 [main] com.ajio.keyword.Keyword 
  INFO  Locator Value: //input[@value="Continue"]
2020-May-28 17:26:11,256 [main] com.ajio.keyword.Keyword 
  INFO  Clicked on continue
2020-May-28 17:26:11,256 [main] com.ajio.keyword.Keyword 
  INFO  Splitting locatorName: sendOTP
2020-May-28 17:26:11,256 [main] com.ajio.keyword.Keyword 
  INFO  Locator Type: xpath
2020-May-28 17:26:11,256 [main] com.ajio.keyword.Keyword 
  INFO  Locator Value: //input[@value="SEND OTP"]
2020-May-28 17:26:12,498 [main] com.ajio.keyword.Keyword 
  INFO  Clicked on sendOTP
2020-May-28 17:26:12,498 [main] com.ajio.keyword.Keyword 
  INFO  Splitting locatorName: tncErrorMsg
2020-May-28 17:26:12,498 [main] com.ajio.keyword.Keyword 
  INFO  Locator Type: xpath
2020-May-28 17:26:12,502 [main] com.ajio.keyword.Keyword 
  INFO  Locator Value: //div[text()='You must agree to Terms and Conditions']
2020-May-28 17:26:12,578 [main] com.ajio.keyword.Keyword 
  INFO  You must agree to Terms and Conditions returned Text !!
2020-May-28 17:26:12,837 [main] com.ajio.keyword.Keyword 
  INFO  Current browser window is Closed!!
