2020-May-28 02:23:01,650 [main] com.ajio.keyword.Keyword 
  INFO  chrome is opened!! 
2020-May-28 02:23:05,883 [main] com.ajio.keyword.Keyword 
  INFO  Maximized Browser Window!!
2020-May-28 02:23:14,618 [main] com.ajio.keyword.Keyword 
  INFO  https://www.ajio.com is launched!!
2020-May-28 02:23:18,247 [main] com.ajio.keyword.Keyword 
  INFO  Deleted All Cookies!!
2020-May-28 02:23:18,253 [main] com.ajio.keyword.Keyword 
  INFO  20SECONDS Page load timeout  is applied!!
2020-May-28 02:23:18,258 [main] com.ajio.keyword.Keyword 
  INFO  20SECONDS Implicit Wait is applied!!
2020-May-28 02:23:18,265 [main] com.ajio.keyword.Keyword 
  INFO  Splitting locatorName: signIn/JoinAjio
2020-May-28 02:23:18,268 [main] com.ajio.keyword.Keyword 
  INFO  Locator Type: xpath
2020-May-28 02:23:18,286 [main] com.ajio.keyword.Keyword 
  INFO  Locator Value: //span[@class="login-form login-modal"]
2020-May-28 02:23:18,428 [main] com.ajio.keyword.Keyword 
  INFO  Clicked on signIn/JoinAjio
2020-May-28 02:23:18,428 [main] com.ajio.keyword.Keyword 
  INFO  Splitting locatorName: email
2020-May-28 02:23:18,429 [main] com.ajio.keyword.Keyword 
  INFO  Locator Type: xpath
2020-May-28 02:23:18,429 [main] com.ajio.keyword.Keyword 
  INFO  Locator Value: //input[@name="username"]
2020-May-28 02:23:18,729 [main] com.ajio.keyword.Keyword 
  INFO  Splitting locatorName: continue
2020-May-28 02:23:18,730 [main] com.ajio.keyword.Keyword 
  INFO  Locator Type: xpath
2020-May-28 02:23:18,730 [main] com.ajio.keyword.Keyword 
  INFO  Locator Value: //input[@value="Continue"]
2020-May-28 02:23:18,867 [main] com.ajio.keyword.Keyword 
  INFO  Clicked on continue
2020-May-28 02:23:18,867 [main] com.ajio.keyword.Keyword 
  INFO  Splitting locatorName: name
2020-May-28 02:23:18,868 [main] com.ajio.keyword.Keyword 
  INFO  Locator Type: xpath
2020-May-28 02:23:18,869 [main] com.ajio.keyword.Keyword 
  INFO  Locator Value: //input[@name="user-name"]
2020-May-28 02:23:20,157 [main] com.ajio.keyword.Keyword 
  INFO  Splitting locatorName: sendOTP
2020-May-28 02:23:20,157 [main] com.ajio.keyword.Keyword 
  INFO  Locator Type: xpath
2020-May-28 02:23:20,158 [main] com.ajio.keyword.Keyword 
  INFO  Locator Value: //input[@value="SEND OTP"]
2020-May-28 02:23:20,253 [main] com.ajio.keyword.Keyword 
  INFO  Clicked on sendOTP
2020-May-28 02:23:20,253 [main] com.ajio.keyword.Keyword 
  INFO  Splitting locatorName: nameErrorMsg
2020-May-28 02:23:20,253 [main] com.ajio.keyword.Keyword 
  INFO  Locator Type: xpath
2020-May-28 02:23:20,254 [main] com.ajio.keyword.Keyword 
  INFO  Locator Value: //div[text()='Use only alphabets and an optional single space between words.']
2020-May-28 02:23:41,125 [main] com.ajio.keyword.Keyword 
  INFO  Screenshot taken Successfully!!
2020-May-28 02:23:41,348 [main] com.ajio.keyword.Keyword 
  INFO  Current browser window is Closed!!
