2020-May-29 16:40:38,113 [main] com.ajio.keyword.Keyword 
  INFO  chrome is opened!! 
2020-May-29 16:40:42,456 [main] com.ajio.keyword.Keyword 
  INFO  Maximized Browser Window!!
2020-May-29 16:40:48,358 [main] com.ajio.keyword.Keyword 
  INFO  https://www.ajio.com is launched!!
2020-May-29 16:40:51,941 [main] com.ajio.keyword.Keyword 
  INFO  Deleted All Cookies!!
2020-May-29 16:40:51,953 [main] com.ajio.keyword.Keyword 
  INFO  20SECONDS Page load timeout  is applied!!
2020-May-29 16:40:51,961 [main] com.ajio.keyword.Keyword 
  INFO  20SECONDS Implicit Wait is applied!!
2020-May-29 16:40:51,989 [main] com.ajio.keyword.Keyword 
  INFO  Splitting locatorName: signIn/JoinAjio
2020-May-29 16:40:51,989 [main] com.ajio.keyword.Keyword 
  INFO  Locator Type: xpath
2020-May-29 16:40:51,989 [main] com.ajio.keyword.Keyword 
  INFO  Locator Value: //span[@class="login-form login-modal"]
2020-May-29 16:40:52,117 [main] com.ajio.keyword.Keyword 
  INFO  Clicked on signIn/JoinAjio
2020-May-29 16:40:52,121 [main] com.ajio.keyword.Keyword 
  INFO  Splitting locatorName: email
2020-May-29 16:40:52,121 [main] com.ajio.keyword.Keyword 
  INFO  Locator Type: xpath
2020-May-29 16:40:52,121 [main] com.ajio.keyword.Keyword 
  INFO  Locator Value: //input[@name="username"]
2020-May-29 16:40:52,397 [main] com.ajio.keyword.Keyword 
  INFO  Splitting locatorName: continue
2020-May-29 16:40:52,397 [main] com.ajio.keyword.Keyword 
  INFO  Locator Type: xpath
2020-May-29 16:40:52,397 [main] com.ajio.keyword.Keyword 
  INFO  Locator Value: //input[@value="Continue"]
2020-May-29 16:40:52,501 [main] com.ajio.keyword.Keyword 
  INFO  Clicked on continue
2020-May-29 16:40:52,501 [main] com.ajio.keyword.Keyword 
  INFO  Splitting locatorName: loginpassword
2020-May-29 16:40:52,501 [main] com.ajio.keyword.Keyword 
  INFO  Locator Type: xpath
2020-May-29 16:40:52,501 [main] com.ajio.keyword.Keyword 
  INFO  Locator Value: //input[@name="password"]
2020-May-29 16:40:53,712 [main] com.ajio.keyword.Keyword 
  INFO  Splitting locatorName: startShopping
2020-May-29 16:40:53,716 [main] com.ajio.keyword.Keyword 
  INFO  Locator Type: xpath
2020-May-29 16:40:53,716 [main] com.ajio.keyword.Keyword 
  INFO  Locator Value: //input[@value="START SHOPPING"]
2020-May-29 16:40:53,816 [main] com.ajio.keyword.Keyword 
  INFO  Clicked on startShopping
2020-May-29 16:40:53,844 [main] com.ajio.keyword.Keyword 
  INFO  10SECONDS Explicit wait is applied!!
2020-May-29 16:40:53,844 [main] com.ajio.keyword.Keyword 
  INFO  Splitting locatorName: signOut
2020-May-29 16:40:53,844 [main] com.ajio.keyword.Keyword 
  INFO  Locator Type: xpath
2020-May-29 16:40:53,844 [main] com.ajio.keyword.Keyword 
  INFO  Locator Value: //a[text()='Sign Out']
2020-May-29 16:40:57,362 [main] com.ajio.keyword.Keyword 
  INFO  Splitting locatorName: signOut
2020-May-29 16:40:57,362 [main] com.ajio.keyword.Keyword 
  INFO  Locator Type: xpath
2020-May-29 16:40:57,366 [main] com.ajio.keyword.Keyword 
  INFO  Locator Value: //a[text()='Sign Out']
2020-May-29 16:40:57,696 [main] com.ajio.keyword.Keyword 
  INFO  Clicked on signOut
2020-May-29 16:40:57,696 [main] com.ajio.keyword.Keyword 
  INFO  6SECONDS Explicit wait is applied!!
2020-May-29 16:40:57,696 [main] com.ajio.keyword.Keyword 
  INFO  Splitting locatorName: signIn/JoinAjio
2020-May-29 16:40:57,696 [main] com.ajio.keyword.Keyword 
  INFO  Locator Type: xpath
2020-May-29 16:40:57,696 [main] com.ajio.keyword.Keyword 
  INFO  Locator Value: //span[@class="login-form login-modal"]
