2020-May-29 02:36:23,422 [main] com.ajio.keyword.Keyword 
  INFO  chrome is opened!! 
2020-May-29 02:36:27,630 [main] com.ajio.keyword.Keyword 
  INFO  Maximized Browser Window!!
2020-May-29 02:36:33,862 [main] com.ajio.keyword.Keyword 
  INFO  https://www.ajio.com is launched!!
2020-May-29 02:36:37,375 [main] com.ajio.keyword.Keyword 
  INFO  Deleted All Cookies!!
2020-May-29 02:36:37,391 [main] com.ajio.keyword.Keyword 
  INFO  20SECONDS Page load timeout  is applied!!
2020-May-29 02:36:37,403 [main] com.ajio.keyword.Keyword 
  INFO  20SECONDS Implicit Wait is applied!!
2020-May-29 02:36:37,428 [main] com.ajio.keyword.Keyword 
  INFO  Splitting locatorName: signIn/JoinAjio
2020-May-29 02:36:37,432 [main] com.ajio.keyword.Keyword 
  INFO  Locator Type: xpath
2020-May-29 02:36:37,564 [main] com.ajio.keyword.Keyword 
  INFO  Locator Value: //span[@class="login-form login-modal"]
2020-May-29 02:36:37,844 [main] com.ajio.keyword.Keyword 
  INFO  Clicked on signIn/JoinAjio
2020-May-29 02:36:37,856 [main] com.ajio.keyword.Keyword 
  INFO  Splitting locatorName: facebookSignIn
2020-May-29 02:36:37,856 [main] com.ajio.keyword.Keyword 
  INFO  Locator Type: xpath
2020-May-29 02:36:37,856 [main] com.ajio.keyword.Keyword 
  INFO  Locator Value: //div[@class="fb-login"]
2020-May-29 02:36:38,104 [main] com.ajio.keyword.Keyword 
  INFO  Clicked on facebookSignIn
2020-May-29 02:36:38,132 [main] com.ajio.keyword.Keyword 
  INFO  5SECONDS Explicit wait is applied!!
2020-May-29 02:36:43,334 [main] com.ajio.keyword.Keyword 
  INFO  Splitting locatorName: facebookEmail
2020-May-29 02:36:43,334 [main] com.ajio.keyword.Keyword 
  INFO  Locator Type: xpath
2020-May-29 02:36:43,338 [main] com.ajio.keyword.Keyword 
  INFO  Locator Value: //input[@id="email"]
2020-May-29 02:36:43,728 [main] com.ajio.keyword.Keyword 
  INFO  Splitting locatorName: facebookPass
2020-May-29 02:36:43,732 [main] com.ajio.keyword.Keyword 
  INFO  Locator Type: xpath
2020-May-29 02:36:43,732 [main] com.ajio.keyword.Keyword 
  INFO  Locator Value: //input[@id="pass"]
2020-May-29 02:36:43,983 [main] com.ajio.keyword.Keyword 
  INFO  Splitting locatorName: facebookLogin
2020-May-29 02:36:43,987 [main] com.ajio.keyword.Keyword 
  INFO  Locator Type: xpath
2020-May-29 02:36:43,987 [main] com.ajio.keyword.Keyword 
  INFO  Locator Value: //input[@name="login"]
2020-May-29 02:36:44,113 [main] com.ajio.keyword.Keyword 
  INFO  Clicked on facebookLogin
