2020-May-31 01:58:13,487 [main] com.ajio.keyword.Keyword 
  INFO  Screenshot taken Successfully!!
2020-May-31 01:58:19,545 [main] com.ajio.keyword.Keyword 
  INFO  chrome is opened!! 
2020-May-31 01:58:23,706 [main] com.ajio.keyword.Keyword 
  INFO  Maximized Browser Window!!
2020-May-31 01:58:24,508 [main] com.ajio.keyword.Keyword 
  INFO  https://www.ajio.com is launched!!
2020-May-31 01:58:24,548 [main] com.ajio.keyword.Keyword 
  INFO  Deleted All Cookies!!
2020-May-31 01:58:24,559 [main] com.ajio.keyword.Keyword 
  INFO  20SECONDS Page load timeout  is applied!!
2020-May-31 01:58:24,573 [main] com.ajio.keyword.Keyword 
  INFO  20SECONDS Implicit Wait is applied!!
2020-May-31 01:58:44,976 [main] com.ajio.keyword.Keyword 
  INFO  Screenshot taken Successfully!!
2020-May-31 01:58:50,997 [main] com.ajio.keyword.Keyword 
  INFO  chrome is opened!! 
2020-May-31 01:58:55,135 [main] com.ajio.keyword.Keyword 
  INFO  Maximized Browser Window!!
2020-May-31 01:58:55,763 [main] com.ajio.keyword.Keyword 
  INFO  https://www.ajio.com is launched!!
2020-May-31 01:58:55,786 [main] com.ajio.keyword.Keyword 
  INFO  Deleted All Cookies!!
2020-May-31 01:58:55,791 [main] com.ajio.keyword.Keyword 
  INFO  20SECONDS Page load timeout  is applied!!
2020-May-31 01:58:55,796 [main] com.ajio.keyword.Keyword 
  INFO  20SECONDS Implicit Wait is applied!!
