2020-May-29 00:33:03,795 [main] com.ajio.keyword.Keyword 
  INFO  Current browser window is Closed!!
2020-May-29 00:33:09,573 [main] com.ajio.keyword.Keyword 
  INFO  chrome is opened!! 
2020-May-29 00:33:13,733 [main] com.ajio.keyword.Keyword 
  INFO  Maximized Browser Window!!
2020-May-29 00:33:19,237 [main] com.ajio.keyword.Keyword 
  INFO  https://www.ajio.com is launched!!
2020-May-29 00:33:22,774 [main] com.ajio.keyword.Keyword 
  INFO  Deleted All Cookies!!
2020-May-29 00:33:22,778 [main] com.ajio.keyword.Keyword 
  INFO  20SECONDS Page load timeout  is applied!!
2020-May-29 00:33:22,794 [main] com.ajio.keyword.Keyword 
  INFO  20SECONDS Implicit Wait is applied!!
2020-May-29 00:33:22,796 [main] com.ajio.keyword.Keyword 
  INFO  Splitting locatorName: signIn/JoinAjio
2020-May-29 00:33:22,800 [main] com.ajio.keyword.Keyword 
  INFO  Locator Type: xpath
2020-May-29 00:33:22,800 [main] com.ajio.keyword.Keyword 
  INFO  Locator Value: //span[@class="login-form login-modal"]
2020-May-29 00:33:22,988 [main] com.ajio.keyword.Keyword 
  INFO  Clicked on signIn/JoinAjio
2020-May-29 00:33:22,988 [main] com.ajio.keyword.Keyword 
  INFO  Splitting locatorName: email
2020-May-29 00:33:22,988 [main] com.ajio.keyword.Keyword 
  INFO  Locator Type: xpath
2020-May-29 00:33:22,988 [main] com.ajio.keyword.Keyword 
  INFO  Locator Value: //input[@name="username"]
2020-May-29 00:33:23,276 [main] com.ajio.keyword.Keyword 
  INFO  Splitting locatorName: continue
2020-May-29 00:33:23,276 [main] com.ajio.keyword.Keyword 
  INFO  Locator Type: xpath
2020-May-29 00:33:23,276 [main] com.ajio.keyword.Keyword 
  INFO  Locator Value: //input[@value="Continue"]
2020-May-29 00:33:23,400 [main] com.ajio.keyword.Keyword 
  INFO  Clicked on continue
2020-May-29 00:33:23,404 [main] com.ajio.keyword.Keyword 
  INFO  Splitting locatorName: startShopping
2020-May-29 00:33:23,404 [main] com.ajio.keyword.Keyword 
  INFO  Locator Type: xpath
2020-May-29 00:33:23,404 [main] com.ajio.keyword.Keyword 
  INFO  Locator Value: //input[@value="START SHOPPING"]
2020-May-29 00:33:24,552 [main] com.ajio.keyword.Keyword 
  INFO  Clicked on startShopping
2020-May-29 00:33:24,552 [main] com.ajio.keyword.Keyword 
  INFO  Splitting locatorName: passErrorMsg1
2020-May-29 00:33:24,552 [main] com.ajio.keyword.Keyword 
  INFO  Locator Type: xpath
2020-May-29 00:33:24,552 [main] com.ajio.keyword.Keyword 
  INFO  Locator Value: //div[text()='Please enter a valid password']
2020-May-29 00:33:24,596 [main] com.ajio.keyword.Keyword 
  INFO  Please enter a valid password returned Text !!
2020-May-29 00:33:29,077 [main] com.ajio.keyword.Keyword 
  INFO  Current browser window is Closed!!
2020-May-29 00:33:34,996 [main] com.ajio.keyword.Keyword 
  INFO  chrome is opened!! 
2020-May-29 00:33:39,186 [main] com.ajio.keyword.Keyword 
  INFO  Maximized Browser Window!!
2020-May-29 00:33:45,210 [main] com.ajio.keyword.Keyword 
  INFO  https://www.ajio.com is launched!!
2020-May-29 00:33:48,034 [main] com.ajio.keyword.Keyword 
  INFO  Deleted All Cookies!!
2020-May-29 00:33:48,042 [main] com.ajio.keyword.Keyword 
  INFO  20SECONDS Page load timeout  is applied!!
2020-May-29 00:33:48,046 [main] com.ajio.keyword.Keyword 
  INFO  20SECONDS Implicit Wait is applied!!
2020-May-29 00:33:48,050 [main] com.ajio.keyword.Keyword 
  INFO  Splitting locatorName: signIn/JoinAjio
2020-May-29 00:33:48,051 [main] com.ajio.keyword.Keyword 
  INFO  Locator Type: xpath
2020-May-29 00:33:48,052 [main] com.ajio.keyword.Keyword 
  INFO  Locator Value: //span[@class="login-form login-modal"]
2020-May-29 00:33:48,192 [main] com.ajio.keyword.Keyword 
  INFO  Clicked on signIn/JoinAjio
2020-May-29 00:33:48,192 [main] com.ajio.keyword.Keyword 
  INFO  Splitting locatorName: email
2020-May-29 00:33:48,192 [main] com.ajio.keyword.Keyword 
  INFO  Locator Type: xpath
2020-May-29 00:33:48,192 [main] com.ajio.keyword.Keyword 
  INFO  Locator Value: //input[@name="username"]
2020-May-29 00:33:48,480 [main] com.ajio.keyword.Keyword 
  INFO  Splitting locatorName: continue
2020-May-29 00:33:48,480 [main] com.ajio.keyword.Keyword 
  INFO  Locator Type: xpath
2020-May-29 00:33:48,480 [main] com.ajio.keyword.Keyword 
  INFO  Locator Value: //input[@value="Continue"]
2020-May-29 00:33:48,696 [main] com.ajio.keyword.Keyword 
  INFO  Clicked on continue
2020-May-29 00:33:48,696 [main] com.ajio.keyword.Keyword 
  INFO  Splitting locatorName: emailErrorMsg
2020-May-29 00:33:48,696 [main] com.ajio.keyword.Keyword 
  INFO  Locator Type: xpath
2020-May-29 00:33:48,700 [main] com.ajio.keyword.Keyword 
  INFO  Locator Value: //div[@id="error-msg"]
2020-May-29 00:33:48,816 [main] com.ajio.keyword.Keyword 
  INFO  Please enter a valid Mobile Number/Email. returned Text !!
2020-May-29 00:33:49,487 [main] com.ajio.keyword.Keyword 
  INFO  Current browser window is Closed!!
2020-May-29 00:33:55,366 [main] com.ajio.keyword.Keyword 
  INFO  chrome is opened!! 
2020-May-29 00:33:59,531 [main] com.ajio.keyword.Keyword 
  INFO  Maximized Browser Window!!
