2020-May-29 00:32:44,353 [main] com.ajio.keyword.Keyword 
  INFO  chrome is opened!! 
2020-May-29 00:32:48,561 [main] com.ajio.keyword.Keyword 
  INFO  Maximized Browser Window!!
2020-May-29 00:32:55,825 [main] com.ajio.keyword.Keyword 
  INFO  https://www.ajio.com is launched!!
2020-May-29 00:32:58,966 [main] com.ajio.keyword.Keyword 
  INFO  Deleted All Cookies!!
2020-May-29 00:32:58,974 [main] com.ajio.keyword.Keyword 
  INFO  20SECONDS Page load timeout  is applied!!
2020-May-29 00:32:58,978 [main] com.ajio.keyword.Keyword 
  INFO  20SECONDS Implicit Wait is applied!!
2020-May-29 00:32:58,985 [main] com.ajio.keyword.Keyword 
  INFO  Splitting locatorName: signIn/JoinAjio
2020-May-29 00:32:58,989 [main] com.ajio.keyword.Keyword 
  INFO  Locator Type: xpath
2020-May-29 00:32:58,989 [main] com.ajio.keyword.Keyword 
  INFO  Locator Value: //span[@class="login-form login-modal"]
2020-May-29 00:32:59,137 [main] com.ajio.keyword.Keyword 
  INFO  Clicked on signIn/JoinAjio
2020-May-29 00:32:59,137 [main] com.ajio.keyword.Keyword 
  INFO  Splitting locatorName: continue
2020-May-29 00:32:59,137 [main] com.ajio.keyword.Keyword 
  INFO  Locator Type: xpath
2020-May-29 00:32:59,137 [main] com.ajio.keyword.Keyword 
  INFO  Locator Value: //input[@value="Continue"]
2020-May-29 00:32:59,273 [main] com.ajio.keyword.Keyword 
  INFO  Clicked on continue
2020-May-29 00:32:59,273 [main] com.ajio.keyword.Keyword 
  INFO  Splitting locatorName: emailErrorMsg
2020-May-29 00:32:59,277 [main] com.ajio.keyword.Keyword 
  INFO  Locator Type: xpath
2020-May-29 00:32:59,277 [main] com.ajio.keyword.Keyword 
  INFO  Locator Value: //div[@id="error-msg"]
2020-May-29 00:32:59,324 [main] com.ajio.keyword.Keyword 
  INFO  Please enter valid Mobile Number / Email. returned Text !!
