2020-May-29 00:53:23,789 [main] com.ajio.keyword.Keyword 
  INFO  chrome is opened!! 
2020-May-29 00:53:28,041 [main] com.ajio.keyword.Keyword 
  INFO  Maximized Browser Window!!
2020-May-29 00:53:33,724 [main] com.ajio.keyword.Keyword 
  INFO  https://www.ajio.com is launched!!
2020-May-29 00:53:37,439 [main] com.ajio.keyword.Keyword 
  INFO  Deleted All Cookies!!
2020-May-29 00:53:37,467 [main] com.ajio.keyword.Keyword 
  INFO  20SECONDS Page load timeout  is applied!!
2020-May-29 00:53:37,483 [main] com.ajio.keyword.Keyword 
  INFO  20SECONDS Implicit Wait is applied!!
2020-May-29 00:53:37,495 [main] com.ajio.keyword.Keyword 
  INFO  Splitting locatorName: signIn/JoinAjio
2020-May-29 00:53:37,499 [main] com.ajio.keyword.Keyword 
  INFO  Locator Type: xpath
2020-May-29 00:53:37,499 [main] com.ajio.keyword.Keyword 
  INFO  Locator Value: //span[@class="login-form login-modal"]
2020-May-29 00:53:37,783 [main] com.ajio.keyword.Keyword 
  INFO  Clicked on signIn/JoinAjio
2020-May-29 00:53:37,783 [main] com.ajio.keyword.Keyword 
  INFO  Splitting locatorName: facebookSignIn
2020-May-29 00:53:37,783 [main] com.ajio.keyword.Keyword 
  INFO  Locator Type: xpath
2020-May-29 00:53:37,783 [main] com.ajio.keyword.Keyword 
  INFO  Locator Value: //div[@class="fb-login"]
2020-May-29 00:53:38,251 [main] com.ajio.keyword.Keyword 
  INFO  Clicked on facebookSignIn
2020-May-29 00:53:39,083 [main] com.ajio.keyword.Keyword 
  INFO  Current browser window is Closed!!
