2020-Jun-01 22:05:05,642 [main] com.ajio.keyword.Keyword 
  INFO  https://www.ajio.com is launched!!
2020-Jun-01 22:05:08,907 [main] com.ajio.keyword.Keyword 
  INFO  Deleted All Cookies!!
2020-Jun-01 22:05:08,915 [main] com.ajio.keyword.Keyword 
  INFO  20SECONDS Page load timeout  is applied!!
2020-Jun-01 22:05:08,923 [main] com.ajio.keyword.Keyword 
  INFO  20SECONDS Implicit Wait is applied!!
2020-Jun-01 22:05:08,962 [main] com.ajio.PageTests.HomepagePageTests 
  INFO  Shop kids  Link is visible
2020-Jun-01 22:05:19,477 [main] com.ajio.keyword.Keyword 
  INFO  chrome is opened!! 
2020-Jun-01 22:05:23,664 [main] com.ajio.keyword.Keyword 
  INFO  Maximized Browser Window!!
2020-Jun-01 22:05:33,531 [main] com.ajio.keyword.Keyword 
  INFO  https://www.ajio.com is launched!!
2020-Jun-01 22:05:34,918 [main] com.ajio.keyword.Keyword 
  INFO  Deleted All Cookies!!
2020-Jun-01 22:05:34,930 [main] com.ajio.keyword.Keyword 
  INFO  20SECONDS Page load timeout  is applied!!
2020-Jun-01 22:05:34,942 [main] com.ajio.keyword.Keyword 
  INFO  20SECONDS Implicit Wait is applied!!
2020-Jun-01 22:05:39,968 [main] com.ajio.keyword.Keyword 
  INFO  Online Shopping for Men – Clothing, Footwear, Fashion & Accessories | AJIO  :Returned Current Webpage Title!!
2020-Jun-01 22:05:46,251 [main] com.ajio.keyword.Keyword 
  INFO  chrome is opened!! 
2020-Jun-01 22:05:50,473 [main] com.ajio.keyword.Keyword 
  INFO  Maximized Browser Window!!
2020-Jun-01 22:05:57,854 [main] com.ajio.keyword.Keyword 
  INFO  https://www.ajio.com is launched!!
