2020-May-28 17:06:00,183 [main] com.ajio.keyword.Keyword 
  INFO  Splitting locatorName: sendOTP
2020-May-28 17:06:00,187 [main] com.ajio.keyword.Keyword 
  INFO  Locator Type: xpath
2020-May-28 17:06:00,187 [main] com.ajio.keyword.Keyword 
  INFO  Locator Value: //input[@value="SEND OTP"]
2020-May-28 17:06:00,283 [main] com.ajio.keyword.Keyword 
  INFO  Clicked on sendOTP
2020-May-28 17:06:00,283 [main] com.ajio.keyword.Keyword 
  INFO  Splitting locatorName: mobileErrorMsg
2020-May-28 17:06:00,283 [main] com.ajio.keyword.Keyword 
  INFO  Locator Type: xpath
2020-May-28 17:06:00,283 [main] com.ajio.keyword.Keyword 
  INFO  Locator Value: //div[text()="Please enter a valid Mobile number."]
2020-May-28 17:06:00,323 [main] com.ajio.keyword.Keyword 
  INFO  Please enter a valid Mobile number. returned Text !!
2020-May-28 17:06:04,466 [main] com.ajio.keyword.Keyword 
  INFO  Current browser window is Closed!!
2020-May-28 17:06:10,445 [main] com.ajio.keyword.Keyword 
  INFO  chrome is opened!! 
2020-May-28 17:06:14,586 [main] com.ajio.keyword.Keyword 
  INFO  Maximized Browser Window!!
2020-May-28 17:06:19,813 [main] com.ajio.keyword.Keyword 
  INFO  https://www.ajio.com is launched!!
2020-May-28 17:06:22,766 [main] com.ajio.keyword.Keyword 
  INFO  Deleted All Cookies!!
2020-May-28 17:06:22,774 [main] com.ajio.keyword.Keyword 
  INFO  20SECONDS Page load timeout  is applied!!
2020-May-28 17:06:22,782 [main] com.ajio.keyword.Keyword 
  INFO  20SECONDS Implicit Wait is applied!!
2020-May-28 17:06:22,787 [main] com.ajio.keyword.Keyword 
  INFO  Splitting locatorName: signIn/JoinAjio
2020-May-28 17:06:22,788 [main] com.ajio.keyword.Keyword 
  INFO  Locator Type: xpath
2020-May-28 17:06:22,788 [main] com.ajio.keyword.Keyword 
  INFO  Locator Value: //span[@class="login-form login-modal"]
2020-May-28 17:06:23,072 [main] com.ajio.keyword.Keyword 
  INFO  Clicked on signIn/JoinAjio
2020-May-28 17:06:23,072 [main] com.ajio.keyword.Keyword 
  INFO  Splitting locatorName: email
2020-May-28 17:06:23,072 [main] com.ajio.keyword.Keyword 
  INFO  Locator Type: xpath
2020-May-28 17:06:23,072 [main] com.ajio.keyword.Keyword 
  INFO  Locator Value: //input[@name="username"]
2020-May-28 17:06:23,371 [main] com.ajio.keyword.Keyword 
  INFO  Splitting locatorName: continue
2020-May-28 17:06:23,371 [main] com.ajio.keyword.Keyword 
  INFO  Locator Type: xpath
2020-May-28 17:06:23,371 [main] com.ajio.keyword.Keyword 
  INFO  Locator Value: //input[@value="Continue"]
2020-May-28 17:06:23,471 [main] com.ajio.keyword.Keyword 
  INFO  Clicked on continue
2020-May-28 17:06:23,471 [main] com.ajio.keyword.Keyword 
  INFO  Splitting locatorName: password
2020-May-28 17:06:23,471 [main] com.ajio.keyword.Keyword 
  INFO  Locator Type: xpath
2020-May-28 17:06:23,471 [main] com.ajio.keyword.Keyword 
  INFO  Locator Value: //input[@name="pwd"]
2020-May-28 17:06:24,879 [main] com.ajio.keyword.Keyword 
  INFO  Splitting locatorName: sendOTP
2020-May-28 17:06:24,879 [main] com.ajio.keyword.Keyword 
  INFO  Locator Type: xpath
2020-May-28 17:06:24,879 [main] com.ajio.keyword.Keyword 
  INFO  Locator Value: //input[@value="SEND OTP"]
2020-May-28 17:06:25,023 [main] com.ajio.keyword.Keyword 
  INFO  Clicked on sendOTP
2020-May-28 17:06:25,023 [main] com.ajio.keyword.Keyword 
  INFO  Splitting locatorName: passErrorMsg
2020-May-28 17:06:25,023 [main] com.ajio.keyword.Keyword 
  INFO  Locator Type: xpath
2020-May-28 17:06:25,023 [main] com.ajio.keyword.Keyword 
  INFO  Locator Value: //div[contains(text(),"Password should have")]
2020-May-28 17:06:25,083 [main] com.ajio.keyword.Keyword 
  INFO  Password should have a minimum of 8 characters with atleast one number, one alphabet and one special character. returned Text !!
2020-May-28 17:06:29,252 [main] com.ajio.keyword.Keyword 
  INFO  Current browser window is Closed!!
2020-May-28 17:06:35,121 [main] com.ajio.keyword.Keyword 
  INFO  chrome is opened!! 
2020-May-28 17:06:39,273 [main] com.ajio.keyword.Keyword 
  INFO  Maximized Browser Window!!
2020-May-28 17:06:46,096 [main] com.ajio.keyword.Keyword 
  INFO  https://www.ajio.com is launched!!
2020-May-28 17:06:49,377 [main] com.ajio.keyword.Keyword 
  INFO  Deleted All Cookies!!
2020-May-28 17:06:49,385 [main] com.ajio.keyword.Keyword 
  INFO  20SECONDS Page load timeout  is applied!!
2020-May-28 17:06:49,393 [main] com.ajio.keyword.Keyword 
  INFO  20SECONDS Implicit Wait is applied!!
2020-May-28 17:06:49,398 [main] com.ajio.keyword.Keyword 
  INFO  Splitting locatorName: signIn/JoinAjio
2020-May-28 17:06:49,399 [main] com.ajio.keyword.Keyword 
  INFO  Locator Type: xpath
2020-May-28 17:06:49,399 [main] com.ajio.keyword.Keyword 
  INFO  Locator Value: //span[@class="login-form login-modal"]
2020-May-28 17:06:49,675 [main] com.ajio.keyword.Keyword 
  INFO  Clicked on signIn/JoinAjio
2020-May-28 17:06:49,675 [main] com.ajio.keyword.Keyword 
  INFO  Splitting locatorName: email
2020-May-28 17:06:49,679 [main] com.ajio.keyword.Keyword 
  INFO  Locator Type: xpath
2020-May-28 17:06:49,679 [main] com.ajio.keyword.Keyword 
  INFO  Locator Value: //input[@name="username"]
2020-May-28 17:06:49,943 [main] com.ajio.keyword.Keyword 
  INFO  Splitting locatorName: continue
2020-May-28 17:06:49,943 [main] com.ajio.keyword.Keyword 
  INFO  Locator Type: xpath
2020-May-28 17:06:49,943 [main] com.ajio.keyword.Keyword 
  INFO  Locator Value: //input[@value="Continue"]
2020-May-28 17:06:50,055 [main] com.ajio.keyword.Keyword 
  INFO  Clicked on continue
2020-May-28 17:06:50,055 [main] com.ajio.keyword.Keyword 
  INFO  Splitting locatorName: password
2020-May-28 17:06:50,055 [main] com.ajio.keyword.Keyword 
  INFO  Locator Type: xpath
2020-May-28 17:06:50,055 [main] com.ajio.keyword.Keyword 
  INFO  Locator Value: //input[@name="pwd"]
2020-May-28 17:06:51,287 [main] com.ajio.keyword.Keyword 
  INFO  Splitting locatorName: sendOTP
2020-May-28 17:06:51,291 [main] com.ajio.keyword.Keyword 
  INFO  Locator Type: xpath
2020-May-28 17:06:51,291 [main] com.ajio.keyword.Keyword 
  INFO  Locator Value: //input[@value="SEND OTP"]
2020-May-28 17:06:51,387 [main] com.ajio.keyword.Keyword 
  INFO  Clicked on sendOTP
2020-May-28 17:06:51,387 [main] com.ajio.keyword.Keyword 
  INFO  Splitting locatorName: passErrorMsg
2020-May-28 17:06:51,387 [main] com.ajio.keyword.Keyword 
  INFO  Locator Type: xpath
2020-May-28 17:06:51,387 [main] com.ajio.keyword.Keyword 
  INFO  Locator Value: //div[contains(text(),"Password should have")]
2020-May-28 17:06:51,423 [main] com.ajio.keyword.Keyword 
  INFO  Password should have a minimum of 8 characters with atleast one number, one alphabet and one special character. returned Text !!
2020-May-28 17:06:55,556 [main] com.ajio.keyword.Keyword 
  INFO  Current browser window is Closed!!
