2020-May-28 17:03:02,955 [main] com.ajio.keyword.Keyword 
  INFO  https://www.ajio.com is launched!!
2020-May-28 17:03:05,967 [main] com.ajio.keyword.Keyword 
  INFO  Deleted All Cookies!!
2020-May-28 17:03:05,971 [main] com.ajio.keyword.Keyword 
  INFO  20SECONDS Page load timeout  is applied!!
2020-May-28 17:03:05,983 [main] com.ajio.keyword.Keyword 
  INFO  20SECONDS Implicit Wait is applied!!
2020-May-28 17:03:05,987 [main] com.ajio.keyword.Keyword 
  INFO  Splitting locatorName: signIn/JoinAjio
2020-May-28 17:03:05,987 [main] com.ajio.keyword.Keyword 
  INFO  Locator Type: xpath
2020-May-28 17:03:05,987 [main] com.ajio.keyword.Keyword 
  INFO  Locator Value: //span[@class="login-form login-modal"]
2020-May-28 17:03:06,181 [main] com.ajio.keyword.Keyword 
  INFO  Clicked on signIn/JoinAjio
2020-May-28 17:03:06,181 [main] com.ajio.keyword.Keyword 
  INFO  Splitting locatorName: email
2020-May-28 17:03:06,181 [main] com.ajio.keyword.Keyword 
  INFO  Locator Type: xpath
2020-May-28 17:03:06,181 [main] com.ajio.keyword.Keyword 
  INFO  Locator Value: //input[@name="username"]
2020-May-28 17:03:06,449 [main] com.ajio.keyword.Keyword 
  INFO  Splitting locatorName: continue
2020-May-28 17:03:06,449 [main] com.ajio.keyword.Keyword 
  INFO  Locator Type: xpath
2020-May-28 17:03:06,453 [main] com.ajio.keyword.Keyword 
  INFO  Locator Value: //input[@value="Continue"]
2020-May-28 17:03:06,545 [main] com.ajio.keyword.Keyword 
  INFO  Clicked on continue
2020-May-28 17:03:06,545 [main] com.ajio.keyword.Keyword 
  INFO  Splitting locatorName: signUpForm
2020-May-28 17:03:06,545 [main] com.ajio.keyword.Keyword 
  INFO  Locator Type: xpath
2020-May-28 17:03:06,549 [main] com.ajio.keyword.Keyword 
  INFO  Locator Value: //div[@class="modal-login-container"]/descendant::form[@class="signup-form"]
2020-May-28 17:03:11,653 [main] com.ajio.keyword.Keyword 
  INFO  Current browser window is Closed!!
2020-May-28 17:03:17,701 [main] com.ajio.keyword.Keyword 
  INFO  chrome is opened!! 
2020-May-28 17:03:21,843 [main] com.ajio.keyword.Keyword 
  INFO  Maximized Browser Window!!
2020-May-28 17:03:26,968 [main] com.ajio.keyword.Keyword 
  INFO  https://www.ajio.com is launched!!
2020-May-28 17:03:30,539 [main] com.ajio.keyword.Keyword 
  INFO  Deleted All Cookies!!
2020-May-28 17:03:30,547 [main] com.ajio.keyword.Keyword 
  INFO  20SECONDS Page load timeout  is applied!!
2020-May-28 17:03:30,555 [main] com.ajio.keyword.Keyword 
  INFO  20SECONDS Implicit Wait is applied!!
2020-May-28 17:03:30,561 [main] com.ajio.keyword.Keyword 
  INFO  Splitting locatorName: signIn/JoinAjio
2020-May-28 17:03:30,565 [main] com.ajio.keyword.Keyword 
  INFO  Locator Type: xpath
2020-May-28 17:03:30,565 [main] com.ajio.keyword.Keyword 
  INFO  Locator Value: //span[@class="login-form login-modal"]
2020-May-28 17:03:30,836 [main] com.ajio.keyword.Keyword 
  INFO  Clicked on signIn/JoinAjio
2020-May-28 17:03:30,836 [main] com.ajio.keyword.Keyword 
  INFO  Splitting locatorName: email
2020-May-28 17:03:30,836 [main] com.ajio.keyword.Keyword 
  INFO  Locator Type: xpath
2020-May-28 17:03:30,836 [main] com.ajio.keyword.Keyword 
  INFO  Locator Value: //input[@name="username"]
2020-May-28 17:03:31,125 [main] com.ajio.keyword.Keyword 
  INFO  Splitting locatorName: continue
2020-May-28 17:03:31,125 [main] com.ajio.keyword.Keyword 
  INFO  Locator Type: xpath
2020-May-28 17:03:31,125 [main] com.ajio.keyword.Keyword 
  INFO  Locator Value: //input[@value="Continue"]
2020-May-28 17:03:31,233 [main] com.ajio.keyword.Keyword 
  INFO  Clicked on continue
2020-May-28 17:03:31,233 [main] com.ajio.keyword.Keyword 
  INFO  Splitting locatorName: name
2020-May-28 17:03:31,237 [main] com.ajio.keyword.Keyword 
  INFO  Locator Type: xpath
2020-May-28 17:03:31,237 [main] com.ajio.keyword.Keyword 
  INFO  Locator Value: //input[@name="user-name"]
2020-May-28 17:03:32,405 [main] com.ajio.keyword.Keyword 
  INFO  Splitting locatorName: sendOTP
2020-May-28 17:03:32,405 [main] com.ajio.keyword.Keyword 
  INFO  Locator Type: xpath
2020-May-28 17:03:32,405 [main] com.ajio.keyword.Keyword 
  INFO  Locator Value: //input[@value="SEND OTP"]
2020-May-28 17:03:32,553 [main] com.ajio.keyword.Keyword 
  INFO  Clicked on sendOTP
2020-May-28 17:03:32,553 [main] com.ajio.keyword.Keyword 
  INFO  Splitting locatorName: nameErrorMsg
2020-May-28 17:03:32,557 [main] com.ajio.keyword.Keyword 
  INFO  Locator Type: xpath
2020-May-28 17:03:32,557 [main] com.ajio.keyword.Keyword 
  INFO  Locator Value: //div[text()='Use only alphabets and an optional single space between words.']
2020-May-28 17:03:32,597 [main] com.ajio.keyword.Keyword 
  INFO  Use only alphabets and an optional single space between words. returned Text !!
2020-May-28 17:03:36,769 [main] com.ajio.keyword.Keyword 
  INFO  Current browser window is Closed!!
2020-May-28 17:03:42,543 [main] com.ajio.keyword.Keyword 
  INFO  chrome is opened!! 
2020-May-28 17:03:46,692 [main] com.ajio.keyword.Keyword 
  INFO  Maximized Browser Window!!
2020-May-28 17:03:51,967 [main] com.ajio.keyword.Keyword 
  INFO  https://www.ajio.com is launched!!
2020-May-28 17:03:54,839 [main] com.ajio.keyword.Keyword 
  INFO  Deleted All Cookies!!
2020-May-28 17:03:54,843 [main] com.ajio.keyword.Keyword 
  INFO  20SECONDS Page load timeout  is applied!!
2020-May-28 17:03:54,851 [main] com.ajio.keyword.Keyword 
  INFO  20SECONDS Implicit Wait is applied!!
2020-May-28 17:03:54,857 [main] com.ajio.keyword.Keyword 
  INFO  Splitting locatorName: signIn/JoinAjio
2020-May-28 17:03:54,857 [main] com.ajio.keyword.Keyword 
  INFO  Locator Type: xpath
2020-May-28 17:03:54,861 [main] com.ajio.keyword.Keyword 
  INFO  Locator Value: //span[@class="login-form login-modal"]
2020-May-28 17:03:55,097 [main] com.ajio.keyword.Keyword 
  INFO  Clicked on signIn/JoinAjio
2020-May-28 17:03:55,097 [main] com.ajio.keyword.Keyword 
  INFO  Splitting locatorName: email
2020-May-28 17:03:55,097 [main] com.ajio.keyword.Keyword 
  INFO  Locator Type: xpath
2020-May-28 17:03:55,097 [main] com.ajio.keyword.Keyword 
  INFO  Locator Value: //input[@name="username"]
2020-May-28 17:03:55,325 [main] com.ajio.keyword.Keyword 
  INFO  Splitting locatorName: continue
2020-May-28 17:03:55,325 [main] com.ajio.keyword.Keyword 
  INFO  Locator Type: xpath
2020-May-28 17:03:55,325 [main] com.ajio.keyword.Keyword 
  INFO  Locator Value: //input[@value="Continue"]
2020-May-28 17:03:55,421 [main] com.ajio.keyword.Keyword 
  INFO  Clicked on continue
2020-May-28 17:03:55,421 [main] com.ajio.keyword.Keyword 
  INFO  Splitting locatorName: name
2020-May-28 17:03:55,425 [main] com.ajio.keyword.Keyword 
  INFO  Locator Type: xpath
2020-May-28 17:03:55,425 [main] com.ajio.keyword.Keyword 
  INFO  Locator Value: //input[@name="user-name"]
2020-May-28 17:03:56,753 [main] com.ajio.keyword.Keyword 
  INFO  Splitting locatorName: sendOTP
2020-May-28 17:03:56,753 [main] com.ajio.keyword.Keyword 
  INFO  Locator Type: xpath
2020-May-28 17:03:56,757 [main] com.ajio.keyword.Keyword 
  INFO  Locator Value: //input[@value="SEND OTP"]
2020-May-28 17:03:56,913 [main] com.ajio.keyword.Keyword 
  INFO  Clicked on sendOTP
2020-May-28 17:03:56,913 [main] com.ajio.keyword.Keyword 
  INFO  Splitting locatorName: nameErrorMsg
2020-May-28 17:03:56,913 [main] com.ajio.keyword.Keyword 
  INFO  Locator Type: xpath
2020-May-28 17:03:56,913 [main] com.ajio.keyword.Keyword 
  INFO  Locator Value: //div[text()='Use only alphabets and an optional single space between words.']
2020-May-28 17:03:56,965 [main] com.ajio.keyword.Keyword 
  INFO  Use only alphabets and an optional single space between words. returned Text !!
