2020-May-30 03:00:25,111 [main] com.ajio.keyword.Keyword 
  INFO  chrome is opened!! 
2020-May-30 03:00:29,266 [main] com.ajio.keyword.Keyword 
  INFO  Maximized Browser Window!!
2020-May-30 03:00:36,611 [main] com.ajio.keyword.Keyword 
  INFO  https://www.ajio.com is launched!!
2020-May-30 03:00:39,754 [main] com.ajio.keyword.Keyword 
  INFO  Deleted All Cookies!!
2020-May-30 03:00:39,767 [main] com.ajio.keyword.Keyword 
  INFO  20SECONDS Page load timeout  is applied!!
2020-May-30 03:00:39,782 [main] com.ajio.keyword.Keyword 
  INFO  20SECONDS Implicit Wait is applied!!
2020-May-30 03:00:39,798 [main] com.ajio.keyword.Keyword 
  INFO  Splitting locatorName: collection
2020-May-30 03:00:39,802 [main] com.ajio.keyword.Keyword 
  INFO  Locator Type: xpath
2020-May-30 03:00:39,804 [main] com.ajio.keyword.Keyword 
  INFO  Locator Value: //a[text()='Collections']
2020-May-30 03:00:42,675 [main] com.ajio.keyword.Keyword 
  INFO  Clicked on collection
2020-May-30 03:00:42,675 [main] com.ajio.keyword.Keyword 
  INFO  Splitting locatorName: searchBox
2020-May-30 03:00:42,676 [main] com.ajio.keyword.Keyword 
  INFO  Locator Type: xpath
2020-May-30 03:00:42,677 [main] com.ajio.keyword.Keyword 
  INFO  Locator Value: //input[@placeholder="Search AJIO"]
2020-May-30 03:00:43,096 [main] com.ajio.keyword.Keyword 
  INFO  Splitting locatorName: submit
2020-May-30 03:00:43,096 [main] com.ajio.keyword.Keyword 
  INFO  Locator Type: xpath
2020-May-30 03:00:43,097 [main] com.ajio.keyword.Keyword 
  INFO  Locator Value: //button[@type="submit"]
2020-May-30 03:00:46,417 [main] com.ajio.keyword.Keyword 
  INFO  Clicked on submit
2020-May-30 03:00:46,771 [main] com.ajio.keyword.Keyword 
  INFO  5SECONDS Explicit wait is applied!!
2020-May-30 03:00:46,771 [main] com.ajio.keyword.Keyword 
  INFO  Splitting locatorName: resultTotalCount
