2020-May-29 00:03:01,192 [main] com.ajio.keyword.Keyword 
  INFO  chrome is opened!! 
2020-May-29 00:03:05,320 [main] com.ajio.keyword.Keyword 
  INFO  Maximized Browser Window!!
2020-May-29 00:03:10,946 [main] com.ajio.keyword.Keyword 
  INFO  https://www.ajio.com is launched!!
2020-May-29 00:03:14,080 [main] com.ajio.keyword.Keyword 
  INFO  Deleted All Cookies!!
2020-May-29 00:03:14,089 [main] com.ajio.keyword.Keyword 
  INFO  20SECONDS Page load timeout  is applied!!
2020-May-29 00:03:14,098 [main] com.ajio.keyword.Keyword 
  INFO  20SECONDS Implicit Wait is applied!!
2020-May-29 00:03:14,103 [main] com.ajio.keyword.Keyword 
  INFO  Splitting locatorName: signIn/JoinAjio
2020-May-29 00:03:14,104 [main] com.ajio.keyword.Keyword 
  INFO  Locator Type: xpath
2020-May-29 00:03:14,106 [main] com.ajio.keyword.Keyword 
  INFO  Locator Value: //span[@class="login-form login-modal"]
2020-May-29 00:03:14,407 [main] com.ajio.keyword.Keyword 
  INFO  Clicked on signIn/JoinAjio
2020-May-29 00:03:14,407 [main] com.ajio.keyword.Keyword 
  INFO  Splitting locatorName: email
2020-May-29 00:03:14,408 [main] com.ajio.keyword.Keyword 
  INFO  Locator Type: xpath
2020-May-29 00:03:14,409 [main] com.ajio.keyword.Keyword 
  INFO  Locator Value: //input[@name="username"]
2020-May-29 00:03:14,564 [main] com.ajio.keyword.Keyword 
  INFO  Splitting locatorName: continue
2020-May-29 00:03:14,565 [main] com.ajio.keyword.Keyword 
  INFO  Locator Type: xpath
2020-May-29 00:03:14,566 [main] com.ajio.keyword.Keyword 
  INFO  Locator Value: //input[@value="Continue"]
2020-May-29 00:03:14,654 [main] com.ajio.keyword.Keyword 
  INFO  Clicked on continue
2020-May-29 00:03:14,654 [main] com.ajio.keyword.Keyword 
  INFO  Splitting locatorName: emailErrorMsg
2020-May-29 00:03:14,656 [main] com.ajio.keyword.Keyword 
  INFO  Locator Type: xpath
2020-May-29 00:03:14,656 [main] com.ajio.keyword.Keyword 
  INFO  Locator Value: //div[@id="error-msg"]
2020-May-29 00:03:14,691 [main] com.ajio.keyword.Keyword 
  INFO  Please enter a valid Mobile Number/Email. returned Text !!
2020-May-29 00:03:18,848 [main] com.ajio.keyword.Keyword 
  INFO  Current browser window is Closed!!
2020-May-29 00:03:24,738 [main] com.ajio.keyword.Keyword 
  INFO  chrome is opened!! 
2020-May-29 00:03:28,861 [main] com.ajio.keyword.Keyword 
  INFO  Maximized Browser Window!!
2020-May-29 00:03:49,617 [main] com.ajio.keyword.Keyword 
  INFO  https://www.ajio.com is launched!!
2020-May-29 00:03:53,138 [main] com.ajio.keyword.Keyword 
  INFO  Deleted All Cookies!!
2020-May-29 00:03:53,150 [main] com.ajio.keyword.Keyword 
  INFO  20SECONDS Page load timeout  is applied!!
2020-May-29 00:03:53,159 [main] com.ajio.keyword.Keyword 
  INFO  20SECONDS Implicit Wait is applied!!
2020-May-29 00:03:53,164 [main] com.ajio.keyword.Keyword 
  INFO  Splitting locatorName: signIn/JoinAjio
2020-May-29 00:03:53,166 [main] com.ajio.keyword.Keyword 
  INFO  Locator Type: xpath
2020-May-29 00:03:53,168 [main] com.ajio.keyword.Keyword 
  INFO  Locator Value: //span[@class="login-form login-modal"]
2020-May-29 00:03:53,359 [main] com.ajio.keyword.Keyword 
  INFO  Clicked on signIn/JoinAjio
2020-May-29 00:03:53,360 [main] com.ajio.keyword.Keyword 
  INFO  Splitting locatorName: email
2020-May-29 00:03:53,360 [main] com.ajio.keyword.Keyword 
  INFO  Locator Type: xpath
2020-May-29 00:03:53,361 [main] com.ajio.keyword.Keyword 
  INFO  Locator Value: //input[@name="username"]
2020-May-29 00:03:53,862 [main] com.ajio.keyword.Keyword 
  INFO  Splitting locatorName: password1
2020-May-29 00:03:53,863 [main] com.ajio.keyword.Keyword 
  INFO  Locator Type: xpath
2020-May-29 00:03:53,864 [main] com.ajio.keyword.Keyword 
  INFO  Locator Value: //input[@name="password"]
