2020-May-30 02:59:11,265 [main] com.ajio.keyword.Keyword 
  INFO  chrome is opened!! 
2020-May-30 02:59:16,561 [main] com.ajio.keyword.Keyword 
  INFO  Maximized Browser Window!!
2020-May-30 02:59:26,364 [main] com.ajio.keyword.Keyword 
  INFO  https://www.ajio.com is launched!!
2020-May-30 02:59:30,621 [main] com.ajio.keyword.Keyword 
  INFO  Deleted All Cookies!!
2020-May-30 02:59:30,637 [main] com.ajio.keyword.Keyword 
  INFO  20SECONDS Page load timeout  is applied!!
2020-May-30 02:59:30,645 [main] com.ajio.keyword.Keyword 
  INFO  20SECONDS Implicit Wait is applied!!
2020-May-30 02:59:30,675 [main] com.ajio.keyword.Keyword 
  INFO  Splitting locatorName: collection
2020-May-30 02:59:30,880 [main] com.ajio.keyword.Keyword 
  INFO  Locator Type: xpath
2020-May-30 02:59:31,001 [main] com.ajio.keyword.Keyword 
  INFO  Locator Value: //a[text()='Collections']
2020-May-30 02:59:34,043 [main] com.ajio.keyword.Keyword 
  INFO  Clicked on collection
2020-May-30 02:59:34,043 [main] com.ajio.keyword.Keyword 
  INFO  Splitting locatorName: searchBox
2020-May-30 02:59:34,044 [main] com.ajio.keyword.Keyword 
  INFO  Locator Type: xpath
2020-May-30 02:59:34,044 [main] com.ajio.keyword.Keyword 
  INFO  Locator Value: //input[@placeholder="Search AJIO"]
2020-May-30 02:59:34,347 [main] com.ajio.keyword.Keyword 
  INFO  Splitting locatorName: submit
2020-May-30 02:59:34,348 [main] com.ajio.keyword.Keyword 
  INFO  Locator Type: xpath
2020-May-30 02:59:34,351 [main] com.ajio.keyword.Keyword 
  INFO  Locator Value: //button[@type="submit"]
2020-May-30 02:59:37,566 [main] com.ajio.keyword.Keyword 
  INFO  Clicked on submit
2020-May-30 02:59:37,567 [main] com.ajio.keyword.Keyword 
  INFO  Splitting locatorName: resultTotalCount
