2020-May-29 16:38:46,334 [main] com.ajio.keyword.Keyword 
  INFO  chrome is opened!! 
2020-May-29 16:38:50,523 [main] com.ajio.keyword.Keyword 
  INFO  Maximized Browser Window!!
2020-May-29 16:38:55,899 [main] com.ajio.keyword.Keyword 
  INFO  https://www.ajio.com is launched!!
2020-May-29 16:38:59,194 [main] com.ajio.keyword.Keyword 
  INFO  Deleted All Cookies!!
2020-May-29 16:38:59,210 [main] com.ajio.keyword.Keyword 
  INFO  20SECONDS Page load timeout  is applied!!
2020-May-29 16:38:59,226 [main] com.ajio.keyword.Keyword 
  INFO  20SECONDS Implicit Wait is applied!!
2020-May-29 16:38:59,266 [main] com.ajio.keyword.Keyword 
  INFO  Splitting locatorName: signIn/JoinAjio
2020-May-29 16:38:59,266 [main] com.ajio.keyword.Keyword 
  INFO  Locator Type: xpath
2020-May-29 16:38:59,270 [main] com.ajio.keyword.Keyword 
  INFO  Locator Value: //span[@class="login-form login-modal"]
2020-May-29 16:38:59,411 [main] com.ajio.keyword.Keyword 
  INFO  Clicked on signIn/JoinAjio
2020-May-29 16:38:59,411 [main] com.ajio.keyword.Keyword 
  INFO  Splitting locatorName: email
2020-May-29 16:38:59,411 [main] com.ajio.keyword.Keyword 
  INFO  Locator Type: xpath
2020-May-29 16:38:59,411 [main] com.ajio.keyword.Keyword 
  INFO  Locator Value: //input[@name="username"]
2020-May-29 16:38:59,666 [main] com.ajio.keyword.Keyword 
  INFO  Splitting locatorName: continue
2020-May-29 16:38:59,670 [main] com.ajio.keyword.Keyword 
  INFO  Locator Type: xpath
2020-May-29 16:38:59,670 [main] com.ajio.keyword.Keyword 
  INFO  Locator Value: //input[@value="Continue"]
2020-May-29 16:38:59,782 [main] com.ajio.keyword.Keyword 
  INFO  Clicked on continue
2020-May-29 16:38:59,782 [main] com.ajio.keyword.Keyword 
  INFO  Splitting locatorName: loginpassword
2020-May-29 16:38:59,786 [main] com.ajio.keyword.Keyword 
  INFO  Locator Type: xpath
2020-May-29 16:38:59,786 [main] com.ajio.keyword.Keyword 
  INFO  Locator Value: //input[@name="password"]
