2020-May-28 16:52:33,649 [main] com.ajio.keyword.Keyword 
  INFO  chrome is opened!! 
2020-May-28 16:52:37,795 [main] com.ajio.keyword.Keyword 
  INFO  Maximized Browser Window!!
2020-May-28 16:52:44,047 [main] com.ajio.keyword.Keyword 
  INFO  https://www.ajio.com is launched!!
2020-May-28 16:52:47,062 [main] com.ajio.keyword.Keyword 
  INFO  Deleted All Cookies!!
2020-May-28 16:52:47,074 [main] com.ajio.keyword.Keyword 
  INFO  20SECONDS Page load timeout  is applied!!
2020-May-28 16:52:47,086 [main] com.ajio.keyword.Keyword 
  INFO  20SECONDS Implicit Wait is applied!!
2020-May-28 16:52:47,111 [main] com.ajio.keyword.Keyword 
  INFO  Splitting locatorName: signIn/JoinAjio
2020-May-28 16:52:47,115 [main] com.ajio.keyword.Keyword 
  INFO  Locator Type: xpath
2020-May-28 16:52:47,115 [main] com.ajio.keyword.Keyword 
  INFO  Locator Value: //span[@class="login-form login-modal"]
2020-May-28 16:52:47,303 [main] com.ajio.keyword.Keyword 
  INFO  Clicked on signIn/JoinAjio
2020-May-28 16:52:47,303 [main] com.ajio.keyword.Keyword 
  INFO  Splitting locatorName: email
2020-May-28 16:52:47,307 [main] com.ajio.keyword.Keyword 
  INFO  Locator Type: xpath
2020-May-28 16:52:47,307 [main] com.ajio.keyword.Keyword 
  INFO  Locator Value: //input[@name="username"]
2020-May-28 16:52:47,598 [main] com.ajio.keyword.Keyword 
  INFO  Splitting locatorName: continue
2020-May-28 16:52:47,598 [main] com.ajio.keyword.Keyword 
  INFO  Locator Type: xpath
2020-May-28 16:52:47,598 [main] com.ajio.keyword.Keyword 
  INFO  Locator Value: //input[@value="Continue"]
2020-May-28 16:52:47,726 [main] com.ajio.keyword.Keyword 
  INFO  Clicked on continue
2020-May-28 16:52:47,730 [main] com.ajio.keyword.Keyword 
  INFO  Splitting locatorName: password
2020-May-28 16:52:47,730 [main] com.ajio.keyword.Keyword 
  INFO  Locator Type: xpath
2020-May-28 16:52:47,730 [main] com.ajio.keyword.Keyword 
  INFO  Locator Value: //input[@name="pwd"]
2020-May-28 16:52:48,751 [main] com.ajio.keyword.Keyword 
  INFO  Splitting locatorName: sendOTP
2020-May-28 16:52:48,751 [main] com.ajio.keyword.Keyword 
  INFO  Locator Type: xpath
2020-May-28 16:52:48,751 [main] com.ajio.keyword.Keyword 
  INFO  Locator Value: //input[@value="SEND OTP"]
2020-May-28 16:52:48,859 [main] com.ajio.keyword.Keyword 
  INFO  Clicked on sendOTP
2020-May-28 16:52:48,859 [main] com.ajio.keyword.Keyword 
  INFO  Splitting locatorName: passErrorMsg
2020-May-28 16:52:48,859 [main] com.ajio.keyword.Keyword 
  INFO  Locator Type: xpath
2020-May-28 16:52:48,859 [main] com.ajio.keyword.Keyword 
  INFO  Locator Value: //div[contains(text(),"Password should have")]
