2020-May-28 16:34:00,529 [main] com.ajio.keyword.Keyword 
  INFO  Maximized Browser Window!!
2020-May-28 16:34:05,214 [main] com.ajio.keyword.Keyword 
  INFO  https://www.ajio.com is launched!!
2020-May-28 16:34:09,114 [main] com.ajio.keyword.Keyword 
  INFO  Deleted All Cookies!!
2020-May-28 16:34:09,126 [main] com.ajio.keyword.Keyword 
  INFO  20SECONDS Page load timeout  is applied!!
2020-May-28 16:34:09,142 [main] com.ajio.keyword.Keyword 
  INFO  20SECONDS Implicit Wait is applied!!
2020-May-28 16:34:09,158 [main] com.ajio.keyword.Keyword 
  INFO  Splitting locatorName: signIn/JoinAjio
2020-May-28 16:34:09,166 [main] com.ajio.keyword.Keyword 
  INFO  Locator Type: xpath
2020-May-28 16:34:09,166 [main] com.ajio.keyword.Keyword 
  INFO  Locator Value: //span[@class="login-form login-modal"]
2020-May-28 16:34:09,434 [main] com.ajio.keyword.Keyword 
  INFO  Clicked on signIn/JoinAjio
2020-May-28 16:34:09,434 [main] com.ajio.keyword.Keyword 
  INFO  Splitting locatorName: continue
2020-May-28 16:34:09,438 [main] com.ajio.keyword.Keyword 
  INFO  Locator Type: xpath
2020-May-28 16:34:09,438 [main] com.ajio.keyword.Keyword 
  INFO  Locator Value: //input[@value="Continue"]
2020-May-28 16:34:09,558 [main] com.ajio.keyword.Keyword 
  INFO  Clicked on continue
2020-May-28 16:34:09,558 [main] com.ajio.keyword.Keyword 
  INFO  Splitting locatorName: emailErrorMsg
2020-May-28 16:34:09,558 [main] com.ajio.keyword.Keyword 
  INFO  Locator Type: xpath
2020-May-28 16:34:09,562 [main] com.ajio.keyword.Keyword 
  INFO  Locator Value: //div[@id="error-msg"]
2020-May-28 16:34:09,594 [main] com.ajio.keyword.Keyword 
  INFO  Please enter valid Mobile Number / Email. returned Text !!
2020-May-28 16:34:09,750 [main] com.ajio.keyword.Keyword 
  INFO  Current browser window is Closed!!
2020-May-28 16:34:15,680 [main] com.ajio.keyword.Keyword 
  INFO  chrome is opened!! 
2020-May-28 16:34:19,832 [main] com.ajio.keyword.Keyword 
  INFO  Maximized Browser Window!!
2020-May-28 16:34:25,008 [main] com.ajio.keyword.Keyword 
  INFO  https://www.ajio.com is launched!!
2020-May-28 16:34:29,530 [main] com.ajio.keyword.Keyword 
  INFO  Deleted All Cookies!!
2020-May-28 16:34:29,538 [main] com.ajio.keyword.Keyword 
  INFO  20SECONDS Page load timeout  is applied!!
2020-May-28 16:34:29,546 [main] com.ajio.keyword.Keyword 
  INFO  20SECONDS Implicit Wait is applied!!
2020-May-28 16:34:29,551 [main] com.ajio.keyword.Keyword 
  INFO  Splitting locatorName: signIn/JoinAjio
2020-May-28 16:34:29,552 [main] com.ajio.keyword.Keyword 
  INFO  Locator Type: xpath
2020-May-28 16:34:29,552 [main] com.ajio.keyword.Keyword 
  INFO  Locator Value: //span[@class="login-form login-modal"]
2020-May-28 16:34:29,853 [main] com.ajio.keyword.Keyword 
  INFO  Clicked on signIn/JoinAjio
2020-May-28 16:34:29,853 [main] com.ajio.keyword.Keyword 
  INFO  Splitting locatorName: email
2020-May-28 16:34:29,853 [main] com.ajio.keyword.Keyword 
  INFO  Locator Type: xpath
2020-May-28 16:34:29,853 [main] com.ajio.keyword.Keyword 
  INFO  Locator Value: //input[@name="username"]
2020-May-28 16:34:30,437 [main] com.ajio.keyword.Keyword 
  INFO  Splitting locatorName: continue
2020-May-28 16:34:30,437 [main] com.ajio.keyword.Keyword 
  INFO  Locator Type: xpath
2020-May-28 16:34:30,437 [main] com.ajio.keyword.Keyword 
  INFO  Locator Value: //input[@value="Continue"]
2020-May-28 16:34:30,533 [main] com.ajio.keyword.Keyword 
  INFO  Clicked on continue
2020-May-28 16:34:30,533 [main] com.ajio.keyword.Keyword 
  INFO  Splitting locatorName: loginForm
2020-May-28 16:34:30,537 [main] com.ajio.keyword.Keyword 
  INFO  Locator Type: xpath
2020-May-28 16:34:30,537 [main] com.ajio.keyword.Keyword 
  INFO  Locator Value: //div[@class="modal-login-container"]/descendant::form[@class="login-form"]
2020-May-28 16:34:31,893 [main] com.ajio.keyword.Keyword 
  INFO  Current browser window is Closed!!
2020-May-28 16:34:37,692 [main] com.ajio.keyword.Keyword 
  INFO  chrome is opened!! 
2020-May-28 16:34:41,855 [main] com.ajio.keyword.Keyword 
  INFO  Maximized Browser Window!!
2020-May-28 16:34:48,869 [main] com.ajio.keyword.Keyword 
  INFO  https://www.ajio.com is launched!!
2020-May-28 16:34:50,832 [main] com.ajio.keyword.Keyword 
  INFO  Deleted All Cookies!!
2020-May-28 16:34:50,840 [main] com.ajio.keyword.Keyword 
  INFO  20SECONDS Page load timeout  is applied!!
2020-May-28 16:34:50,844 [main] com.ajio.keyword.Keyword 
  INFO  20SECONDS Implicit Wait is applied!!
2020-May-28 16:34:50,847 [main] com.ajio.keyword.Keyword 
  INFO  Splitting locatorName: signIn/JoinAjio
2020-May-28 16:34:50,848 [main] com.ajio.keyword.Keyword 
  INFO  Locator Type: xpath
2020-May-28 16:34:50,848 [main] com.ajio.keyword.Keyword 
  INFO  Locator Value: //span[@class="login-form login-modal"]
2020-May-28 16:34:50,988 [main] com.ajio.keyword.Keyword 
  INFO  Clicked on signIn/JoinAjio
2020-May-28 16:34:50,988 [main] com.ajio.keyword.Keyword 
  INFO  Splitting locatorName: email
2020-May-28 16:34:50,988 [main] com.ajio.keyword.Keyword 
  INFO  Locator Type: xpath
2020-May-28 16:34:50,988 [main] com.ajio.keyword.Keyword 
  INFO  Locator Value: //input[@name="username"]
2020-May-28 16:34:51,280 [main] com.ajio.keyword.Keyword 
  INFO  Splitting locatorName: continue
2020-May-28 16:34:51,284 [main] com.ajio.keyword.Keyword 
  INFO  Locator Type: xpath
2020-May-28 16:34:51,284 [main] com.ajio.keyword.Keyword 
  INFO  Locator Value: //input[@value="Continue"]
2020-May-28 16:34:51,401 [main] com.ajio.keyword.Keyword 
  INFO  Clicked on continue
2020-May-28 16:34:51,405 [main] com.ajio.keyword.Keyword 
  INFO  Splitting locatorName: signUpForm
2020-May-28 16:34:51,405 [main] com.ajio.keyword.Keyword 
  INFO  Locator Type: xpath
2020-May-28 16:34:51,405 [main] com.ajio.keyword.Keyword 
  INFO  Locator Value: //div[@class="modal-login-container"]/descendant::form[@class="signup-form"]
2020-May-28 16:34:53,077 [main] com.ajio.keyword.Keyword 
  INFO  Current browser window is Closed!!
2020-May-28 16:34:59,370 [main] com.ajio.keyword.Keyword 
  INFO  chrome is opened!! 
