2020-May-28 22:33:13,389 [main] com.ajio.keyword.Keyword 
  INFO  chrome is opened!! 
2020-May-28 22:33:17,537 [main] com.ajio.keyword.Keyword 
  INFO  Maximized Browser Window!!
2020-May-28 22:33:29,135 [main] com.ajio.keyword.Keyword 
  INFO  https://www.ajio.com is launched!!
2020-May-28 22:33:31,300 [main] com.ajio.keyword.Keyword 
  INFO  Deleted All Cookies!!
2020-May-28 22:33:31,305 [main] com.ajio.keyword.Keyword 
  INFO  20SECONDS Page load timeout  is applied!!
2020-May-28 22:33:31,310 [main] com.ajio.keyword.Keyword 
  INFO  20SECONDS Implicit Wait is applied!!
2020-May-28 22:33:31,320 [main] com.ajio.keyword.Keyword 
  INFO  Splitting locatorName: signIn/JoinAjio
2020-May-28 22:33:31,322 [main] com.ajio.keyword.Keyword 
  INFO  Locator Type: xpath
2020-May-28 22:33:31,323 [main] com.ajio.keyword.Keyword 
  INFO  Locator Value: //span[@class="login-form login-modal"]
2020-May-28 22:33:31,668 [main] com.ajio.keyword.Keyword 
  INFO  Clicked on signIn/JoinAjio
2020-May-28 22:33:31,669 [main] com.ajio.keyword.Keyword 
  INFO  Splitting locatorName: continue
2020-May-28 22:33:31,670 [main] com.ajio.keyword.Keyword 
  INFO  Locator Type: xpath
2020-May-28 22:33:31,670 [main] com.ajio.keyword.Keyword 
  INFO  Locator Value: //input[@value="Continue"]
2020-May-28 22:33:31,791 [main] com.ajio.keyword.Keyword 
  INFO  Clicked on continue
2020-May-28 22:33:31,791 [main] com.ajio.keyword.Keyword 
  INFO  Splitting locatorName: emailErrorMsg
2020-May-28 22:33:31,792 [main] com.ajio.keyword.Keyword 
  INFO  Locator Type: xpath
2020-May-28 22:33:31,792 [main] com.ajio.keyword.Keyword 
  INFO  Locator Value: //div[@id="error-msg"]
2020-May-28 22:33:31,848 [main] com.ajio.keyword.Keyword 
  INFO  Please enter valid Mobile Number / Email. returned Text !!
2020-May-28 22:33:36,097 [main] com.ajio.keyword.Keyword 
  INFO  Current browser window is Closed!!
