2020-May-29 00:37:00,387 [main] com.ajio.keyword.Keyword 
  INFO  https://www.ajio.com is launched!!
2020-May-29 00:37:03,484 [main] com.ajio.keyword.Keyword 
  INFO  Deleted All Cookies!!
2020-May-29 00:37:03,496 [main] com.ajio.keyword.Keyword 
  INFO  20SECONDS Page load timeout  is applied!!
2020-May-29 00:37:03,512 [main] com.ajio.keyword.Keyword 
  INFO  20SECONDS Implicit Wait is applied!!
2020-May-29 00:37:03,535 [main] com.ajio.keyword.Keyword 
  INFO  Splitting locatorName: signIn/JoinAjio
2020-May-29 00:37:03,539 [main] com.ajio.keyword.Keyword 
  INFO  Locator Type: xpath
2020-May-29 00:37:03,543 [main] com.ajio.keyword.Keyword 
  INFO  Locator Value: //span[@class="login-form login-modal"]
2020-May-29 00:37:03,707 [main] com.ajio.keyword.Keyword 
  INFO  Clicked on signIn/JoinAjio
2020-May-29 00:37:03,707 [main] com.ajio.keyword.Keyword 
  INFO  Splitting locatorName: continue
2020-May-29 00:37:03,707 [main] com.ajio.keyword.Keyword 
  INFO  Locator Type: xpath
2020-May-29 00:37:03,707 [main] com.ajio.keyword.Keyword 
  INFO  Locator Value: //input[@value="Continue"]
2020-May-29 00:37:03,879 [main] com.ajio.keyword.Keyword 
  INFO  Clicked on continue
2020-May-29 00:37:03,879 [main] com.ajio.keyword.Keyword 
  INFO  Splitting locatorName: emailErrorMsg
2020-May-29 00:37:03,883 [main] com.ajio.keyword.Keyword 
  INFO  Locator Type: xpath
2020-May-29 00:37:03,883 [main] com.ajio.keyword.Keyword 
  INFO  Locator Value: //div[@id="error-msg"]
2020-May-29 00:37:03,943 [main] com.ajio.keyword.Keyword 
  INFO  Please enter valid Mobile Number / Email. returned Text !!
2020-May-29 00:37:04,461 [main] com.ajio.keyword.Keyword 
  INFO  Current browser window is Closed!!
2020-May-29 00:37:10,114 [main] com.ajio.keyword.Keyword 
  INFO  chrome is opened!! 
2020-May-29 00:37:14,284 [main] com.ajio.keyword.Keyword 
  INFO  Maximized Browser Window!!
2020-May-29 00:37:19,551 [main] com.ajio.keyword.Keyword 
  INFO  https://www.ajio.com is launched!!
2020-May-29 00:37:22,430 [main] com.ajio.keyword.Keyword 
  INFO  Deleted All Cookies!!
2020-May-29 00:37:22,446 [main] com.ajio.keyword.Keyword 
  INFO  20SECONDS Page load timeout  is applied!!
2020-May-29 00:37:22,454 [main] com.ajio.keyword.Keyword 
  INFO  20SECONDS Implicit Wait is applied!!
2020-May-29 00:37:22,461 [main] com.ajio.keyword.Keyword 
  INFO  Splitting locatorName: signIn/JoinAjio
2020-May-29 00:37:22,461 [main] com.ajio.keyword.Keyword 
  INFO  Locator Type: xpath
2020-May-29 00:37:22,461 [main] com.ajio.keyword.Keyword 
  INFO  Locator Value: //span[@class="login-form login-modal"]
2020-May-29 00:37:22,670 [main] com.ajio.keyword.Keyword 
  INFO  Clicked on signIn/JoinAjio
2020-May-29 00:37:22,670 [main] com.ajio.keyword.Keyword 
  INFO  Splitting locatorName: email
2020-May-29 00:37:22,670 [main] com.ajio.keyword.Keyword 
  INFO  Locator Type: xpath
2020-May-29 00:37:22,674 [main] com.ajio.keyword.Keyword 
  INFO  Locator Value: //input[@name="username"]
2020-May-29 00:37:22,942 [main] com.ajio.keyword.Keyword 
  INFO  Splitting locatorName: continue
2020-May-29 00:37:22,946 [main] com.ajio.keyword.Keyword 
  INFO  Locator Type: xpath
2020-May-29 00:37:22,946 [main] com.ajio.keyword.Keyword 
  INFO  Locator Value: //input[@value="Continue"]
2020-May-29 00:37:23,034 [main] com.ajio.keyword.Keyword 
  INFO  Clicked on continue
2020-May-29 00:37:23,034 [main] com.ajio.keyword.Keyword 
  INFO  Splitting locatorName: startShopping
2020-May-29 00:37:23,038 [main] com.ajio.keyword.Keyword 
  INFO  Locator Type: xpath
2020-May-29 00:37:23,038 [main] com.ajio.keyword.Keyword 
  INFO  Locator Value: //input[@value="START SHOPPING"]
2020-May-29 00:37:24,022 [main] com.ajio.keyword.Keyword 
  INFO  Clicked on startShopping
2020-May-29 00:37:24,022 [main] com.ajio.keyword.Keyword 
  INFO  Splitting locatorName: passErrorMsg1
2020-May-29 00:37:24,022 [main] com.ajio.keyword.Keyword 
  INFO  Locator Type: xpath
2020-May-29 00:37:24,026 [main] com.ajio.keyword.Keyword 
  INFO  Locator Value: //div[text()='Please enter a valid password']
2020-May-29 00:37:24,058 [main] com.ajio.keyword.Keyword 
  INFO  Please enter a valid password returned Text !!
2020-May-29 00:37:24,241 [main] com.ajio.keyword.Keyword 
  INFO  Current browser window is Closed!!
2020-May-29 00:37:30,383 [main] com.ajio.keyword.Keyword 
  INFO  chrome is opened!! 
2020-May-29 00:37:34,538 [main] com.ajio.keyword.Keyword 
  INFO  Maximized Browser Window!!
2020-May-29 00:37:40,199 [main] com.ajio.keyword.Keyword 
  INFO  https://www.ajio.com is launched!!
2020-May-29 00:37:43,471 [main] com.ajio.keyword.Keyword 
  INFO  Deleted All Cookies!!
2020-May-29 00:37:43,481 [main] com.ajio.keyword.Keyword 
  INFO  20SECONDS Page load timeout  is applied!!
2020-May-29 00:37:43,491 [main] com.ajio.keyword.Keyword 
  INFO  20SECONDS Implicit Wait is applied!!
2020-May-29 00:37:43,498 [main] com.ajio.keyword.Keyword 
  INFO  Splitting locatorName: signIn/JoinAjio
2020-May-29 00:37:43,498 [main] com.ajio.keyword.Keyword 
  INFO  Locator Type: xpath
2020-May-29 00:37:43,498 [main] com.ajio.keyword.Keyword 
  INFO  Locator Value: //span[@class="login-form login-modal"]
2020-May-29 00:37:43,887 [main] com.ajio.keyword.Keyword 
  INFO  Clicked on signIn/JoinAjio
2020-May-29 00:37:43,887 [main] com.ajio.keyword.Keyword 
  INFO  Splitting locatorName: email
2020-May-29 00:37:43,891 [main] com.ajio.keyword.Keyword 
  INFO  Locator Type: xpath
2020-May-29 00:37:43,891 [main] com.ajio.keyword.Keyword 
  INFO  Locator Value: //input[@name="username"]
2020-May-29 00:37:44,146 [main] com.ajio.keyword.Keyword 
  INFO  Splitting locatorName: continue
2020-May-29 00:37:44,146 [main] com.ajio.keyword.Keyword 
  INFO  Locator Type: xpath
2020-May-29 00:37:44,146 [main] com.ajio.keyword.Keyword 
  INFO  Locator Value: //input[@value="Continue"]
2020-May-29 00:37:44,284 [main] com.ajio.keyword.Keyword 
  INFO  Clicked on continue
2020-May-29 00:37:44,284 [main] com.ajio.keyword.Keyword 
  INFO  Splitting locatorName: emailErrorMsg
2020-May-29 00:37:44,284 [main] com.ajio.keyword.Keyword 
  INFO  Locator Type: xpath
2020-May-29 00:37:44,284 [main] com.ajio.keyword.Keyword 
  INFO  Locator Value: //div[@id="error-msg"]
2020-May-29 00:37:44,364 [main] com.ajio.keyword.Keyword 
  INFO  Please enter a valid Mobile Number/Email. returned Text !!
2020-May-29 00:37:48,845 [main] com.ajio.keyword.Keyword 
  INFO  Current browser window is Closed!!
2020-May-29 00:37:54,877 [main] com.ajio.keyword.Keyword 
  INFO  chrome is opened!! 
2020-May-29 00:37:59,083 [main] com.ajio.keyword.Keyword 
  INFO  Maximized Browser Window!!
