2020-May-31 02:00:04,039 [main] com.ajio.keyword.Keyword 
  INFO  https://www.ajio.com is launched!!
2020-May-31 02:00:07,506 [main] com.ajio.keyword.Keyword 
  INFO  Deleted All Cookies!!
2020-May-31 02:00:07,512 [main] com.ajio.keyword.Keyword 
  INFO  20SECONDS Page load timeout  is applied!!
2020-May-31 02:00:07,517 [main] com.ajio.keyword.Keyword 
  INFO  20SECONDS Implicit Wait is applied!!
2020-May-31 02:00:07,561 [main] com.ajio.PageTests.HomepagePageTests 
  INFO  Shop women Link is visible
2020-May-31 02:00:11,005 [main] com.ajio.keyword.Keyword 
  INFO  Online Shopping for Women – Clothing, Footwear, Fashion & Accessories | AJIO  :Returned Current Webpage Title!!
2020-May-31 02:00:20,987 [main] com.ajio.keyword.Keyword 
  INFO  chrome is opened!! 
2020-May-31 02:00:25,120 [main] com.ajio.keyword.Keyword 
  INFO  Maximized Browser Window!!
2020-May-31 02:00:30,337 [main] com.ajio.keyword.Keyword 
  INFO  https://www.ajio.com is launched!!
2020-May-31 02:00:33,855 [main] com.ajio.keyword.Keyword 
  INFO  Deleted All Cookies!!
2020-May-31 02:00:33,864 [main] com.ajio.keyword.Keyword 
  INFO  20SECONDS Page load timeout  is applied!!
2020-May-31 02:00:33,872 [main] com.ajio.keyword.Keyword 
  INFO  20SECONDS Implicit Wait is applied!!
2020-May-31 02:00:33,979 [main] com.ajio.PageTests.HomepagePageTests 
  INFO  Shop men Link is visible
2020-May-31 02:00:37,394 [main] com.ajio.keyword.Keyword 
  INFO  Online Shopping for Men – Clothing, Footwear, Fashion & Accessories | AJIO  :Returned Current Webpage Title!!
2020-May-31 02:00:47,502 [main] com.ajio.keyword.Keyword 
  INFO  chrome is opened!! 
2020-May-31 02:00:51,634 [main] com.ajio.keyword.Keyword 
  INFO  Maximized Browser Window!!
2020-May-31 02:00:57,822 [main] com.ajio.keyword.Keyword 
  INFO  https://www.ajio.com is launched!!
