2020-May-29 00:17:16,338 [main] com.ajio.keyword.Keyword 
  INFO  Screenshot taken Successfully!!
2020-May-29 00:17:16,772 [main] com.ajio.keyword.Keyword 
  INFO  Current browser window is Closed!!
2020-May-29 00:17:22,743 [main] com.ajio.keyword.Keyword 
  INFO  chrome is opened!! 
2020-May-29 00:17:26,873 [main] com.ajio.keyword.Keyword 
  INFO  Maximized Browser Window!!
2020-May-29 00:17:34,051 [main] com.ajio.keyword.Keyword 
  INFO  https://www.ajio.com is launched!!
2020-May-29 00:17:36,844 [main] com.ajio.keyword.Keyword 
  INFO  Deleted All Cookies!!
2020-May-29 00:17:36,847 [main] com.ajio.keyword.Keyword 
  INFO  20SECONDS Page load timeout  is applied!!
2020-May-29 00:17:36,851 [main] com.ajio.keyword.Keyword 
  INFO  20SECONDS Implicit Wait is applied!!
2020-May-29 00:17:36,853 [main] com.ajio.keyword.Keyword 
  INFO  Splitting locatorName: signIn/JoinAjio
2020-May-29 00:17:36,854 [main] com.ajio.keyword.Keyword 
  INFO  Locator Type: xpath
2020-May-29 00:17:36,854 [main] com.ajio.keyword.Keyword 
  INFO  Locator Value: //span[@class="login-form login-modal"]
2020-May-29 00:17:37,051 [main] com.ajio.keyword.Keyword 
  INFO  Clicked on signIn/JoinAjio
2020-May-29 00:17:37,051 [main] com.ajio.keyword.Keyword 
  INFO  Splitting locatorName: email
2020-May-29 00:17:37,052 [main] com.ajio.keyword.Keyword 
  INFO  Locator Type: xpath
2020-May-29 00:17:37,053 [main] com.ajio.keyword.Keyword 
  INFO  Locator Value: //input[@name="username"]
2020-May-29 00:17:37,271 [main] com.ajio.keyword.Keyword 
  INFO  Splitting locatorName: continue
2020-May-29 00:17:37,271 [main] com.ajio.keyword.Keyword 
  INFO  Locator Type: xpath
2020-May-29 00:17:37,272 [main] com.ajio.keyword.Keyword 
  INFO  Locator Value: //input[@value="Continue"]
2020-May-29 00:17:37,425 [main] com.ajio.keyword.Keyword 
  INFO  Clicked on continue
2020-May-29 00:17:37,426 [main] com.ajio.keyword.Keyword 
  INFO  Splitting locatorName: emailErrorMsg
2020-May-29 00:17:37,426 [main] com.ajio.keyword.Keyword 
  INFO  Locator Type: xpath
2020-May-29 00:17:37,428 [main] com.ajio.keyword.Keyword 
  INFO  Locator Value: //div[@id="error-msg"]
2020-May-29 00:17:37,517 [main] com.ajio.keyword.Keyword 
  INFO  Please enter a valid Mobile Number/Email. returned Text !!
2020-May-29 00:17:37,926 [main] com.ajio.keyword.Keyword 
  INFO  Current browser window is Closed!!
2020-May-29 00:17:43,797 [main] com.ajio.keyword.Keyword 
  INFO  chrome is opened!! 
2020-May-29 00:17:47,916 [main] com.ajio.keyword.Keyword 
  INFO  Maximized Browser Window!!
2020-May-29 00:17:54,964 [main] com.ajio.keyword.Keyword 
  INFO  https://www.ajio.com is launched!!
2020-May-29 00:17:58,385 [main] com.ajio.keyword.Keyword 
  INFO  Deleted All Cookies!!
2020-May-29 00:17:58,395 [main] com.ajio.keyword.Keyword 
  INFO  20SECONDS Page load timeout  is applied!!
2020-May-29 00:17:58,401 [main] com.ajio.keyword.Keyword 
  INFO  20SECONDS Implicit Wait is applied!!
2020-May-29 00:17:58,405 [main] com.ajio.keyword.Keyword 
  INFO  Splitting locatorName: signIn/JoinAjio
2020-May-29 00:17:58,407 [main] com.ajio.keyword.Keyword 
  INFO  Locator Type: xpath
2020-May-29 00:17:58,409 [main] com.ajio.keyword.Keyword 
  INFO  Locator Value: //span[@class="login-form login-modal"]
2020-May-29 00:17:58,666 [main] com.ajio.keyword.Keyword 
  INFO  Clicked on signIn/JoinAjio
2020-May-29 00:17:58,666 [main] com.ajio.keyword.Keyword 
  INFO  Splitting locatorName: email
2020-May-29 00:17:58,667 [main] com.ajio.keyword.Keyword 
  INFO  Locator Type: xpath
2020-May-29 00:17:58,668 [main] com.ajio.keyword.Keyword 
  INFO  Locator Value: //input[@name="username"]
2020-May-29 00:17:58,943 [main] com.ajio.keyword.Keyword 
  INFO  Splitting locatorName: continue
2020-May-29 00:17:58,944 [main] com.ajio.keyword.Keyword 
  INFO  Locator Type: xpath
2020-May-29 00:17:58,944 [main] com.ajio.keyword.Keyword 
  INFO  Locator Value: //input[@value="Continue"]
2020-May-29 00:17:59,052 [main] com.ajio.keyword.Keyword 
  INFO  Clicked on continue
2020-May-29 00:17:59,052 [main] com.ajio.keyword.Keyword 
  INFO  Splitting locatorName: password1
2020-May-29 00:17:59,053 [main] com.ajio.keyword.Keyword 
  INFO  Locator Type: xpath
2020-May-29 00:17:59,053 [main] com.ajio.keyword.Keyword 
  INFO  Locator Value: //input[@name="password"]
