2020-May-29 02:38:27,810 [main] com.ajio.keyword.Keyword 
  INFO  chrome is opened!! 
2020-May-29 02:38:31,993 [main] com.ajio.keyword.Keyword 
  INFO  Maximized Browser Window!!
2020-May-29 02:38:37,035 [main] com.ajio.keyword.Keyword 
  INFO  https://www.ajio.com is launched!!
2020-May-29 02:38:40,788 [main] com.ajio.keyword.Keyword 
  INFO  Deleted All Cookies!!
2020-May-29 02:38:40,798 [main] com.ajio.keyword.Keyword 
  INFO  20SECONDS Page load timeout  is applied!!
2020-May-29 02:38:40,808 [main] com.ajio.keyword.Keyword 
  INFO  20SECONDS Implicit Wait is applied!!
2020-May-29 02:38:40,813 [main] com.ajio.keyword.Keyword 
  INFO  Splitting locatorName: signIn/JoinAjio
2020-May-29 02:38:40,813 [main] com.ajio.keyword.Keyword 
  INFO  Locator Type: xpath
2020-May-29 02:38:40,823 [main] com.ajio.keyword.Keyword 
  INFO  Locator Value: //span[@class="login-form login-modal"]
2020-May-29 02:38:41,112 [main] com.ajio.keyword.Keyword 
  INFO  Clicked on signIn/JoinAjio
2020-May-29 02:38:41,120 [main] com.ajio.keyword.Keyword 
  INFO  Splitting locatorName: facebookSignIn
2020-May-29 02:38:41,120 [main] com.ajio.keyword.Keyword 
  INFO  Locator Type: xpath
2020-May-29 02:38:41,120 [main] com.ajio.keyword.Keyword 
  INFO  Locator Value: //div[@class="fb-login"]
2020-May-29 02:38:41,277 [main] com.ajio.keyword.Keyword 
  INFO  Clicked on facebookSignIn
2020-May-29 02:38:41,297 [main] com.ajio.keyword.Keyword 
  INFO  5SECONDS Explicit wait is applied!!
2020-May-29 02:38:46,363 [main] com.ajio.keyword.Keyword 
  INFO  Splitting locatorName: facebookEmail
2020-May-29 02:38:46,363 [main] com.ajio.keyword.Keyword 
  INFO  Locator Type: xpath
2020-May-29 02:38:46,363 [main] com.ajio.keyword.Keyword 
  INFO  Locator Value: //input[@id="email"]
2020-May-29 02:38:46,714 [main] com.ajio.keyword.Keyword 
  INFO  Splitting locatorName: facebookPass
2020-May-29 02:38:46,718 [main] com.ajio.keyword.Keyword 
  INFO  Locator Type: xpath
2020-May-29 02:38:46,718 [main] com.ajio.keyword.Keyword 
  INFO  Locator Value: //input[@id="pass"]
2020-May-29 02:38:46,915 [main] com.ajio.keyword.Keyword 
  INFO  Splitting locatorName: facebookLogin
2020-May-29 02:38:46,919 [main] com.ajio.keyword.Keyword 
  INFO  Locator Type: xpath
2020-May-29 02:38:46,919 [main] com.ajio.keyword.Keyword 
  INFO  Locator Value: //input[@name="login"]
2020-May-29 02:38:47,029 [main] com.ajio.keyword.Keyword 
  INFO  Clicked on facebookLogin
2020-May-29 02:38:47,029 [main] com.ajio.keyword.Keyword 
  INFO  8SECONDS Explicit wait is applied!!
2020-May-29 02:38:47,065 [main] com.ajio.keyword.Keyword 
  INFO  Splitting locatorName: signOut
2020-May-29 02:38:47,065 [main] com.ajio.keyword.Keyword 
  INFO  Locator Type: xpath
2020-May-29 02:38:47,069 [main] com.ajio.keyword.Keyword 
  INFO  Locator Value: //a[text()='Sign Out']
2020-May-29 02:38:56,852 [main] com.ajio.keyword.Keyword 
  INFO  Screenshot taken Successfully!!
2020-May-29 02:38:57,017 [main] com.ajio.keyword.Keyword 
  INFO  Current browser window is Closed!!
