2020-May-29 03:00:02,550 [main] com.ajio.keyword.Keyword 
  INFO  chrome is opened!! 
2020-May-29 03:00:06,732 [main] com.ajio.keyword.Keyword 
  INFO  Maximized Browser Window!!
2020-May-29 03:00:13,156 [main] com.ajio.keyword.Keyword 
  INFO  https://www.ajio.com is launched!!
2020-May-29 03:00:17,300 [main] com.ajio.keyword.Keyword 
  INFO  Deleted All Cookies!!
2020-May-29 03:00:17,304 [main] com.ajio.keyword.Keyword 
  INFO  20SECONDS Page load timeout  is applied!!
2020-May-29 03:00:17,308 [main] com.ajio.keyword.Keyword 
  INFO  20SECONDS Implicit Wait is applied!!
2020-May-29 03:00:17,315 [main] com.ajio.keyword.Keyword 
  INFO  Splitting locatorName: signIn/JoinAjio
2020-May-29 03:00:17,319 [main] com.ajio.keyword.Keyword 
  INFO  Locator Type: xpath
2020-May-29 03:00:17,319 [main] com.ajio.keyword.Keyword 
  INFO  Locator Value: //span[@class="login-form login-modal"]
2020-May-29 03:00:17,523 [main] com.ajio.keyword.Keyword 
  INFO  Clicked on signIn/JoinAjio
2020-May-29 03:00:17,531 [main] com.ajio.keyword.Keyword 
  INFO  Splitting locatorName: googleSignIn
2020-May-29 03:00:17,531 [main] com.ajio.keyword.Keyword 
  INFO  Locator Type: xpath
2020-May-29 03:00:17,531 [main] com.ajio.keyword.Keyword 
  INFO  Locator Value: //button[@class="google-login"]
2020-May-29 03:00:17,663 [main] com.ajio.keyword.Keyword 
  INFO  Clicked on googleSignIn
