2020-May-31 02:01:01,886 [main] com.ajio.keyword.Keyword 
  INFO  Deleted All Cookies!!
2020-May-31 02:01:01,898 [main] com.ajio.keyword.Keyword 
  INFO  20SECONDS Page load timeout  is applied!!
2020-May-31 02:01:01,904 [main] com.ajio.keyword.Keyword 
  INFO  20SECONDS Implicit Wait is applied!!
2020-May-31 02:01:01,939 [main] com.ajio.PageTests.HomepagePageTests 
  INFO  Shop kids  Link is visible
2020-May-31 02:01:05,371 [main] com.ajio.keyword.Keyword 
  INFO  Online Kids fashion shopping site in India - AJIO  :Returned Current Webpage Title!!
2020-May-31 02:01:15,250 [main] com.ajio.keyword.Keyword 
  INFO  chrome is opened!! 
2020-May-31 02:01:19,389 [main] com.ajio.keyword.Keyword 
  INFO  Maximized Browser Window!!
2020-May-31 02:01:26,996 [main] com.ajio.keyword.Keyword 
  INFO  https://www.ajio.com is launched!!
2020-May-31 02:01:29,166 [main] com.ajio.keyword.Keyword 
  INFO  Deleted All Cookies!!
2020-May-31 02:01:29,171 [main] com.ajio.keyword.Keyword 
  INFO  20SECONDS Page load timeout  is applied!!
2020-May-31 02:01:29,175 [main] com.ajio.keyword.Keyword 
  INFO  20SECONDS Implicit Wait is applied!!
2020-May-31 02:01:29,236 [main] com.ajio.PageTests.HomepagePageTests 
  INFO  Shop sale Link is visible
2020-May-31 02:01:32,740 [main] com.ajio.keyword.Keyword 
  INFO  AJIO  :Returned Current Webpage Title!!
2020-May-31 02:01:42,928 [main] com.ajio.keyword.Keyword 
  INFO  chrome is opened!! 
2020-May-31 02:01:47,060 [main] com.ajio.keyword.Keyword 
  INFO  Maximized Browser Window!!
2020-May-31 02:01:52,175 [main] com.ajio.keyword.Keyword 
  INFO  https://www.ajio.com is launched!!
2020-May-31 02:01:56,480 [main] com.ajio.keyword.Keyword 
  INFO  Deleted All Cookies!!
2020-May-31 02:01:56,490 [main] com.ajio.keyword.Keyword 
  INFO  20SECONDS Page load timeout  is applied!!
2020-May-31 02:01:56,499 [main] com.ajio.keyword.Keyword 
  INFO  20SECONDS Implicit Wait is applied!!
2020-May-31 02:01:56,578 [main] com.ajio.PageTests.HomepagePageTests 
  INFO  signIn_JoinAjio  Link is visible
