2020-May-28 17:07:01,799 [main] com.ajio.keyword.Keyword 
  INFO  chrome is opened!! 
2020-May-28 17:07:05,948 [main] com.ajio.keyword.Keyword 
  INFO  Maximized Browser Window!!
2020-May-28 17:07:12,478 [main] com.ajio.keyword.Keyword 
  INFO  https://www.ajio.com is launched!!
2020-May-28 17:07:15,402 [main] com.ajio.keyword.Keyword 
  INFO  Deleted All Cookies!!
2020-May-28 17:07:15,410 [main] com.ajio.keyword.Keyword 
  INFO  20SECONDS Page load timeout  is applied!!
2020-May-28 17:07:15,418 [main] com.ajio.keyword.Keyword 
  INFO  20SECONDS Implicit Wait is applied!!
2020-May-28 17:07:15,423 [main] com.ajio.keyword.Keyword 
  INFO  Splitting locatorName: signIn/JoinAjio
2020-May-28 17:07:15,427 [main] com.ajio.keyword.Keyword 
  INFO  Locator Type: xpath
2020-May-28 17:07:15,427 [main] com.ajio.keyword.Keyword 
  INFO  Locator Value: //span[@class="login-form login-modal"]
2020-May-28 17:07:15,671 [main] com.ajio.keyword.Keyword 
  INFO  Clicked on signIn/JoinAjio
2020-May-28 17:07:15,671 [main] com.ajio.keyword.Keyword 
  INFO  Splitting locatorName: email
2020-May-28 17:07:15,671 [main] com.ajio.keyword.Keyword 
  INFO  Locator Type: xpath
2020-May-28 17:07:15,675 [main] com.ajio.keyword.Keyword 
  INFO  Locator Value: //input[@name="username"]
2020-May-28 17:07:16,142 [main] com.ajio.keyword.Keyword 
  INFO  Splitting locatorName: continue
2020-May-28 17:07:16,142 [main] com.ajio.keyword.Keyword 
  INFO  Locator Type: xpath
2020-May-28 17:07:16,142 [main] com.ajio.keyword.Keyword 
  INFO  Locator Value: //input[@value="Continue"]
2020-May-28 17:07:16,374 [main] com.ajio.keyword.Keyword 
  INFO  Clicked on continue
2020-May-28 17:07:16,374 [main] com.ajio.keyword.Keyword 
  INFO  Splitting locatorName: password
2020-May-28 17:07:16,374 [main] com.ajio.keyword.Keyword 
  INFO  Locator Type: xpath
2020-May-28 17:07:16,374 [main] com.ajio.keyword.Keyword 
  INFO  Locator Value: //input[@name="pwd"]
2020-May-28 17:07:17,577 [main] com.ajio.keyword.Keyword 
  INFO  Splitting locatorName: sendOTP
2020-May-28 17:07:17,577 [main] com.ajio.keyword.Keyword 
  INFO  Locator Type: xpath
2020-May-28 17:07:17,577 [main] com.ajio.keyword.Keyword 
  INFO  Locator Value: //input[@value="SEND OTP"]
2020-May-28 17:07:17,665 [main] com.ajio.keyword.Keyword 
  INFO  Clicked on sendOTP
2020-May-28 17:07:17,665 [main] com.ajio.keyword.Keyword 
  INFO  Splitting locatorName: passErrorMsg
2020-May-28 17:07:17,665 [main] com.ajio.keyword.Keyword 
  INFO  Locator Type: xpath
2020-May-28 17:07:17,665 [main] com.ajio.keyword.Keyword 
  INFO  Locator Value: //div[contains(text(),"Password should have")]
2020-May-28 17:07:17,705 [main] com.ajio.keyword.Keyword 
  INFO  Password should have a minimum of 8 characters with atleast one number, one alphabet and one special character. returned Text !!
2020-May-28 17:07:21,864 [main] com.ajio.keyword.Keyword 
  INFO  Current browser window is Closed!!
