2020-May-29 16:46:00,736 [main] com.ajio.keyword.Keyword 
  INFO  Current browser window is Closed!!
2020-May-29 16:46:06,658 [main] com.ajio.keyword.Keyword 
  INFO  chrome is opened!! 
2020-May-29 16:46:10,830 [main] com.ajio.keyword.Keyword 
  INFO  Maximized Browser Window!!
2020-May-29 16:46:17,560 [main] com.ajio.keyword.Keyword 
  INFO  https://www.ajio.com is launched!!
2020-May-29 16:46:19,770 [main] com.ajio.keyword.Keyword 
  INFO  Deleted All Cookies!!
2020-May-29 16:46:19,774 [main] com.ajio.keyword.Keyword 
  INFO  20SECONDS Page load timeout  is applied!!
2020-May-29 16:46:19,778 [main] com.ajio.keyword.Keyword 
  INFO  20SECONDS Implicit Wait is applied!!
2020-May-29 16:46:19,781 [main] com.ajio.keyword.Keyword 
  INFO  Splitting locatorName: signIn/JoinAjio
2020-May-29 16:46:19,783 [main] com.ajio.keyword.Keyword 
  INFO  Locator Type: xpath
2020-May-29 16:46:19,783 [main] com.ajio.keyword.Keyword 
  INFO  Locator Value: //span[@class="login-form login-modal"]
2020-May-29 16:46:19,931 [main] com.ajio.keyword.Keyword 
  INFO  Clicked on signIn/JoinAjio
2020-May-29 16:46:19,931 [main] com.ajio.keyword.Keyword 
  INFO  Splitting locatorName: email
2020-May-29 16:46:19,931 [main] com.ajio.keyword.Keyword 
  INFO  Locator Type: xpath
2020-May-29 16:46:19,931 [main] com.ajio.keyword.Keyword 
  INFO  Locator Value: //input[@name="username"]
2020-May-29 16:46:21,094 [main] com.ajio.keyword.Keyword 
  INFO  Splitting locatorName: continue
2020-May-29 16:46:21,094 [main] com.ajio.keyword.Keyword 
  INFO  Locator Type: xpath
2020-May-29 16:46:21,094 [main] com.ajio.keyword.Keyword 
  INFO  Locator Value: //input[@value="Continue"]
2020-May-29 16:46:21,245 [main] com.ajio.keyword.Keyword 
  INFO  Clicked on continue
2020-May-29 16:46:21,249 [main] com.ajio.keyword.Keyword 
  INFO  Splitting locatorName: startShopping
2020-May-29 16:46:21,249 [main] com.ajio.keyword.Keyword 
  INFO  Locator Type: xpath
2020-May-29 16:46:21,249 [main] com.ajio.keyword.Keyword 
  INFO  Locator Value: //input[@value="START SHOPPING"]
2020-May-29 16:46:22,257 [main] com.ajio.keyword.Keyword 
  INFO  Clicked on startShopping
2020-May-29 16:46:22,257 [main] com.ajio.keyword.Keyword 
  INFO  Splitting locatorName: passErrorMsg1
2020-May-29 16:46:22,257 [main] com.ajio.keyword.Keyword 
  INFO  Locator Type: xpath
2020-May-29 16:46:22,257 [main] com.ajio.keyword.Keyword 
  INFO  Locator Value: //div[text()='Please enter a valid password']
2020-May-29 16:46:22,309 [main] com.ajio.keyword.Keyword 
  INFO  Please enter a valid password returned Text !!
2020-May-29 16:46:26,536 [main] com.ajio.keyword.Keyword 
  INFO  Current browser window is Closed!!
2020-May-29 16:46:32,372 [main] com.ajio.keyword.Keyword 
  INFO  chrome is opened!! 
2020-May-29 16:46:36,565 [main] com.ajio.keyword.Keyword 
  INFO  Maximized Browser Window!!
2020-May-29 16:46:43,316 [main] com.ajio.keyword.Keyword 
  INFO  https://www.ajio.com is launched!!
2020-May-29 16:46:45,873 [main] com.ajio.keyword.Keyword 
  INFO  Deleted All Cookies!!
2020-May-29 16:46:45,893 [main] com.ajio.keyword.Keyword 
  INFO  20SECONDS Page load timeout  is applied!!
2020-May-29 16:46:45,903 [main] com.ajio.keyword.Keyword 
  INFO  20SECONDS Implicit Wait is applied!!
2020-May-29 16:46:45,903 [main] com.ajio.keyword.Keyword 
  INFO  Splitting locatorName: signIn/JoinAjio
2020-May-29 16:46:45,903 [main] com.ajio.keyword.Keyword 
  INFO  Locator Type: xpath
2020-May-29 16:46:45,903 [main] com.ajio.keyword.Keyword 
  INFO  Locator Value: //span[@class="login-form login-modal"]
2020-May-29 16:46:46,050 [main] com.ajio.keyword.Keyword 
  INFO  Clicked on signIn/JoinAjio
2020-May-29 16:46:46,050 [main] com.ajio.keyword.Keyword 
  INFO  Splitting locatorName: email
2020-May-29 16:46:46,050 [main] com.ajio.keyword.Keyword 
  INFO  Locator Type: xpath
2020-May-29 16:46:46,050 [main] com.ajio.keyword.Keyword 
  INFO  Locator Value: //input[@name="username"]
2020-May-29 16:46:46,256 [main] com.ajio.keyword.Keyword 
  INFO  Splitting locatorName: continue
2020-May-29 16:46:46,256 [main] com.ajio.keyword.Keyword 
  INFO  Locator Type: xpath
2020-May-29 16:46:46,256 [main] com.ajio.keyword.Keyword 
  INFO  Locator Value: //input[@value="Continue"]
2020-May-29 16:46:46,399 [main] com.ajio.keyword.Keyword 
  INFO  Clicked on continue
2020-May-29 16:46:46,399 [main] com.ajio.keyword.Keyword 
  INFO  Splitting locatorName: emailErrorMsg
2020-May-29 16:46:46,399 [main] com.ajio.keyword.Keyword 
  INFO  Locator Type: xpath
2020-May-29 16:46:46,399 [main] com.ajio.keyword.Keyword 
  INFO  Locator Value: //div[@id="error-msg"]
2020-May-29 16:46:46,471 [main] com.ajio.keyword.Keyword 
  INFO  Please enter a valid Mobile Number/Email. returned Text !!
2020-May-29 16:46:50,934 [main] com.ajio.keyword.Keyword 
  INFO  Current browser window is Closed!!
2020-May-29 16:46:56,676 [main] com.ajio.keyword.Keyword 
  INFO  chrome is opened!! 
