2020-May-31 01:57:36,484 [main] com.ajio.keyword.Keyword 
  INFO  chrome is opened!! 
2020-May-31 01:57:40,682 [main] com.ajio.keyword.Keyword 
  INFO  Maximized Browser Window!!
2020-May-31 01:57:41,836 [main] com.ajio.keyword.Keyword 
  INFO  https://www.ajio.com is launched!!
2020-May-31 01:57:41,856 [main] com.ajio.keyword.Keyword 
  INFO  Deleted All Cookies!!
2020-May-31 01:57:41,864 [main] com.ajio.keyword.Keyword 
  INFO  20SECONDS Page load timeout  is applied!!
2020-May-31 01:57:41,869 [main] com.ajio.keyword.Keyword 
  INFO  20SECONDS Implicit Wait is applied!!
2020-May-31 01:57:41,891 [main] com.ajio.keyword.Keyword 
  INFO  www.ajio.com  :Returned Current Webpage Title!!
2020-May-31 01:57:42,292 [main] com.ajio.keyword.Keyword 
  INFO  Screenshot taken Successfully!!
2020-May-31 01:57:48,309 [main] com.ajio.keyword.Keyword 
  INFO  chrome is opened!! 
2020-May-31 01:57:52,449 [main] com.ajio.keyword.Keyword 
  INFO  Maximized Browser Window!!
2020-May-31 01:57:52,968 [main] com.ajio.keyword.Keyword 
  INFO  https://www.ajio.com is launched!!
2020-May-31 01:57:53,024 [main] com.ajio.keyword.Keyword 
  INFO  Deleted All Cookies!!
2020-May-31 01:57:53,032 [main] com.ajio.keyword.Keyword 
  INFO  20SECONDS Page load timeout  is applied!!
2020-May-31 01:57:53,039 [main] com.ajio.keyword.Keyword 
  INFO  20SECONDS Implicit Wait is applied!!
