2020-May-28 02:29:40,418 [main] com.ajio.keyword.Keyword 
  INFO  chrome is opened!! 
2020-May-28 02:29:44,572 [main] com.ajio.keyword.Keyword 
  INFO  Maximized Browser Window!!
2020-May-28 02:29:53,199 [main] com.ajio.keyword.Keyword 
  INFO  https://www.ajio.com is launched!!
2020-May-28 02:29:56,723 [main] com.ajio.keyword.Keyword 
  INFO  Deleted All Cookies!!
2020-May-28 02:29:56,737 [main] com.ajio.keyword.Keyword 
  INFO  20SECONDS Page load timeout  is applied!!
2020-May-28 02:29:56,744 [main] com.ajio.keyword.Keyword 
  INFO  20SECONDS Implicit Wait is applied!!
2020-May-28 02:29:56,769 [main] com.ajio.keyword.Keyword 
  INFO  Splitting locatorName: signIn/JoinAjio
2020-May-28 02:29:56,774 [main] com.ajio.keyword.Keyword 
  INFO  Locator Type: xpath
2020-May-28 02:29:56,776 [main] com.ajio.keyword.Keyword 
  INFO  Locator Value: //span[@class="login-form login-modal"]
2020-May-28 02:29:57,144 [main] com.ajio.keyword.Keyword 
  INFO  Clicked on signIn/JoinAjio
2020-May-28 02:29:57,144 [main] com.ajio.keyword.Keyword 
  INFO  Splitting locatorName: email
2020-May-28 02:29:57,145 [main] com.ajio.keyword.Keyword 
  INFO  Locator Type: xpath
2020-May-28 02:29:57,147 [main] com.ajio.keyword.Keyword 
  INFO  Locator Value: //input[@name="username"]
2020-May-28 02:29:57,427 [main] com.ajio.keyword.Keyword 
  INFO  Splitting locatorName: continue
2020-May-28 02:29:57,428 [main] com.ajio.keyword.Keyword 
  INFO  Locator Type: xpath
2020-May-28 02:29:57,428 [main] com.ajio.keyword.Keyword 
  INFO  Locator Value: //input[@value="Continue"]
2020-May-28 02:29:57,549 [main] com.ajio.keyword.Keyword 
  INFO  Clicked on continue
2020-May-28 02:29:57,549 [main] com.ajio.keyword.Keyword 
  INFO  Splitting locatorName: name
2020-May-28 02:29:57,550 [main] com.ajio.keyword.Keyword 
  INFO  Locator Type: xpath
2020-May-28 02:29:57,550 [main] com.ajio.keyword.Keyword 
  INFO  Locator Value: //input[@name="user-name"]
2020-May-28 02:29:58,985 [main] com.ajio.keyword.Keyword 
  INFO  Splitting locatorName: sendOTP
2020-May-28 02:29:58,986 [main] com.ajio.keyword.Keyword 
  INFO  Locator Type: xpath
2020-May-28 02:29:58,987 [main] com.ajio.keyword.Keyword 
  INFO  Locator Value: //input[@value="SEND OTP"]
2020-May-28 02:29:59,124 [main] com.ajio.keyword.Keyword 
  INFO  Clicked on sendOTP
2020-May-28 02:29:59,124 [main] com.ajio.keyword.Keyword 
  INFO  Splitting locatorName: nameErrorMsg
2020-May-28 02:29:59,125 [main] com.ajio.keyword.Keyword 
  INFO  Locator Type: xpath
2020-May-28 02:29:59,127 [main] com.ajio.keyword.Keyword 
  INFO  Locator Value: //div[text()='Use only alphabets and an optional single space between words.']
