2020-Jun-01 21:16:08,626 [main] com.ajio.keyword.Keyword 
  INFO  chrome is opened!! 
2020-Jun-01 21:16:12,809 [main] com.ajio.keyword.Keyword 
  INFO  Maximized Browser Window!!
2020-Jun-01 21:16:21,288 [main] com.ajio.keyword.Keyword 
  INFO  https://www.ajio.com is launched!!
2020-Jun-01 21:16:24,925 [main] com.ajio.keyword.Keyword 
  INFO  Deleted All Cookies!!
2020-Jun-01 21:16:24,937 [main] com.ajio.keyword.Keyword 
  INFO  20SECONDS Page load timeout  is applied!!
2020-Jun-01 21:16:24,949 [main] com.ajio.keyword.Keyword 
  INFO  20SECONDS Implicit Wait is applied!!
2020-Jun-01 21:16:25,030 [main] com.ajio.PageTests.HomepagePageTests 
  INFO  Shop women Link is visible
2020-Jun-01 21:16:30,605 [main] com.ajio.keyword.Keyword 
  INFO  Online Shopping for Women – Clothing, Footwear, Fashion & Accessories | AJIO  :Returned Current Webpage Title!!
2020-Jun-01 21:16:41,830 [main] com.ajio.keyword.Keyword 
  INFO  chrome is opened!! 
2020-Jun-01 21:16:45,979 [main] com.ajio.keyword.Keyword 
  INFO  Maximized Browser Window!!
2020-Jun-01 21:16:54,414 [main] com.ajio.keyword.Keyword 
  INFO  https://www.ajio.com is launched!!
2020-Jun-01 21:16:57,575 [main] com.ajio.keyword.Keyword 
  INFO  Deleted All Cookies!!
2020-Jun-01 21:16:57,587 [main] com.ajio.keyword.Keyword 
  INFO  20SECONDS Page load timeout  is applied!!
2020-Jun-01 21:16:57,599 [main] com.ajio.keyword.Keyword 
  INFO  20SECONDS Implicit Wait is applied!!
2020-Jun-01 21:16:57,689 [main] com.ajio.PageTests.HomepagePageTests 
  INFO  Shop men Link is visible
