2020-May-29 02:56:28,645 [main] com.ajio.keyword.Keyword 
  INFO  chrome is opened!! 
2020-May-29 02:56:32,833 [main] com.ajio.keyword.Keyword 
  INFO  Maximized Browser Window!!
2020-May-29 02:56:37,903 [main] com.ajio.keyword.Keyword 
  INFO  https://www.ajio.com is launched!!
2020-May-29 02:56:40,922 [main] com.ajio.keyword.Keyword 
  INFO  Deleted All Cookies!!
2020-May-29 02:56:40,934 [main] com.ajio.keyword.Keyword 
  INFO  20SECONDS Page load timeout  is applied!!
2020-May-29 02:56:40,942 [main] com.ajio.keyword.Keyword 
  INFO  20SECONDS Implicit Wait is applied!!
2020-May-29 02:56:40,969 [main] com.ajio.keyword.Keyword 
  INFO  Splitting locatorName: signIn/JoinAjio
2020-May-29 02:56:40,973 [main] com.ajio.keyword.Keyword 
  INFO  Locator Type: xpath
2020-May-29 02:56:40,989 [main] com.ajio.keyword.Keyword 
  INFO  Locator Value: //span[@class="login-form login-modal"]
2020-May-29 02:56:41,253 [main] com.ajio.keyword.Keyword 
  INFO  Clicked on signIn/JoinAjio
2020-May-29 02:56:41,265 [main] com.ajio.keyword.Keyword 
  INFO  Splitting locatorName: googleSignIn
2020-May-29 02:56:41,265 [main] com.ajio.keyword.Keyword 
  INFO  Locator Type: xpath
2020-May-29 02:56:41,265 [main] com.ajio.keyword.Keyword 
  INFO  Locator Value: //span[text()='GOOGLE']
2020-May-29 02:56:41,425 [main] com.ajio.keyword.Keyword 
  INFO  Clicked on googleSignIn
2020-May-29 02:56:41,453 [main] com.ajio.keyword.Keyword 
  INFO  5SECONDS Explicit wait is applied!!
