2020-May-28 23:59:03,011 [main] com.ajio.keyword.Keyword 
  INFO  Maximized Browser Window!!
2020-May-28 23:59:08,883 [main] com.ajio.keyword.Keyword 
  INFO  https://www.ajio.com is launched!!
2020-May-28 23:59:11,543 [main] com.ajio.keyword.Keyword 
  INFO  Deleted All Cookies!!
2020-May-28 23:59:11,546 [main] com.ajio.keyword.Keyword 
  INFO  20SECONDS Page load timeout  is applied!!
2020-May-28 23:59:11,551 [main] com.ajio.keyword.Keyword 
  INFO  20SECONDS Implicit Wait is applied!!
2020-May-28 23:59:11,553 [main] com.ajio.keyword.Keyword 
  INFO  Splitting locatorName: signIn/JoinAjio
2020-May-28 23:59:11,554 [main] com.ajio.keyword.Keyword 
  INFO  Locator Type: xpath
2020-May-28 23:59:11,557 [main] com.ajio.keyword.Keyword 
  INFO  Locator Value: //span[@class="login-form login-modal"]
2020-May-28 23:59:11,715 [main] com.ajio.keyword.Keyword 
  INFO  Clicked on signIn/JoinAjio
2020-May-28 23:59:11,716 [main] com.ajio.keyword.Keyword 
  INFO  Splitting locatorName: email
2020-May-28 23:59:11,716 [main] com.ajio.keyword.Keyword 
  INFO  Locator Type: xpath
2020-May-28 23:59:11,717 [main] com.ajio.keyword.Keyword 
  INFO  Locator Value: //input[@name="username"]
2020-May-28 23:59:11,907 [main] com.ajio.keyword.Keyword 
  INFO  Splitting locatorName: continue
2020-May-28 23:59:11,907 [main] com.ajio.keyword.Keyword 
  INFO  Locator Type: xpath
2020-May-28 23:59:11,909 [main] com.ajio.keyword.Keyword 
  INFO  Locator Value: //input[@value="Continue"]
2020-May-28 23:59:12,016 [main] com.ajio.keyword.Keyword 
  INFO  Clicked on continue
2020-May-28 23:59:12,016 [main] com.ajio.keyword.Keyword 
  INFO  Splitting locatorName: emailErrorMsg
2020-May-28 23:59:12,017 [main] com.ajio.keyword.Keyword 
  INFO  Locator Type: xpath
2020-May-28 23:59:12,019 [main] com.ajio.keyword.Keyword 
  INFO  Locator Value: //div[@id="error-msg"]
2020-May-28 23:59:12,067 [main] com.ajio.keyword.Keyword 
  INFO  Please enter a valid Mobile Number/Email. returned Text !!
2020-May-28 23:59:12,673 [main] com.ajio.keyword.Keyword 
  INFO  Screenshot taken Successfully!!
2020-May-28 23:59:13,284 [main] com.ajio.keyword.Keyword 
  INFO  Current browser window is Closed!!
2020-May-28 23:59:19,046 [main] com.ajio.keyword.Keyword 
  INFO  chrome is opened!! 
2020-May-28 23:59:23,183 [main] com.ajio.keyword.Keyword 
  INFO  Maximized Browser Window!!
2020-May-28 23:59:31,748 [main] com.ajio.keyword.Keyword 
  INFO  https://www.ajio.com is launched!!
2020-May-28 23:59:34,544 [main] com.ajio.keyword.Keyword 
  INFO  Deleted All Cookies!!
2020-May-28 23:59:34,548 [main] com.ajio.keyword.Keyword 
  INFO  20SECONDS Page load timeout  is applied!!
2020-May-28 23:59:34,552 [main] com.ajio.keyword.Keyword 
  INFO  20SECONDS Implicit Wait is applied!!
2020-May-28 23:59:34,553 [main] com.ajio.keyword.Keyword 
  INFO  Splitting locatorName: signIn/JoinAjio
2020-May-28 23:59:34,554 [main] com.ajio.keyword.Keyword 
  INFO  Locator Type: xpath
2020-May-28 23:59:34,555 [main] com.ajio.keyword.Keyword 
  INFO  Locator Value: //span[@class="login-form login-modal"]
2020-May-28 23:59:34,716 [main] com.ajio.keyword.Keyword 
  INFO  Clicked on signIn/JoinAjio
2020-May-28 23:59:34,716 [main] com.ajio.keyword.Keyword 
  INFO  Splitting locatorName: email
2020-May-28 23:59:34,718 [main] com.ajio.keyword.Keyword 
  INFO  Locator Type: xpath
2020-May-28 23:59:34,719 [main] com.ajio.keyword.Keyword 
  INFO  Locator Value: //input[@name="username"]
2020-May-28 23:59:35,036 [main] com.ajio.keyword.Keyword 
  INFO  Splitting locatorName: password1
2020-May-28 23:59:35,036 [main] com.ajio.keyword.Keyword 
  INFO  Locator Type: xpath
2020-May-28 23:59:35,038 [main] com.ajio.keyword.Keyword 
  INFO  Locator Value: //input[@name="password"]
2020-May-28 23:59:55,620 [main] com.ajio.keyword.Keyword 
  INFO  Screenshot taken Successfully!!
2020-May-28 23:59:59,725 [main] com.ajio.keyword.Keyword 
  INFO  Current browser window is Closed!!
