2020-May-29 16:30:00,218 [main] com.ajio.keyword.Keyword 
  INFO  https://www.ajio.com is launched!!
2020-May-29 16:30:02,928 [main] com.ajio.keyword.Keyword 
  INFO  Deleted All Cookies!!
2020-May-29 16:30:02,936 [main] com.ajio.keyword.Keyword 
  INFO  20SECONDS Page load timeout  is applied!!
2020-May-29 16:30:02,944 [main] com.ajio.keyword.Keyword 
  INFO  20SECONDS Implicit Wait is applied!!
2020-May-29 16:30:02,948 [main] com.ajio.keyword.Keyword 
  INFO  Splitting locatorName: signIn/JoinAjio
2020-May-29 16:30:02,952 [main] com.ajio.keyword.Keyword 
  INFO  Locator Type: xpath
2020-May-29 16:30:02,956 [main] com.ajio.keyword.Keyword 
  INFO  Locator Value: //span[@class="login-form login-modal"]
2020-May-29 16:30:03,328 [main] com.ajio.keyword.Keyword 
  INFO  Clicked on signIn/JoinAjio
2020-May-29 16:30:03,336 [main] com.ajio.keyword.Keyword 
  INFO  Splitting locatorName: facebookSignIn
2020-May-29 16:30:03,336 [main] com.ajio.keyword.Keyword 
  INFO  Locator Type: xpath
2020-May-29 16:30:03,340 [main] com.ajio.keyword.Keyword 
  INFO  Locator Value: //div[@class="fb-login"]
2020-May-29 16:30:03,672 [main] com.ajio.keyword.Keyword 
  INFO  Clicked on facebookSignIn
2020-May-29 16:30:03,672 [main] com.ajio.keyword.Keyword 
  INFO  5SECONDS Explicit wait is applied!!
2020-May-29 16:30:09,101 [main] com.ajio.keyword.Keyword 
  INFO  Splitting locatorName: facebookEmail
2020-May-29 16:30:09,101 [main] com.ajio.keyword.Keyword 
  INFO  Locator Type: xpath
2020-May-29 16:30:09,101 [main] com.ajio.keyword.Keyword 
  INFO  Locator Value: //input[@id="email"]
2020-May-29 16:30:09,329 [main] com.ajio.keyword.Keyword 
  INFO  Splitting locatorName: facebookPass
2020-May-29 16:30:09,329 [main] com.ajio.keyword.Keyword 
  INFO  Locator Type: xpath
2020-May-29 16:30:09,333 [main] com.ajio.keyword.Keyword 
  INFO  Locator Value: //input[@id="pass"]
2020-May-29 16:30:09,474 [main] com.ajio.keyword.Keyword 
  INFO  Splitting locatorName: facebookLogin
2020-May-29 16:30:09,474 [main] com.ajio.keyword.Keyword 
  INFO  Locator Type: xpath
2020-May-29 16:30:09,478 [main] com.ajio.keyword.Keyword 
  INFO  Locator Value: //input[@name="login"]
2020-May-29 16:30:09,598 [main] com.ajio.keyword.Keyword 
  INFO  Clicked on facebookLogin
2020-May-29 16:30:09,598 [main] com.ajio.keyword.Keyword 
  INFO  10SECONDS Explicit wait is applied!!
2020-May-29 16:30:09,638 [main] com.ajio.keyword.Keyword 
  INFO  Splitting locatorName: signOut
2020-May-29 16:30:09,642 [main] com.ajio.keyword.Keyword 
  INFO  Locator Type: xpath
2020-May-29 16:30:09,642 [main] com.ajio.keyword.Keyword 
  INFO  Locator Value: //a[text()='Sign Out']
2020-May-29 16:30:23,500 [main] com.ajio.keyword.Keyword 
  INFO  Current browser window is Closed!!
