2020-May-31 01:42:03,813 [main] com.ajio.keyword.Keyword 
  INFO  Deleted All Cookies!!
2020-May-31 01:42:03,822 [main] com.ajio.keyword.Keyword 
  INFO  20SECONDS Page load timeout  is applied!!
2020-May-31 01:42:03,827 [main] com.ajio.keyword.Keyword 
  INFO  20SECONDS Implicit Wait is applied!!
2020-May-31 01:42:09,861 [main] com.ajio.keyword.Keyword 
  INFO  AJIO  :Returned Current Webpage Title!!
2020-May-31 01:42:16,554 [main] com.ajio.keyword.Keyword 
  INFO  chrome is opened!! 
2020-May-31 01:42:21,067 [main] com.ajio.keyword.Keyword 
  INFO  Maximized Browser Window!!
2020-May-31 01:42:29,909 [main] com.ajio.keyword.Keyword 
  INFO  https://www.ajio.com is launched!!
2020-May-31 01:42:34,170 [main] com.ajio.keyword.Keyword 
  INFO  Deleted All Cookies!!
2020-May-31 01:42:34,178 [main] com.ajio.keyword.Keyword 
  INFO  20SECONDS Page load timeout  is applied!!
2020-May-31 01:42:34,182 [main] com.ajio.keyword.Keyword 
  INFO  20SECONDS Implicit Wait is applied!!
2020-May-31 01:42:35,424 [main] com.ajio.keyword.Keyword 
  INFO  Screenshot taken Successfully!!
2020-May-31 01:42:41,950 [main] com.ajio.keyword.Keyword 
  INFO  chrome is opened!! 
2020-May-31 01:42:46,253 [main] com.ajio.keyword.Keyword 
  INFO  Maximized Browser Window!!
2020-May-31 01:42:57,499 [main] com.ajio.keyword.Keyword 
  INFO  https://www.ajio.com is launched!!
2020-May-31 01:42:58,783 [main] com.ajio.keyword.Keyword 
  INFO  Deleted All Cookies!!
2020-May-31 01:42:58,787 [main] com.ajio.keyword.Keyword 
  INFO  20SECONDS Page load timeout  is applied!!
2020-May-31 01:42:58,791 [main] com.ajio.keyword.Keyword 
  INFO  20SECONDS Implicit Wait is applied!!
