2020-May-29 02:16:41,202 [main] com.ajio.keyword.Keyword 
  INFO  chrome is opened!! 
2020-May-29 02:16:45,417 [main] com.ajio.keyword.Keyword 
  INFO  Maximized Browser Window!!
2020-May-29 02:16:51,860 [main] com.ajio.keyword.Keyword 
  INFO  https://www.ajio.com is launched!!
2020-May-29 02:16:55,609 [main] com.ajio.keyword.Keyword 
  INFO  Deleted All Cookies!!
2020-May-29 02:16:55,617 [main] com.ajio.keyword.Keyword 
  INFO  20SECONDS Page load timeout  is applied!!
2020-May-29 02:16:55,621 [main] com.ajio.keyword.Keyword 
  INFO  20SECONDS Implicit Wait is applied!!
2020-May-29 02:16:55,630 [main] com.ajio.keyword.Keyword 
  INFO  Splitting locatorName: signIn/JoinAjio
2020-May-29 02:16:55,630 [main] com.ajio.keyword.Keyword 
  INFO  Locator Type: xpath
2020-May-29 02:16:55,634 [main] com.ajio.keyword.Keyword 
  INFO  Locator Value: //span[@class="login-form login-modal"]
2020-May-29 02:16:55,774 [main] com.ajio.keyword.Keyword 
  INFO  Clicked on signIn/JoinAjio
2020-May-29 02:16:55,790 [main] com.ajio.keyword.Keyword 
  INFO  Splitting locatorName: facebookSignIn
2020-May-29 02:16:55,790 [main] com.ajio.keyword.Keyword 
  INFO  Locator Type: xpath
2020-May-29 02:16:55,790 [main] com.ajio.keyword.Keyword 
  INFO  Locator Value: //div[@class="fb-login"]
2020-May-29 02:16:55,958 [main] com.ajio.keyword.Keyword 
  INFO  Clicked on facebookSignIn
2020-May-29 02:16:55,986 [main] com.ajio.keyword.Keyword 
  INFO  8SECONDS Explicit wait is applied!!
