2020-May-29 16:47:00,840 [main] com.ajio.keyword.Keyword 
  INFO  Maximized Browser Window!!
2020-May-29 16:47:07,304 [main] com.ajio.keyword.Keyword 
  INFO  https://www.ajio.com is launched!!
2020-May-29 16:47:09,657 [main] com.ajio.keyword.Keyword 
  INFO  Deleted All Cookies!!
2020-May-29 16:47:09,669 [main] com.ajio.keyword.Keyword 
  INFO  20SECONDS Page load timeout  is applied!!
2020-May-29 16:47:09,677 [main] com.ajio.keyword.Keyword 
  INFO  20SECONDS Implicit Wait is applied!!
2020-May-29 16:47:09,684 [main] com.ajio.keyword.Keyword 
  INFO  Splitting locatorName: signIn/JoinAjio
2020-May-29 16:47:09,684 [main] com.ajio.keyword.Keyword 
  INFO  Locator Type: xpath
2020-May-29 16:47:09,688 [main] com.ajio.keyword.Keyword 
  INFO  Locator Value: //span[@class="login-form login-modal"]
2020-May-29 16:47:09,987 [main] com.ajio.keyword.Keyword 
  INFO  Clicked on signIn/JoinAjio
2020-May-29 16:47:09,987 [main] com.ajio.keyword.Keyword 
  INFO  Splitting locatorName: email
2020-May-29 16:47:09,987 [main] com.ajio.keyword.Keyword 
  INFO  Locator Type: xpath
2020-May-29 16:47:09,987 [main] com.ajio.keyword.Keyword 
  INFO  Locator Value: //input[@name="username"]
2020-May-29 16:47:10,243 [main] com.ajio.keyword.Keyword 
  INFO  Splitting locatorName: continue
2020-May-29 16:47:10,243 [main] com.ajio.keyword.Keyword 
  INFO  Locator Type: xpath
2020-May-29 16:47:10,243 [main] com.ajio.keyword.Keyword 
  INFO  Locator Value: //input[@value="Continue"]
2020-May-29 16:47:10,367 [main] com.ajio.keyword.Keyword 
  INFO  Clicked on continue
2020-May-29 16:47:10,367 [main] com.ajio.keyword.Keyword 
  INFO  Splitting locatorName: loginpassword
2020-May-29 16:47:10,367 [main] com.ajio.keyword.Keyword 
  INFO  Locator Type: xpath
2020-May-29 16:47:10,367 [main] com.ajio.keyword.Keyword 
  INFO  Locator Value: //input[@name="password"]
2020-May-29 16:47:11,415 [main] com.ajio.keyword.Keyword 
  INFO  Splitting locatorName: startShopping
2020-May-29 16:47:11,415 [main] com.ajio.keyword.Keyword 
  INFO  Locator Type: xpath
2020-May-29 16:47:11,415 [main] com.ajio.keyword.Keyword 
  INFO  Locator Value: //input[@value="START SHOPPING"]
2020-May-29 16:47:11,496 [main] com.ajio.keyword.Keyword 
  INFO  Clicked on startShopping
2020-May-29 16:47:11,516 [main] com.ajio.keyword.Keyword 
  INFO  3SECONDS Explicit wait is applied!!
2020-May-29 16:47:11,516 [main] com.ajio.keyword.Keyword 
  INFO  Splitting locatorName: passErrorMsg2
2020-May-29 16:47:11,516 [main] com.ajio.keyword.Keyword 
  INFO  Locator Type: xpath
2020-May-29 16:47:11,516 [main] com.ajio.keyword.Keyword 
  INFO  Locator Value: //div[text()='Wrong Password Entered'] 
2020-May-29 16:47:12,024 [main] com.ajio.keyword.Keyword 
  INFO  Wrong Password Entered returned Text !!
2020-May-29 16:47:16,209 [main] com.ajio.keyword.Keyword 
  INFO  Current browser window is Closed!!
2020-May-29 16:47:22,029 [main] com.ajio.keyword.Keyword 
  INFO  chrome is opened!! 
2020-May-29 16:47:26,199 [main] com.ajio.keyword.Keyword 
  INFO  Maximized Browser Window!!
2020-May-29 16:47:31,008 [main] com.ajio.keyword.Keyword 
  INFO  https://www.ajio.com is launched!!
2020-May-29 16:47:34,705 [main] com.ajio.keyword.Keyword 
  INFO  Deleted All Cookies!!
2020-May-29 16:47:34,709 [main] com.ajio.keyword.Keyword 
  INFO  20SECONDS Page load timeout  is applied!!
2020-May-29 16:47:34,725 [main] com.ajio.keyword.Keyword 
  INFO  20SECONDS Implicit Wait is applied!!
2020-May-29 16:47:34,729 [main] com.ajio.keyword.Keyword 
  INFO  Splitting locatorName: signIn/JoinAjio
2020-May-29 16:47:34,733 [main] com.ajio.keyword.Keyword 
  INFO  Locator Type: xpath
2020-May-29 16:47:34,733 [main] com.ajio.keyword.Keyword 
  INFO  Locator Value: //span[@class="login-form login-modal"]
2020-May-29 16:47:34,945 [main] com.ajio.keyword.Keyword 
  INFO  Clicked on signIn/JoinAjio
2020-May-29 16:47:34,945 [main] com.ajio.keyword.Keyword 
  INFO  Splitting locatorName: email
2020-May-29 16:47:34,949 [main] com.ajio.keyword.Keyword 
  INFO  Locator Type: xpath
2020-May-29 16:47:34,949 [main] com.ajio.keyword.Keyword 
  INFO  Locator Value: //input[@name="username"]
2020-May-29 16:47:35,215 [main] com.ajio.keyword.Keyword 
  INFO  Splitting locatorName: continue
2020-May-29 16:47:35,215 [main] com.ajio.keyword.Keyword 
  INFO  Locator Type: xpath
2020-May-29 16:47:35,219 [main] com.ajio.keyword.Keyword 
  INFO  Locator Value: //input[@value="Continue"]
2020-May-29 16:47:35,323 [main] com.ajio.keyword.Keyword 
  INFO  Clicked on continue
2020-May-29 16:47:35,323 [main] com.ajio.keyword.Keyword 
  INFO  Splitting locatorName: loginpassword
2020-May-29 16:47:35,323 [main] com.ajio.keyword.Keyword 
  INFO  Locator Type: xpath
2020-May-29 16:47:35,327 [main] com.ajio.keyword.Keyword 
  INFO  Locator Value: //input[@name="password"]
2020-May-29 16:47:36,578 [main] com.ajio.keyword.Keyword 
  INFO  Splitting locatorName: startShopping
2020-May-29 16:47:36,578 [main] com.ajio.keyword.Keyword 
  INFO  Locator Type: xpath
2020-May-29 16:47:36,578 [main] com.ajio.keyword.Keyword 
  INFO  Locator Value: //input[@value="START SHOPPING"]
2020-May-29 16:47:36,675 [main] com.ajio.keyword.Keyword 
  INFO  Clicked on startShopping
2020-May-29 16:47:36,675 [main] com.ajio.keyword.Keyword 
  INFO  10SECONDS Explicit wait is applied!!
2020-May-29 16:47:36,675 [main] com.ajio.keyword.Keyword 
  INFO  Splitting locatorName: signOut
2020-May-29 16:47:36,679 [main] com.ajio.keyword.Keyword 
  INFO  Locator Type: xpath
2020-May-29 16:47:36,679 [main] com.ajio.keyword.Keyword 
  INFO  Locator Value: //a[text()='Sign Out']
2020-May-29 16:47:40,258 [main] com.ajio.keyword.Keyword 
  INFO  Current browser window is Closed!!
2020-May-29 16:47:46,035 [main] com.ajio.keyword.Keyword 
  INFO  chrome is opened!! 
2020-May-29 16:47:50,238 [main] com.ajio.keyword.Keyword 
  INFO  Maximized Browser Window!!
2020-May-29 16:47:55,648 [main] com.ajio.keyword.Keyword 
  INFO  https://www.ajio.com is launched!!
2020-May-29 16:47:58,802 [main] com.ajio.keyword.Keyword 
  INFO  Deleted All Cookies!!
2020-May-29 16:47:58,806 [main] com.ajio.keyword.Keyword 
  INFO  20SECONDS Page load timeout  is applied!!
2020-May-29 16:47:58,810 [main] com.ajio.keyword.Keyword 
  INFO  20SECONDS Implicit Wait is applied!!
2020-May-29 16:47:58,812 [main] com.ajio.keyword.Keyword 
  INFO  Splitting locatorName: signIn/JoinAjio
2020-May-29 16:47:58,812 [main] com.ajio.keyword.Keyword 
  INFO  Locator Type: xpath
2020-May-29 16:47:58,813 [main] com.ajio.keyword.Keyword 
  INFO  Locator Value: //span[@class="login-form login-modal"]
2020-May-29 16:47:58,983 [main] com.ajio.keyword.Keyword 
  INFO  Clicked on signIn/JoinAjio
2020-May-29 16:47:58,987 [main] com.ajio.keyword.Keyword 
  INFO  Splitting locatorName: facebookSignIn
2020-May-29 16:47:58,987 [main] com.ajio.keyword.Keyword 
  INFO  Locator Type: xpath
2020-May-29 16:47:58,987 [main] com.ajio.keyword.Keyword 
  INFO  Locator Value: //div[@class="fb-login"]
2020-May-29 16:47:59,211 [main] com.ajio.keyword.Keyword 
  INFO  Clicked on facebookSignIn
2020-May-29 16:47:59,211 [main] com.ajio.keyword.Keyword 
  INFO  5SECONDS Explicit wait is applied!!
