2020-Jun-01 21:18:07,229 [main] com.ajio.keyword.Keyword 
  INFO  AJIO  :Returned Current Webpage Title!!
2020-Jun-01 21:18:18,354 [main] com.ajio.keyword.Keyword 
  INFO  chrome is opened!! 
2020-Jun-01 21:18:22,508 [main] com.ajio.keyword.Keyword 
  INFO  Maximized Browser Window!!
2020-Jun-01 21:18:34,308 [main] com.ajio.keyword.Keyword 
  INFO  https://www.ajio.com is launched!!
2020-Jun-01 21:18:36,612 [main] com.ajio.keyword.Keyword 
  INFO  Deleted All Cookies!!
2020-Jun-01 21:18:36,620 [main] com.ajio.keyword.Keyword 
  INFO  20SECONDS Page load timeout  is applied!!
2020-Jun-01 21:18:36,624 [main] com.ajio.keyword.Keyword 
  INFO  20SECONDS Implicit Wait is applied!!
2020-Jun-01 21:18:36,672 [main] com.ajio.PageTests.HomepagePageTests 
  INFO  signIn_JoinAjio  Link is visible
2020-Jun-01 21:18:43,489 [main] com.ajio.keyword.Keyword 
  INFO  chrome is opened!! 
2020-Jun-01 21:18:47,645 [main] com.ajio.keyword.Keyword 
  INFO  Maximized Browser Window!!
2020-Jun-01 21:18:54,454 [main] com.ajio.keyword.Keyword 
  INFO  https://www.ajio.com is launched!!
2020-Jun-01 21:18:58,115 [main] com.ajio.keyword.Keyword 
  INFO  Deleted All Cookies!!
2020-Jun-01 21:18:58,119 [main] com.ajio.keyword.Keyword 
  INFO  20SECONDS Page load timeout  is applied!!
2020-Jun-01 21:18:58,123 [main] com.ajio.keyword.Keyword 
  INFO  20SECONDS Implicit Wait is applied!!
2020-Jun-01 21:18:58,170 [main] com.ajio.PageTests.HomepagePageTests 
  INFO  CustomerCare  Link is visible
