2020-May-29 00:16:20,991 [main] com.ajio.keyword.Keyword 
  INFO  chrome is opened!! 
2020-May-29 00:16:25,154 [main] com.ajio.keyword.Keyword 
  INFO  Maximized Browser Window!!
2020-May-29 00:16:31,981 [main] com.ajio.keyword.Keyword 
  INFO  https://www.ajio.com is launched!!
2020-May-29 00:16:33,550 [main] com.ajio.keyword.Keyword 
  INFO  Deleted All Cookies!!
2020-May-29 00:16:33,555 [main] com.ajio.keyword.Keyword 
  INFO  20SECONDS Page load timeout  is applied!!
2020-May-29 00:16:33,561 [main] com.ajio.keyword.Keyword 
  INFO  20SECONDS Implicit Wait is applied!!
2020-May-29 00:16:33,569 [main] com.ajio.keyword.Keyword 
  INFO  Splitting locatorName: signIn/JoinAjio
2020-May-29 00:16:33,571 [main] com.ajio.keyword.Keyword 
  INFO  Locator Type: xpath
2020-May-29 00:16:33,572 [main] com.ajio.keyword.Keyword 
  INFO  Locator Value: //span[@class="login-form login-modal"]
2020-May-29 00:16:33,735 [main] com.ajio.keyword.Keyword 
  INFO  Clicked on signIn/JoinAjio
2020-May-29 00:16:33,735 [main] com.ajio.keyword.Keyword 
  INFO  Splitting locatorName: continue
2020-May-29 00:16:33,736 [main] com.ajio.keyword.Keyword 
  INFO  Locator Type: xpath
2020-May-29 00:16:33,737 [main] com.ajio.keyword.Keyword 
  INFO  Locator Value: //input[@value="Continue"]
2020-May-29 00:16:33,890 [main] com.ajio.keyword.Keyword 
  INFO  Clicked on continue
2020-May-29 00:16:33,890 [main] com.ajio.keyword.Keyword 
  INFO  Splitting locatorName: emailErrorMsg
2020-May-29 00:16:33,891 [main] com.ajio.keyword.Keyword 
  INFO  Locator Type: xpath
2020-May-29 00:16:33,891 [main] com.ajio.keyword.Keyword 
  INFO  Locator Value: //div[@id="error-msg"]
2020-May-29 00:16:33,935 [main] com.ajio.keyword.Keyword 
  INFO  Please enter valid Mobile Number / Email. returned Text !!
2020-May-29 00:16:34,166 [main] com.ajio.keyword.Keyword 
  INFO  Current browser window is Closed!!
2020-May-29 00:16:39,908 [main] com.ajio.keyword.Keyword 
  INFO  chrome is opened!! 
2020-May-29 00:16:44,038 [main] com.ajio.keyword.Keyword 
  INFO  Maximized Browser Window!!
2020-May-29 00:16:50,702 [main] com.ajio.keyword.Keyword 
  INFO  https://www.ajio.com is launched!!
2020-May-29 00:16:53,690 [main] com.ajio.keyword.Keyword 
  INFO  Deleted All Cookies!!
2020-May-29 00:16:53,700 [main] com.ajio.keyword.Keyword 
  INFO  20SECONDS Page load timeout  is applied!!
2020-May-29 00:16:53,713 [main] com.ajio.keyword.Keyword 
  INFO  20SECONDS Implicit Wait is applied!!
2020-May-29 00:16:53,718 [main] com.ajio.keyword.Keyword 
  INFO  Splitting locatorName: signIn/JoinAjio
2020-May-29 00:16:53,719 [main] com.ajio.keyword.Keyword 
  INFO  Locator Type: xpath
2020-May-29 00:16:53,720 [main] com.ajio.keyword.Keyword 
  INFO  Locator Value: //span[@class="login-form login-modal"]
2020-May-29 00:16:53,964 [main] com.ajio.keyword.Keyword 
  INFO  Clicked on signIn/JoinAjio
2020-May-29 00:16:53,964 [main] com.ajio.keyword.Keyword 
  INFO  Splitting locatorName: email
2020-May-29 00:16:53,965 [main] com.ajio.keyword.Keyword 
  INFO  Locator Type: xpath
2020-May-29 00:16:53,966 [main] com.ajio.keyword.Keyword 
  INFO  Locator Value: //input[@name="username"]
2020-May-29 00:16:54,463 [main] com.ajio.keyword.Keyword 
  INFO  Splitting locatorName: continue
2020-May-29 00:16:54,463 [main] com.ajio.keyword.Keyword 
  INFO  Locator Type: xpath
2020-May-29 00:16:54,464 [main] com.ajio.keyword.Keyword 
  INFO  Locator Value: //input[@value="Continue"]
2020-May-29 00:16:54,551 [main] com.ajio.keyword.Keyword 
  INFO  Clicked on continue
2020-May-29 00:16:54,551 [main] com.ajio.keyword.Keyword 
  INFO  Splitting locatorName: startShopping
2020-May-29 00:16:54,552 [main] com.ajio.keyword.Keyword 
  INFO  Locator Type: xpath
2020-May-29 00:16:54,552 [main] com.ajio.keyword.Keyword 
  INFO  Locator Value: //input[@value="START SHOPPING"]
2020-May-29 00:16:55,525 [main] com.ajio.keyword.Keyword 
  INFO  Clicked on startShopping
2020-May-29 00:16:55,525 [main] com.ajio.keyword.Keyword 
  INFO  Splitting locatorName: passErrorMsg1
2020-May-29 00:16:55,526 [main] com.ajio.keyword.Keyword 
  INFO  Locator Type: xpath
2020-May-29 00:16:55,527 [main] com.ajio.keyword.Keyword 
  INFO  Locator Value: //div[text()='Wrong Password Entered']
