2020-May-29 16:27:01,555 [main] com.ajio.keyword.Keyword 
  INFO  Deleted All Cookies!!
2020-May-29 16:27:01,563 [main] com.ajio.keyword.Keyword 
  INFO  20SECONDS Page load timeout  is applied!!
2020-May-29 16:27:01,571 [main] com.ajio.keyword.Keyword 
  INFO  20SECONDS Implicit Wait is applied!!
2020-May-29 16:27:01,571 [main] com.ajio.keyword.Keyword 
  INFO  Splitting locatorName: signIn/JoinAjio
2020-May-29 16:27:01,575 [main] com.ajio.keyword.Keyword 
  INFO  Locator Type: xpath
2020-May-29 16:27:01,575 [main] com.ajio.keyword.Keyword 
  INFO  Locator Value: //span[@class="login-form login-modal"]
2020-May-29 16:27:01,766 [main] com.ajio.keyword.Keyword 
  INFO  Clicked on signIn/JoinAjio
2020-May-29 16:27:01,782 [main] com.ajio.keyword.Keyword 
  INFO  Splitting locatorName: facebookSignIn
2020-May-29 16:27:01,884 [main] com.ajio.keyword.Keyword 
  INFO  Locator Type: xpath
2020-May-29 16:27:01,884 [main] com.ajio.keyword.Keyword 
  INFO  Locator Value: //div[@class="fb-login"]
2020-May-29 16:27:02,036 [main] com.ajio.keyword.Keyword 
  INFO  Clicked on facebookSignIn
2020-May-29 16:27:02,036 [main] com.ajio.keyword.Keyword 
  INFO  5SECONDS Explicit wait is applied!!
2020-May-29 16:27:05,485 [main] com.ajio.keyword.Keyword 
  INFO  Splitting locatorName: facebookEmail
2020-May-29 16:27:05,485 [main] com.ajio.keyword.Keyword 
  INFO  Locator Type: xpath
2020-May-29 16:27:05,485 [main] com.ajio.keyword.Keyword 
  INFO  Locator Value: //input[@id="email"]
2020-May-29 16:27:06,030 [main] com.ajio.keyword.Keyword 
  INFO  Splitting locatorName: facebookPass
2020-May-29 16:27:06,030 [main] com.ajio.keyword.Keyword 
  INFO  Locator Type: xpath
2020-May-29 16:27:06,030 [main] com.ajio.keyword.Keyword 
  INFO  Locator Value: //input[@id="pass"]
2020-May-29 16:27:06,162 [main] com.ajio.keyword.Keyword 
  INFO  Splitting locatorName: facebookLogin
2020-May-29 16:27:06,162 [main] com.ajio.keyword.Keyword 
  INFO  Locator Type: xpath
2020-May-29 16:27:06,162 [main] com.ajio.keyword.Keyword 
  INFO  Locator Value: //input[@name="login"]
2020-May-29 16:27:06,354 [main] com.ajio.keyword.Keyword 
  INFO  Clicked on facebookLogin
2020-May-29 16:27:06,354 [main] com.ajio.keyword.Keyword 
  INFO  10SECONDS Explicit wait is applied!!
2020-May-29 16:27:06,370 [main] com.ajio.keyword.Keyword 
  INFO  Splitting locatorName: signOut
2020-May-29 16:27:06,370 [main] com.ajio.keyword.Keyword 
  INFO  Locator Type: xpath
2020-May-29 16:27:06,370 [main] com.ajio.keyword.Keyword 
  INFO  Locator Value: //a[text()='Sign Out']
2020-May-29 16:27:35,558 [main] com.ajio.keyword.Keyword 
  INFO  Screenshot taken Successfully!!
2020-May-29 16:27:41,356 [main] com.ajio.keyword.Keyword 
  INFO  Current browser window is Closed!!
