2020-May-29 16:32:05,628 [main] com.ajio.keyword.Keyword 
  INFO  chrome is opened!! 
2020-May-29 16:32:09,795 [main] com.ajio.keyword.Keyword 
  INFO  Maximized Browser Window!!
2020-May-29 16:32:16,564 [main] com.ajio.keyword.Keyword 
  INFO  https://www.ajio.com is launched!!
2020-May-29 16:32:18,897 [main] com.ajio.keyword.Keyword 
  INFO  Deleted All Cookies!!
2020-May-29 16:32:18,905 [main] com.ajio.keyword.Keyword 
  INFO  20SECONDS Page load timeout  is applied!!
2020-May-29 16:32:18,917 [main] com.ajio.keyword.Keyword 
  INFO  20SECONDS Implicit Wait is applied!!
2020-May-29 16:32:18,924 [main] com.ajio.keyword.Keyword 
  INFO  Splitting locatorName: signIn/JoinAjio
2020-May-29 16:32:18,924 [main] com.ajio.keyword.Keyword 
  INFO  Locator Type: xpath
2020-May-29 16:32:18,940 [main] com.ajio.keyword.Keyword 
  INFO  Locator Value: //span[@class="login-form login-modal"]
2020-May-29 16:32:19,108 [main] com.ajio.keyword.Keyword 
  INFO  Clicked on signIn/JoinAjio
2020-May-29 16:32:19,112 [main] com.ajio.keyword.Keyword 
  INFO  Splitting locatorName: facebookSignIn
2020-May-29 16:32:19,116 [main] com.ajio.keyword.Keyword 
  INFO  Locator Type: xpath
2020-May-29 16:32:19,116 [main] com.ajio.keyword.Keyword 
  INFO  Locator Value: //div[@class="fb-login"]
2020-May-29 16:32:19,257 [main] com.ajio.keyword.Keyword 
  INFO  Clicked on facebookSignIn
2020-May-29 16:32:19,257 [main] com.ajio.keyword.Keyword 
  INFO  5SECONDS Explicit wait is applied!!
2020-May-29 16:32:25,437 [main] com.ajio.keyword.Keyword 
  INFO  Splitting locatorName: facebookEmail
2020-May-29 16:32:25,437 [main] com.ajio.keyword.Keyword 
  INFO  Locator Type: xpath
2020-May-29 16:32:25,437 [main] com.ajio.keyword.Keyword 
  INFO  Locator Value: //input[@id="email"]
2020-May-29 16:32:25,672 [main] com.ajio.keyword.Keyword 
  INFO  Splitting locatorName: facebookPass
2020-May-29 16:32:25,672 [main] com.ajio.keyword.Keyword 
  INFO  Locator Type: xpath
2020-May-29 16:32:25,672 [main] com.ajio.keyword.Keyword 
  INFO  Locator Value: //input[@id="pass"]
2020-May-29 16:32:25,796 [main] com.ajio.keyword.Keyword 
  INFO  Splitting locatorName: facebookLogin
2020-May-29 16:32:25,796 [main] com.ajio.keyword.Keyword 
  INFO  Locator Type: xpath
2020-May-29 16:32:25,796 [main] com.ajio.keyword.Keyword 
  INFO  Locator Value: //input[@name="login"]
2020-May-29 16:32:25,912 [main] com.ajio.keyword.Keyword 
  INFO  Clicked on facebookLogin
2020-May-29 16:32:25,912 [main] com.ajio.keyword.Keyword 
  INFO  10SECONDS Explicit wait is applied!!
2020-May-29 16:32:25,936 [main] com.ajio.keyword.Keyword 
  INFO  Splitting locatorName: signOut
2020-May-29 16:32:25,940 [main] com.ajio.keyword.Keyword 
  INFO  Locator Type: xpath
2020-May-29 16:32:25,940 [main] com.ajio.keyword.Keyword 
  INFO  Locator Value: //a[text()='Sign Out']
2020-May-29 16:32:36,377 [main] com.ajio.keyword.Keyword 
  INFO  Current browser window is Closed!!
