2020-May-29 01:17:13,425 [main] com.ajio.keyword.Keyword 
  INFO  chrome is opened!! 
2020-May-29 01:17:17,646 [main] com.ajio.keyword.Keyword 
  INFO  Maximized Browser Window!!
2020-May-29 01:17:24,293 [main] com.ajio.keyword.Keyword 
  INFO  https://www.ajio.com is launched!!
2020-May-29 01:17:26,294 [main] com.ajio.keyword.Keyword 
  INFO  Deleted All Cookies!!
2020-May-29 01:17:26,306 [main] com.ajio.keyword.Keyword 
  INFO  20SECONDS Page load timeout  is applied!!
2020-May-29 01:17:26,322 [main] com.ajio.keyword.Keyword 
  INFO  20SECONDS Implicit Wait is applied!!
2020-May-29 01:17:26,342 [main] com.ajio.keyword.Keyword 
  INFO  Splitting locatorName: signIn/JoinAjio
2020-May-29 01:17:26,350 [main] com.ajio.keyword.Keyword 
  INFO  Locator Type: xpath
2020-May-29 01:17:26,350 [main] com.ajio.keyword.Keyword 
  INFO  Locator Value: //span[@class="login-form login-modal"]
2020-May-29 01:17:26,718 [main] com.ajio.keyword.Keyword 
  INFO  Clicked on signIn/JoinAjio
2020-May-29 01:17:26,730 [main] com.ajio.keyword.Keyword 
  INFO  Splitting locatorName: facebookSignIn
2020-May-29 01:17:26,734 [main] com.ajio.keyword.Keyword 
  INFO  Locator Type: xpath
2020-May-29 01:17:26,734 [main] com.ajio.keyword.Keyword 
  INFO  Locator Value: //div[@class="fb-login"]
2020-May-29 01:17:26,998 [main] com.ajio.keyword.Keyword 
  INFO  Clicked on facebookSignIn
