2020-May-29 00:58:21,298 [main] com.ajio.keyword.Keyword 
  INFO  chrome is opened!! 
2020-May-29 00:58:25,469 [main] com.ajio.keyword.Keyword 
  INFO  Maximized Browser Window!!
2020-May-29 00:58:30,845 [main] com.ajio.keyword.Keyword 
  INFO  https://www.ajio.com is launched!!
2020-May-29 00:58:33,437 [main] com.ajio.keyword.Keyword 
  INFO  Deleted All Cookies!!
2020-May-29 00:58:33,441 [main] com.ajio.keyword.Keyword 
  INFO  20SECONDS Page load timeout  is applied!!
2020-May-29 00:58:33,445 [main] com.ajio.keyword.Keyword 
  INFO  20SECONDS Implicit Wait is applied!!
2020-May-29 00:58:33,454 [main] com.ajio.keyword.Keyword 
  INFO  Splitting locatorName: signIn/JoinAjio
2020-May-29 00:58:33,454 [main] com.ajio.keyword.Keyword 
  INFO  Locator Type: xpath
2020-May-29 00:58:33,454 [main] com.ajio.keyword.Keyword 
  INFO  Locator Value: //span[@class="login-form login-modal"]
2020-May-29 00:58:33,606 [main] com.ajio.keyword.Keyword 
  INFO  Clicked on signIn/JoinAjio
2020-May-29 00:58:33,606 [main] com.ajio.keyword.Keyword 
  INFO  Splitting locatorName: facebookSignIn
2020-May-29 00:58:33,606 [main] com.ajio.keyword.Keyword 
  INFO  Locator Type: xpath
2020-May-29 00:58:33,606 [main] com.ajio.keyword.Keyword 
  INFO  Locator Value: //div[@class="fb-login"]
2020-May-29 00:58:33,808 [main] com.ajio.keyword.Keyword 
  INFO  Clicked on facebookSignIn
2020-May-29 00:58:38,244 [main] com.ajio.keyword.Keyword 
  INFO  Current browser window is Closed!!
