2020-May-29 02:31:01,839 [main] com.ajio.keyword.Keyword 
  INFO  chrome is opened!! 
2020-May-29 02:31:06,015 [main] com.ajio.keyword.Keyword 
  INFO  Maximized Browser Window!!
2020-May-29 02:31:13,611 [main] com.ajio.keyword.Keyword 
  INFO  https://www.ajio.com is launched!!
2020-May-29 02:31:16,960 [main] com.ajio.keyword.Keyword 
  INFO  Deleted All Cookies!!
2020-May-29 02:31:16,972 [main] com.ajio.keyword.Keyword 
  INFO  20SECONDS Page load timeout  is applied!!
2020-May-29 02:31:16,980 [main] com.ajio.keyword.Keyword 
  INFO  20SECONDS Implicit Wait is applied!!
2020-May-29 02:31:16,994 [main] com.ajio.keyword.Keyword 
  INFO  Splitting locatorName: signIn/JoinAjio
2020-May-29 02:31:16,994 [main] com.ajio.keyword.Keyword 
  INFO  Locator Type: xpath
2020-May-29 02:31:16,994 [main] com.ajio.keyword.Keyword 
  INFO  Locator Value: //span[@class="login-form login-modal"]
2020-May-29 02:31:17,126 [main] com.ajio.keyword.Keyword 
  INFO  Clicked on signIn/JoinAjio
2020-May-29 02:31:17,130 [main] com.ajio.keyword.Keyword 
  INFO  Splitting locatorName: facebookSignIn
2020-May-29 02:31:17,130 [main] com.ajio.keyword.Keyword 
  INFO  Locator Type: xpath
2020-May-29 02:31:17,130 [main] com.ajio.keyword.Keyword 
  INFO  Locator Value: //div[@class="fb-login"]
2020-May-29 02:31:17,282 [main] com.ajio.keyword.Keyword 
  INFO  Clicked on facebookSignIn
2020-May-29 02:31:17,306 [main] com.ajio.keyword.Keyword 
  INFO  8SECONDS Explicit wait is applied!!
2020-May-29 02:31:22,556 [main] com.ajio.keyword.Keyword 
  INFO  Splitting locatorName: facebookEmail
2020-May-29 02:31:22,556 [main] com.ajio.keyword.Keyword 
  INFO  Locator Type: xpath
2020-May-29 02:31:22,560 [main] com.ajio.keyword.Keyword 
  INFO  Locator Value: //input[@id="email"]
