2020-May-31 01:47:07,993 [main] com.ajio.keyword.Keyword 
  INFO  https://www.ajio.com is launched!!
2020-May-31 01:47:12,274 [main] com.ajio.keyword.Keyword 
  INFO  Deleted All Cookies!!
2020-May-31 01:47:12,282 [main] com.ajio.keyword.Keyword 
  INFO  20SECONDS Page load timeout  is applied!!
2020-May-31 01:47:12,287 [main] com.ajio.keyword.Keyword 
  INFO  20SECONDS Implicit Wait is applied!!
2020-May-31 01:47:19,774 [main] com.ajio.keyword.Keyword 
  INFO  Online Shopping for Men – Clothing, Footwear, Fashion & Accessories | AJIO  :Returned Current Webpage Title!!
2020-May-31 01:47:26,611 [main] com.ajio.keyword.Keyword 
  INFO  chrome is opened!! 
2020-May-31 01:47:30,738 [main] com.ajio.keyword.Keyword 
  INFO  Maximized Browser Window!!
2020-May-31 01:47:42,448 [main] com.ajio.keyword.Keyword 
  INFO  https://www.ajio.com is launched!!
2020-May-31 01:47:46,259 [main] com.ajio.keyword.Keyword 
  INFO  Deleted All Cookies!!
2020-May-31 01:47:46,271 [main] com.ajio.keyword.Keyword 
  INFO  20SECONDS Page load timeout  is applied!!
2020-May-31 01:47:46,282 [main] com.ajio.keyword.Keyword 
  INFO  20SECONDS Implicit Wait is applied!!
2020-May-31 01:47:49,934 [main] com.ajio.keyword.Keyword 
  INFO  Online Kids fashion shopping site in India - AJIO  :Returned Current Webpage Title!!
2020-May-31 01:47:56,120 [main] com.ajio.keyword.Keyword 
  INFO  chrome is opened!! 
