2020-May-28 16:42:19,798 [main] com.ajio.keyword.Keyword 
  INFO  chrome is opened!! 
2020-May-28 16:42:24,003 [main] com.ajio.keyword.Keyword 
  INFO  Maximized Browser Window!!
2020-May-28 16:42:32,133 [main] com.ajio.keyword.Keyword 
  INFO  https://www.ajio.com is launched!!
2020-May-28 16:42:34,965 [main] com.ajio.keyword.Keyword 
  INFO  Deleted All Cookies!!
2020-May-28 16:42:34,981 [main] com.ajio.keyword.Keyword 
  INFO  20SECONDS Page load timeout  is applied!!
2020-May-28 16:42:34,993 [main] com.ajio.keyword.Keyword 
  INFO  20SECONDS Implicit Wait is applied!!
2020-May-28 16:42:35,012 [main] com.ajio.keyword.Keyword 
  INFO  Splitting locatorName: signIn/JoinAjio
2020-May-28 16:42:35,016 [main] com.ajio.keyword.Keyword 
  INFO  Locator Type: xpath
2020-May-28 16:42:35,020 [main] com.ajio.keyword.Keyword 
  INFO  Locator Value: //span[@class="login-form login-modal"]
2020-May-28 16:42:35,176 [main] com.ajio.keyword.Keyword 
  INFO  Clicked on signIn/JoinAjio
2020-May-28 16:42:35,176 [main] com.ajio.keyword.Keyword 
  INFO  Splitting locatorName: email
2020-May-28 16:42:35,176 [main] com.ajio.keyword.Keyword 
  INFO  Locator Type: xpath
2020-May-28 16:42:35,176 [main] com.ajio.keyword.Keyword 
  INFO  Locator Value: //input[@name="username"]
2020-May-28 16:42:35,464 [main] com.ajio.keyword.Keyword 
  INFO  Splitting locatorName: continue
2020-May-28 16:42:35,464 [main] com.ajio.keyword.Keyword 
  INFO  Locator Type: xpath
2020-May-28 16:42:35,464 [main] com.ajio.keyword.Keyword 
  INFO  Locator Value: //input[@value="Continue"]
2020-May-28 16:42:35,580 [main] com.ajio.keyword.Keyword 
  INFO  Clicked on continue
2020-May-28 16:42:35,580 [main] com.ajio.keyword.Keyword 
  INFO  Splitting locatorName: password
2020-May-28 16:42:35,580 [main] com.ajio.keyword.Keyword 
  INFO  Locator Type: xpath
2020-May-28 16:42:35,580 [main] com.ajio.keyword.Keyword 
  INFO  Locator Value: //input[@name="pwd"]
2020-May-28 16:42:36,697 [main] com.ajio.keyword.Keyword 
  INFO  Splitting locatorName: sendOTP
2020-May-28 16:42:36,697 [main] com.ajio.keyword.Keyword 
  INFO  Locator Type: xpath
2020-May-28 16:42:36,697 [main] com.ajio.keyword.Keyword 
  INFO  Locator Value: //input[@value="SEND OTP"]
2020-May-28 16:42:36,873 [main] com.ajio.keyword.Keyword 
  INFO  Clicked on sendOTP
2020-May-28 16:42:36,873 [main] com.ajio.keyword.Keyword 
  INFO  Splitting locatorName: passErrorMsg
2020-May-28 16:42:36,877 [main] com.ajio.keyword.Keyword 
  INFO  Locator Type: xpath
2020-May-28 16:42:36,877 [main] com.ajio.keyword.Keyword 
  INFO  Locator Value: //div[contains(text(),"Password should have")]
2020-May-28 16:42:36,945 [main] com.ajio.keyword.Keyword 
  INFO  Password should have a minimum of 8 characters with atleast one number, one alphabet and one special character. returned Text !!
2020-May-28 16:42:37,311 [main] com.ajio.keyword.Keyword 
  INFO  Current browser window is Closed!!
2020-May-28 16:42:43,566 [main] com.ajio.keyword.Keyword 
  INFO  chrome is opened!! 
2020-May-28 16:42:47,707 [main] com.ajio.keyword.Keyword 
  INFO  Maximized Browser Window!!
2020-May-28 16:42:53,378 [main] com.ajio.keyword.Keyword 
  INFO  https://www.ajio.com is launched!!
2020-May-28 16:42:56,162 [main] com.ajio.keyword.Keyword 
  INFO  Deleted All Cookies!!
2020-May-28 16:42:56,170 [main] com.ajio.keyword.Keyword 
  INFO  20SECONDS Page load timeout  is applied!!
2020-May-28 16:42:56,178 [main] com.ajio.keyword.Keyword 
  INFO  20SECONDS Implicit Wait is applied!!
2020-May-28 16:42:56,184 [main] com.ajio.keyword.Keyword 
  INFO  Splitting locatorName: signIn/JoinAjio
2020-May-28 16:42:56,184 [main] com.ajio.keyword.Keyword 
  INFO  Locator Type: xpath
2020-May-28 16:42:56,184 [main] com.ajio.keyword.Keyword 
  INFO  Locator Value: //span[@class="login-form login-modal"]
2020-May-28 16:42:56,432 [main] com.ajio.keyword.Keyword 
  INFO  Clicked on signIn/JoinAjio
2020-May-28 16:42:56,432 [main] com.ajio.keyword.Keyword 
  INFO  Splitting locatorName: email
2020-May-28 16:42:56,432 [main] com.ajio.keyword.Keyword 
  INFO  Locator Type: xpath
2020-May-28 16:42:56,436 [main] com.ajio.keyword.Keyword 
  INFO  Locator Value: //input[@name="username"]
2020-May-28 16:42:56,996 [main] com.ajio.keyword.Keyword 
  INFO  Splitting locatorName: continue
2020-May-28 16:42:56,996 [main] com.ajio.keyword.Keyword 
  INFO  Locator Type: xpath
2020-May-28 16:42:56,996 [main] com.ajio.keyword.Keyword 
  INFO  Locator Value: //input[@value="Continue"]
2020-May-28 16:42:57,184 [main] com.ajio.keyword.Keyword 
  INFO  Clicked on continue
2020-May-28 16:42:57,184 [main] com.ajio.keyword.Keyword 
  INFO  Splitting locatorName: password
2020-May-28 16:42:57,184 [main] com.ajio.keyword.Keyword 
  INFO  Locator Type: xpath
2020-May-28 16:42:57,184 [main] com.ajio.keyword.Keyword 
  INFO  Locator Value: //input[@name="pwd"]
2020-May-28 16:42:58,586 [main] com.ajio.keyword.Keyword 
  INFO  Splitting locatorName: sendOTP
2020-May-28 16:42:58,586 [main] com.ajio.keyword.Keyword 
  INFO  Locator Type: xpath
2020-May-28 16:42:58,586 [main] com.ajio.keyword.Keyword 
  INFO  Locator Value: //input[@value="SEND OTP"]
2020-May-28 16:42:58,703 [main] com.ajio.keyword.Keyword 
  INFO  Clicked on sendOTP
2020-May-28 16:42:58,703 [main] com.ajio.keyword.Keyword 
  INFO  Splitting locatorName: passErrorMsg
2020-May-28 16:42:58,703 [main] com.ajio.keyword.Keyword 
  INFO  Locator Type: xpath
2020-May-28 16:42:58,707 [main] com.ajio.keyword.Keyword 
  INFO  Locator Value: //div[contains(text(),"Password should have")]
2020-May-28 16:42:58,759 [main] com.ajio.keyword.Keyword 
  INFO  Password should have a minimum of 8 characters with atleast one number, one alphabet and one special character. returned Text !!
2020-May-28 16:42:58,961 [main] com.ajio.keyword.Keyword 
  INFO  Current browser window is Closed!!
