2020-May-29 02:34:04,562 [main] com.ajio.keyword.Keyword 
  INFO  https://www.ajio.com is launched!!
2020-May-29 02:34:09,687 [main] com.ajio.keyword.Keyword 
  INFO  Deleted All Cookies!!
2020-May-29 02:34:09,699 [main] com.ajio.keyword.Keyword 
  INFO  20SECONDS Page load timeout  is applied!!
2020-May-29 02:34:09,711 [main] com.ajio.keyword.Keyword 
  INFO  20SECONDS Implicit Wait is applied!!
2020-May-29 02:34:09,744 [main] com.ajio.keyword.Keyword 
  INFO  Splitting locatorName: signIn/JoinAjio
2020-May-29 02:34:09,748 [main] com.ajio.keyword.Keyword 
  INFO  Locator Type: xpath
2020-May-29 02:34:09,752 [main] com.ajio.keyword.Keyword 
  INFO  Locator Value: //span[@class="login-form login-modal"]
2020-May-29 02:34:09,984 [main] com.ajio.keyword.Keyword 
  INFO  Clicked on signIn/JoinAjio
2020-May-29 02:34:09,988 [main] com.ajio.keyword.Keyword 
  INFO  Splitting locatorName: facebookSignIn
2020-May-29 02:34:09,988 [main] com.ajio.keyword.Keyword 
  INFO  Locator Type: xpath
2020-May-29 02:34:09,992 [main] com.ajio.keyword.Keyword 
  INFO  Locator Value: //div[@class="fb-login"]
2020-May-29 02:34:10,140 [main] com.ajio.keyword.Keyword 
  INFO  Clicked on facebookSignIn
2020-May-29 02:34:10,164 [main] com.ajio.keyword.Keyword 
  INFO  5SECONDS Explicit wait is applied!!
2020-May-29 02:34:14,924 [main] com.ajio.keyword.Keyword 
  INFO  Splitting locatorName: facebookEmail
2020-May-29 02:34:14,924 [main] com.ajio.keyword.Keyword 
  INFO  Locator Type: xpath
2020-May-29 02:34:14,924 [main] com.ajio.keyword.Keyword 
  INFO  Locator Value: //input[@id="email"]
