2020-May-29 03:05:14,906 [main] com.ajio.keyword.Keyword 
  INFO  chrome is opened!! 
2020-May-29 03:05:19,088 [main] com.ajio.keyword.Keyword 
  INFO  Maximized Browser Window!!
2020-May-29 03:05:25,201 [main] com.ajio.keyword.Keyword 
  INFO  https://www.ajio.com is launched!!
2020-May-29 03:05:28,782 [main] com.ajio.keyword.Keyword 
  INFO  Deleted All Cookies!!
2020-May-29 03:05:28,790 [main] com.ajio.keyword.Keyword 
  INFO  20SECONDS Page load timeout  is applied!!
2020-May-29 03:05:28,798 [main] com.ajio.keyword.Keyword 
  INFO  20SECONDS Implicit Wait is applied!!
2020-May-29 03:05:28,816 [main] com.ajio.keyword.Keyword 
  INFO  Splitting locatorName: signIn/JoinAjio
2020-May-29 03:05:28,820 [main] com.ajio.keyword.Keyword 
  INFO  Locator Type: xpath
2020-May-29 03:05:28,820 [main] com.ajio.keyword.Keyword 
  INFO  Locator Value: //span[@class="login-form login-modal"]
2020-May-29 03:05:28,988 [main] com.ajio.keyword.Keyword 
  INFO  Clicked on signIn/JoinAjio
2020-May-29 03:05:29,028 [main] com.ajio.keyword.Keyword 
  INFO  3SECONDS Explicit wait is applied!!
2020-May-29 03:05:29,052 [main] com.ajio.keyword.Keyword 
  INFO  Splitting locatorName: googleSignIn
2020-May-29 03:05:29,056 [main] com.ajio.keyword.Keyword 
  INFO  Locator Type: xpath
2020-May-29 03:05:29,056 [main] com.ajio.keyword.Keyword 
  INFO  Locator Value: //span[@class="google-icon"]
