2020-May-29 16:31:39,693 [main] com.ajio.keyword.Keyword 
  INFO  chrome is opened!! 
2020-May-29 16:31:43,905 [main] com.ajio.keyword.Keyword 
  INFO  Maximized Browser Window!!
2020-May-29 16:31:49,005 [main] com.ajio.keyword.Keyword 
  INFO  https://www.ajio.com is launched!!
2020-May-29 16:31:52,881 [main] com.ajio.keyword.Keyword 
  INFO  Deleted All Cookies!!
2020-May-29 16:31:52,891 [main] com.ajio.keyword.Keyword 
  INFO  20SECONDS Page load timeout  is applied!!
2020-May-29 16:31:52,901 [main] com.ajio.keyword.Keyword 
  INFO  20SECONDS Implicit Wait is applied!!
2020-May-29 16:31:52,920 [main] com.ajio.keyword.Keyword 
  INFO  Splitting locatorName: signIn/JoinAjio
2020-May-29 16:31:52,930 [main] com.ajio.keyword.Keyword 
  INFO  Locator Type: xpath
2020-May-29 16:31:52,930 [main] com.ajio.keyword.Keyword 
  INFO  Locator Value: //span[@class="login-form login-modal"]
2020-May-29 16:31:53,196 [main] com.ajio.keyword.Keyword 
  INFO  Clicked on signIn/JoinAjio
2020-May-29 16:31:53,196 [main] com.ajio.keyword.Keyword 
  INFO  Splitting locatorName: email
2020-May-29 16:31:53,200 [main] com.ajio.keyword.Keyword 
  INFO  Locator Type: xpath
2020-May-29 16:31:53,200 [main] com.ajio.keyword.Keyword 
  INFO  Locator Value: //input[@name="username"]
2020-May-29 16:31:53,468 [main] com.ajio.keyword.Keyword 
  INFO  Splitting locatorName: continue
2020-May-29 16:31:53,468 [main] com.ajio.keyword.Keyword 
  INFO  Locator Type: xpath
2020-May-29 16:31:53,468 [main] com.ajio.keyword.Keyword 
  INFO  Locator Value: //input[@value="Continue"]
2020-May-29 16:31:53,579 [main] com.ajio.keyword.Keyword 
  INFO  Clicked on continue
2020-May-29 16:31:53,579 [main] com.ajio.keyword.Keyword 
  INFO  Splitting locatorName: loginpassword
2020-May-29 16:31:53,579 [main] com.ajio.keyword.Keyword 
  INFO  Locator Type: xpath
2020-May-29 16:31:53,583 [main] com.ajio.keyword.Keyword 
  INFO  Locator Value: //input[@name="password"]
2020-May-29 16:31:54,656 [main] com.ajio.keyword.Keyword 
  INFO  Splitting locatorName: startShopping
2020-May-29 16:31:54,656 [main] com.ajio.keyword.Keyword 
  INFO  Locator Type: xpath
2020-May-29 16:31:54,660 [main] com.ajio.keyword.Keyword 
  INFO  Locator Value: //input[@value="START SHOPPING"]
2020-May-29 16:31:54,749 [main] com.ajio.keyword.Keyword 
  INFO  Clicked on startShopping
2020-May-29 16:31:54,769 [main] com.ajio.keyword.Keyword 
  INFO  10SECONDS Explicit wait is applied!!
2020-May-29 16:31:54,769 [main] com.ajio.keyword.Keyword 
  INFO  Splitting locatorName: signOut
2020-May-29 16:31:54,769 [main] com.ajio.keyword.Keyword 
  INFO  Locator Type: xpath
2020-May-29 16:31:54,769 [main] com.ajio.keyword.Keyword 
  INFO  Locator Value: //a[text()='Sign Out']
2020-May-29 16:31:59,646 [main] com.ajio.keyword.Keyword 
  INFO  Current browser window is Closed!!
