2020-May-29 02:00:30,483 [main] com.ajio.keyword.Keyword 
  INFO  chrome is opened!! 
2020-May-29 02:00:34,674 [main] com.ajio.keyword.Keyword 
  INFO  Maximized Browser Window!!
2020-May-29 02:00:41,325 [main] com.ajio.keyword.Keyword 
  INFO  https://www.ajio.com is launched!!
2020-May-29 02:00:44,916 [main] com.ajio.keyword.Keyword 
  INFO  Deleted All Cookies!!
2020-May-29 02:00:44,924 [main] com.ajio.keyword.Keyword 
  INFO  20SECONDS Page load timeout  is applied!!
2020-May-29 02:00:44,936 [main] com.ajio.keyword.Keyword 
  INFO  20SECONDS Implicit Wait is applied!!
2020-May-29 02:00:44,946 [main] com.ajio.keyword.Keyword 
  INFO  Splitting locatorName: signIn/JoinAjio
2020-May-29 02:00:44,947 [main] com.ajio.keyword.Keyword 
  INFO  Locator Type: xpath
2020-May-29 02:00:44,947 [main] com.ajio.keyword.Keyword 
  INFO  Locator Value: //span[@class="login-form login-modal"]
2020-May-29 02:00:45,313 [main] com.ajio.keyword.Keyword 
  INFO  Clicked on signIn/JoinAjio
2020-May-29 02:00:45,327 [main] com.ajio.keyword.Keyword 
  INFO  Splitting locatorName: facebookSignIn
2020-May-29 02:00:45,327 [main] com.ajio.keyword.Keyword 
  INFO  Locator Type: xpath
2020-May-29 02:00:45,331 [main] com.ajio.keyword.Keyword 
  INFO  Locator Value: //div[@class="fb-login"]
2020-May-29 02:00:45,522 [main] com.ajio.keyword.Keyword 
  INFO  Clicked on facebookSignIn
2020-May-29 02:00:45,550 [main] com.ajio.keyword.Keyword 
  INFO  8SECONDS Explicit wait is applied!!
2020-May-29 02:00:45,772 [main] com.ajio.keyword.Keyword 
  INFO  Current browser window is Closed!!
