2020-May-29 01:29:28,811 [main] com.ajio.keyword.Keyword 
  INFO  chrome is opened!! 
2020-May-29 01:29:32,983 [main] com.ajio.keyword.Keyword 
  INFO  Maximized Browser Window!!
2020-May-29 01:29:38,815 [main] com.ajio.keyword.Keyword 
  INFO  https://www.ajio.com is launched!!
2020-May-29 01:29:41,868 [main] com.ajio.keyword.Keyword 
  INFO  Deleted All Cookies!!
2020-May-29 01:29:41,876 [main] com.ajio.keyword.Keyword 
  INFO  20SECONDS Page load timeout  is applied!!
2020-May-29 01:29:41,884 [main] com.ajio.keyword.Keyword 
  INFO  20SECONDS Implicit Wait is applied!!
2020-May-29 01:29:41,901 [main] com.ajio.keyword.Keyword 
  INFO  Splitting locatorName: signIn/JoinAjio
2020-May-29 01:29:41,908 [main] com.ajio.keyword.Keyword 
  INFO  Locator Type: xpath
2020-May-29 01:29:41,908 [main] com.ajio.keyword.Keyword 
  INFO  Locator Value: //span[@class="login-form login-modal"]
2020-May-29 01:29:42,052 [main] com.ajio.keyword.Keyword 
  INFO  Clicked on signIn/JoinAjio
2020-May-29 01:29:42,056 [main] com.ajio.keyword.Keyword 
  INFO  Splitting locatorName: facebookSignIn
2020-May-29 01:29:42,056 [main] com.ajio.keyword.Keyword 
  INFO  Locator Type: xpath
2020-May-29 01:29:42,056 [main] com.ajio.keyword.Keyword 
  INFO  Locator Value: //div[@class="fb-login"]
2020-May-29 01:29:42,248 [main] com.ajio.keyword.Keyword 
  INFO  Clicked on facebookSignIn
2020-May-29 01:29:42,280 [main] com.ajio.keyword.Keyword 
  INFO  5SECONDS Explicit wait is applied!!
