2020-May-28 17:23:04,597 [main] com.ajio.keyword.Keyword 
  INFO  chrome is opened!! 
2020-May-28 17:23:08,744 [main] com.ajio.keyword.Keyword 
  INFO  Maximized Browser Window!!
2020-May-28 17:23:17,847 [main] com.ajio.keyword.Keyword 
  INFO  https://www.ajio.com is launched!!
2020-May-28 17:23:22,107 [main] com.ajio.keyword.Keyword 
  INFO  Deleted All Cookies!!
2020-May-28 17:23:22,115 [main] com.ajio.keyword.Keyword 
  INFO  20SECONDS Page load timeout  is applied!!
2020-May-28 17:23:22,119 [main] com.ajio.keyword.Keyword 
  INFO  20SECONDS Implicit Wait is applied!!
2020-May-28 17:23:22,123 [main] com.ajio.keyword.Keyword 
  INFO  Splitting locatorName: signIn/JoinAjio
2020-May-28 17:23:22,123 [main] com.ajio.keyword.Keyword 
  INFO  Locator Type: xpath
2020-May-28 17:23:22,127 [main] com.ajio.keyword.Keyword 
  INFO  Locator Value: //span[@class="login-form login-modal"]
2020-May-28 17:23:22,297 [main] com.ajio.keyword.Keyword 
  INFO  Clicked on signIn/JoinAjio
2020-May-28 17:23:22,297 [main] com.ajio.keyword.Keyword 
  INFO  Splitting locatorName: email
2020-May-28 17:23:22,297 [main] com.ajio.keyword.Keyword 
  INFO  Locator Type: xpath
2020-May-28 17:23:22,297 [main] com.ajio.keyword.Keyword 
  INFO  Locator Value: //input[@name="username"]
2020-May-28 17:23:22,605 [main] com.ajio.keyword.Keyword 
  INFO  Splitting locatorName: continue
2020-May-28 17:23:22,605 [main] com.ajio.keyword.Keyword 
  INFO  Locator Type: xpath
2020-May-28 17:23:22,609 [main] com.ajio.keyword.Keyword 
  INFO  Locator Value: //input[@value="Continue"]
2020-May-28 17:23:22,726 [main] com.ajio.keyword.Keyword 
  INFO  Clicked on continue
2020-May-28 17:23:22,726 [main] com.ajio.keyword.Keyword 
  INFO  Splitting locatorName: name
2020-May-28 17:23:22,726 [main] com.ajio.keyword.Keyword 
  INFO  Locator Type: xpath
2020-May-28 17:23:22,726 [main] com.ajio.keyword.Keyword 
  INFO  Locator Value: //input[@name="user-name"]
2020-May-28 17:23:23,963 [main] com.ajio.keyword.Keyword 
  INFO  Splitting locatorName: sendOTP
2020-May-28 17:23:23,963 [main] com.ajio.keyword.Keyword 
  INFO  Locator Type: xpath
2020-May-28 17:23:23,963 [main] com.ajio.keyword.Keyword 
  INFO  Locator Value: //input[@value="SEND OTP"]
2020-May-28 17:23:24,261 [main] com.ajio.keyword.Keyword 
  INFO  Clicked on sendOTP
2020-May-28 17:23:24,261 [main] com.ajio.keyword.Keyword 
  INFO  Splitting locatorName: nameErrorMsg
2020-May-28 17:23:24,261 [main] com.ajio.keyword.Keyword 
  INFO  Locator Type: xpath
2020-May-28 17:23:24,261 [main] com.ajio.keyword.Keyword 
  INFO  Locator Value: //div[text()='Use only alphabets and an optional single space between words.']
2020-May-28 17:23:24,409 [main] com.ajio.keyword.Keyword 
  INFO  Use only alphabets and an optional single space between words. returned Text !!
2020-May-28 17:23:24,986 [main] com.ajio.keyword.Keyword 
  INFO  Current browser window is Closed!!
2020-May-28 17:23:30,995 [main] com.ajio.keyword.Keyword 
  INFO  chrome is opened!! 
2020-May-28 17:23:35,160 [main] com.ajio.keyword.Keyword 
  INFO  Maximized Browser Window!!
2020-May-28 17:23:40,788 [main] com.ajio.keyword.Keyword 
  INFO  https://www.ajio.com is launched!!
2020-May-28 17:23:44,153 [main] com.ajio.keyword.Keyword 
  INFO  Deleted All Cookies!!
2020-May-28 17:23:44,161 [main] com.ajio.keyword.Keyword 
  INFO  20SECONDS Page load timeout  is applied!!
2020-May-28 17:23:44,173 [main] com.ajio.keyword.Keyword 
  INFO  20SECONDS Implicit Wait is applied!!
2020-May-28 17:23:44,180 [main] com.ajio.keyword.Keyword 
  INFO  Splitting locatorName: signIn/JoinAjio
2020-May-28 17:23:44,180 [main] com.ajio.keyword.Keyword 
  INFO  Locator Type: xpath
2020-May-28 17:23:44,180 [main] com.ajio.keyword.Keyword 
  INFO  Locator Value: //span[@class="login-form login-modal"]
2020-May-28 17:23:44,356 [main] com.ajio.keyword.Keyword 
  INFO  Clicked on signIn/JoinAjio
2020-May-28 17:23:44,356 [main] com.ajio.keyword.Keyword 
  INFO  Splitting locatorName: email
2020-May-28 17:23:44,356 [main] com.ajio.keyword.Keyword 
  INFO  Locator Type: xpath
2020-May-28 17:23:44,356 [main] com.ajio.keyword.Keyword 
  INFO  Locator Value: //input[@name="username"]
2020-May-28 17:23:44,693 [main] com.ajio.keyword.Keyword 
  INFO  Splitting locatorName: continue
2020-May-28 17:23:44,693 [main] com.ajio.keyword.Keyword 
  INFO  Locator Type: xpath
2020-May-28 17:23:44,693 [main] com.ajio.keyword.Keyword 
  INFO  Locator Value: //input[@value="Continue"]
2020-May-28 17:23:44,861 [main] com.ajio.keyword.Keyword 
  INFO  Clicked on continue
2020-May-28 17:23:44,861 [main] com.ajio.keyword.Keyword 
  INFO  Splitting locatorName: name
2020-May-28 17:23:44,861 [main] com.ajio.keyword.Keyword 
  INFO  Locator Type: xpath
2020-May-28 17:23:44,861 [main] com.ajio.keyword.Keyword 
  INFO  Locator Value: //input[@name="user-name"]
2020-May-28 17:23:46,071 [main] com.ajio.keyword.Keyword 
  INFO  Splitting locatorName: sendOTP
2020-May-28 17:23:46,071 [main] com.ajio.keyword.Keyword 
  INFO  Locator Type: xpath
2020-May-28 17:23:46,071 [main] com.ajio.keyword.Keyword 
  INFO  Locator Value: //input[@value="SEND OTP"]
2020-May-28 17:23:46,171 [main] com.ajio.keyword.Keyword 
  INFO  Clicked on sendOTP
2020-May-28 17:23:46,171 [main] com.ajio.keyword.Keyword 
  INFO  Splitting locatorName: nameErrorMsg
2020-May-28 17:23:46,175 [main] com.ajio.keyword.Keyword 
  INFO  Locator Type: xpath
2020-May-28 17:23:46,175 [main] com.ajio.keyword.Keyword 
  INFO  Locator Value: //div[text()='Use only alphabets and an optional single space between words.']
2020-May-28 17:23:46,211 [main] com.ajio.keyword.Keyword 
  INFO  Use only alphabets and an optional single space between words. returned Text !!
2020-May-28 17:23:46,432 [main] com.ajio.keyword.Keyword 
  INFO  Current browser window is Closed!!
2020-May-28 17:23:52,817 [main] com.ajio.keyword.Keyword 
  INFO  chrome is opened!! 
2020-May-28 17:23:56,964 [main] com.ajio.keyword.Keyword 
  INFO  Maximized Browser Window!!
