2020-May-28 16:48:08,845 [main] com.ajio.keyword.Keyword 
  INFO  chrome is opened!! 
2020-May-28 16:48:13,014 [main] com.ajio.keyword.Keyword 
  INFO  Maximized Browser Window!!
2020-May-28 16:48:18,586 [main] com.ajio.keyword.Keyword 
  INFO  https://www.ajio.com is launched!!
2020-May-28 16:48:21,965 [main] com.ajio.keyword.Keyword 
  INFO  Deleted All Cookies!!
2020-May-28 16:48:21,973 [main] com.ajio.keyword.Keyword 
  INFO  20SECONDS Page load timeout  is applied!!
2020-May-28 16:48:21,977 [main] com.ajio.keyword.Keyword 
  INFO  20SECONDS Implicit Wait is applied!!
2020-May-28 16:48:21,987 [main] com.ajio.keyword.Keyword 
  INFO  Splitting locatorName: signIn/JoinAjio
2020-May-28 16:48:21,987 [main] com.ajio.keyword.Keyword 
  INFO  Locator Type: xpath
2020-May-28 16:48:21,987 [main] com.ajio.keyword.Keyword 
  INFO  Locator Value: //span[@class="login-form login-modal"]
2020-May-28 16:48:22,151 [main] com.ajio.keyword.Keyword 
  INFO  Clicked on signIn/JoinAjio
2020-May-28 16:48:22,151 [main] com.ajio.keyword.Keyword 
  INFO  Splitting locatorName: email
2020-May-28 16:48:22,155 [main] com.ajio.keyword.Keyword 
  INFO  Locator Type: xpath
2020-May-28 16:48:22,155 [main] com.ajio.keyword.Keyword 
  INFO  Locator Value: //input[@name="username"]
2020-May-28 16:48:22,455 [main] com.ajio.keyword.Keyword 
  INFO  Splitting locatorName: continue
2020-May-28 16:48:22,455 [main] com.ajio.keyword.Keyword 
  INFO  Locator Type: xpath
2020-May-28 16:48:22,455 [main] com.ajio.keyword.Keyword 
  INFO  Locator Value: //input[@value="Continue"]
2020-May-28 16:48:22,567 [main] com.ajio.keyword.Keyword 
  INFO  Clicked on continue
2020-May-28 16:48:22,567 [main] com.ajio.keyword.Keyword 
  INFO  Splitting locatorName: pass
2020-May-28 16:48:23,539 [main] com.ajio.keyword.Keyword 
  INFO  Screenshot taken Successfully!!
2020-May-28 16:48:23,839 [main] com.ajio.keyword.Keyword 
  INFO  Current browser window is Closed!!
2020-May-28 16:48:29,632 [main] com.ajio.keyword.Keyword 
  INFO  chrome is opened!! 
2020-May-28 16:48:33,776 [main] com.ajio.keyword.Keyword 
  INFO  Maximized Browser Window!!
2020-May-28 16:48:40,264 [main] com.ajio.keyword.Keyword 
  INFO  https://www.ajio.com is launched!!
2020-May-28 16:48:43,551 [main] com.ajio.keyword.Keyword 
  INFO  Deleted All Cookies!!
2020-May-28 16:48:43,559 [main] com.ajio.keyword.Keyword 
  INFO  20SECONDS Page load timeout  is applied!!
2020-May-28 16:48:43,567 [main] com.ajio.keyword.Keyword 
  INFO  20SECONDS Implicit Wait is applied!!
2020-May-28 16:48:43,574 [main] com.ajio.keyword.Keyword 
  INFO  Splitting locatorName: signIn/JoinAjio
2020-May-28 16:48:43,574 [main] com.ajio.keyword.Keyword 
  INFO  Locator Type: xpath
2020-May-28 16:48:43,578 [main] com.ajio.keyword.Keyword 
  INFO  Locator Value: //span[@class="login-form login-modal"]
2020-May-28 16:48:43,750 [main] com.ajio.keyword.Keyword 
  INFO  Clicked on signIn/JoinAjio
2020-May-28 16:48:43,750 [main] com.ajio.keyword.Keyword 
  INFO  Splitting locatorName: email
2020-May-28 16:48:43,750 [main] com.ajio.keyword.Keyword 
  INFO  Locator Type: xpath
2020-May-28 16:48:43,750 [main] com.ajio.keyword.Keyword 
  INFO  Locator Value: //input[@name="username"]
2020-May-28 16:48:43,986 [main] com.ajio.keyword.Keyword 
  INFO  Splitting locatorName: continue
2020-May-28 16:48:43,986 [main] com.ajio.keyword.Keyword 
  INFO  Locator Type: xpath
2020-May-28 16:48:43,986 [main] com.ajio.keyword.Keyword 
  INFO  Locator Value: //input[@value="Continue"]
2020-May-28 16:48:44,066 [main] com.ajio.keyword.Keyword 
  INFO  Clicked on continue
2020-May-28 16:48:44,066 [main] com.ajio.keyword.Keyword 
  INFO  Splitting locatorName: pass
2020-May-28 16:48:44,850 [main] com.ajio.keyword.Keyword 
  INFO  Screenshot taken Successfully!!
2020-May-28 16:48:49,008 [main] com.ajio.keyword.Keyword 
  INFO  Current browser window is Closed!!
