2020-May-29 03:01:21,570 [main] com.ajio.keyword.Keyword 
  INFO  chrome is opened!! 
2020-May-29 03:01:25,736 [main] com.ajio.keyword.Keyword 
  INFO  Maximized Browser Window!!
2020-May-29 03:01:32,708 [main] com.ajio.keyword.Keyword 
  INFO  https://www.ajio.com is launched!!
2020-May-29 03:01:35,682 [main] com.ajio.keyword.Keyword 
  INFO  Deleted All Cookies!!
2020-May-29 03:01:35,686 [main] com.ajio.keyword.Keyword 
  INFO  20SECONDS Page load timeout  is applied!!
2020-May-29 03:01:35,694 [main] com.ajio.keyword.Keyword 
  INFO  20SECONDS Implicit Wait is applied!!
2020-May-29 03:01:35,703 [main] com.ajio.keyword.Keyword 
  INFO  Splitting locatorName: signIn/JoinAjio
2020-May-29 03:01:35,707 [main] com.ajio.keyword.Keyword 
  INFO  Locator Type: xpath
2020-May-29 03:01:35,711 [main] com.ajio.keyword.Keyword 
  INFO  Locator Value: //span[@class="login-form login-modal"]
2020-May-29 03:01:35,863 [main] com.ajio.keyword.Keyword 
  INFO  Clicked on signIn/JoinAjio
2020-May-29 03:01:35,871 [main] com.ajio.keyword.Keyword 
  INFO  Splitting locatorName: googleSignIn
2020-May-29 03:01:35,871 [main] com.ajio.keyword.Keyword 
  INFO  Locator Type: xpath
2020-May-29 03:01:35,871 [main] com.ajio.keyword.Keyword 
  INFO  Locator Value: //span[@class="google-icon"]
2020-May-29 03:01:35,991 [main] com.ajio.keyword.Keyword 
  INFO  Clicked on googleSignIn
