2020-May-29 01:59:04,390 [main] com.ajio.keyword.Keyword 
  INFO  chrome is opened!! 
2020-May-29 01:59:08,582 [main] com.ajio.keyword.Keyword 
  INFO  Maximized Browser Window!!
2020-May-29 01:59:17,178 [main] com.ajio.keyword.Keyword 
  INFO  https://www.ajio.com is launched!!
2020-May-29 01:59:20,364 [main] com.ajio.keyword.Keyword 
  INFO  Deleted All Cookies!!
2020-May-29 01:59:20,379 [main] com.ajio.keyword.Keyword 
  INFO  20SECONDS Page load timeout  is applied!!
2020-May-29 01:59:20,391 [main] com.ajio.keyword.Keyword 
  INFO  20SECONDS Implicit Wait is applied!!
2020-May-29 01:59:20,419 [main] com.ajio.keyword.Keyword 
  INFO  Splitting locatorName: signIn/JoinAjio
2020-May-29 01:59:20,471 [main] com.ajio.keyword.Keyword 
  INFO  Locator Type: xpath
2020-May-29 01:59:20,475 [main] com.ajio.keyword.Keyword 
  INFO  Locator Value: //span[@class="login-form login-modal"]
2020-May-29 01:59:20,709 [main] com.ajio.keyword.Keyword 
  INFO  Clicked on signIn/JoinAjio
2020-May-29 01:59:20,713 [main] com.ajio.keyword.Keyword 
  INFO  Splitting locatorName: facebookSignIn
2020-May-29 01:59:20,713 [main] com.ajio.keyword.Keyword 
  INFO  Locator Type: xpath
2020-May-29 01:59:20,713 [main] com.ajio.keyword.Keyword 
  INFO  Locator Value: //div[@class="fb-login"]
2020-May-29 01:59:20,877 [main] com.ajio.keyword.Keyword 
  INFO  Clicked on facebookSignIn
2020-May-29 01:59:20,921 [main] com.ajio.keyword.Keyword 
  INFO  5SECONDS Explicit wait is applied!!
2020-May-29 01:59:21,781 [main] com.ajio.keyword.Keyword 
  INFO  Current browser window is Closed!!
